Removed Pin From Net: NetName=NetJ3_1 Pin=J3-1
Removed Pin From Net: NetName=GND Pin=J3-2
Removed Pin From Net: NetName=NetJ3_1 Pin=J3-3
Removed Pin From Net: NetName=GND Pin=J3-4
Removed Member From Class: ClassName=ADC_Sensors Member=J3
Change Component Comment : Designator=R6 Old Comment=340k New Comment=324k
Change component parameters: Designator = "C3"; Footprint = "CAPC1608N(0603")"; UniqueID = "\IMNXVNBN\SHLGVPUA"
Change component parameters. Clean all parameters for all variants
Change component parameters (AddParameter): Name = "Created By"; Value = "Ashwin Sira"; VariantName = "[No Variations]"
Change component parameters (AddParameter): Name = "LatestRevisionDate"; Value = ""; VariantName = "[No Variations]"
Change component parameters (AddParameter): Name = "LatestRevisionNote"; Value = ""; VariantName = "[No Variations]"
Change component parameters (AddParameter): Name = "MFG"; Value = "TDK"; VariantName = "[No Variations]"
Change component parameters (AddParameter): Name = "MFG#"; Value = "CGA3E3X7S2A104K080AB"; VariantName = "[No Variations]"
Change component parameters (AddParameter): Name = "PackageDescription"; Value = "Chip Capacitor"; VariantName = "[No Variations]"
Change component parameters (AddParameter): Name = "Published"; Value = "16-04-26"; VariantName = "[No Variations]"
Change component parameters (AddParameter): Name = "Publisher"; Value = "AUVic"; VariantName = "[No Variations]"
Change component parameters (AddParameter): Name = "Supplier 1"; Value = "Digi-Key"; VariantName = "[No Variations]"
Change component parameters (AddParameter): Name = "Supplier Part Number 1"; Value = "445-6938-1-ND"; VariantName = "[No Variations]"
Change component parameters (AddParameter): Name = "Value"; Value = "0.1µF"; VariantName = "[No Variations]"
Change component parameters: Designator = "C4"; Footprint = "CAPC1608N(0603")"; UniqueID = "\IMNXVNBN\IDPWQSAI"
Change component parameters. Clean all parameters for all variants
Change component parameters (AddParameter): Name = "Created By"; Value = "Ashwin Sira"; VariantName = "[No Variations]"
Change component parameters (AddParameter): Name = "LatestRevisionDate"; Value = ""; VariantName = "[No Variations]"
Change component parameters (AddParameter): Name = "LatestRevisionNote"; Value = ""; VariantName = "[No Variations]"
Change component parameters (AddParameter): Name = "MFG"; Value = "TDK"; VariantName = "[No Variations]"
Change component parameters (AddParameter): Name = "MFG#"; Value = "CGA3E3X7S2A104K080AB"; VariantName = "[No Variations]"
Change component parameters (AddParameter): Name = "PackageDescription"; Value = "Chip Capacitor"; VariantName = "[No Variations]"
Change component parameters (AddParameter): Name = "Published"; Value = "16-04-26"; VariantName = "[No Variations]"
Change component parameters (AddParameter): Name = "Publisher"; Value = "AUVic"; VariantName = "[No Variations]"
Change component parameters (AddParameter): Name = "Supplier 1"; Value = "Digi-Key"; VariantName = "[No Variations]"
Change component parameters (AddParameter): Name = "Supplier Part Number 1"; Value = "445-6938-1-ND"; VariantName = "[No Variations]"
Change component parameters (AddParameter): Name = "Value"; Value = "0.1µF"; VariantName = "[No Variations]"
Change component parameters: Designator = "C5"; Footprint = "CAPC1608N(0603")"; UniqueID = "\IMNXVNBN\CNHMEYDM"
Change component parameters. Clean all parameters for all variants
Change component parameters (AddParameter): Name = "Created By"; Value = "Ashwin Sira"; VariantName = "[No Variations]"
Change component parameters (AddParameter): Name = "LatestRevisionDate"; Value = ""; VariantName = "[No Variations]"
Change component parameters (AddParameter): Name = "LatestRevisionNote"; Value = ""; VariantName = "[No Variations]"
Change component parameters (AddParameter): Name = "MFG"; Value = "TDK"; VariantName = "[No Variations]"
Change component parameters (AddParameter): Name = "MFG#"; Value = "CGA3E3X7S2A104K080AB"; VariantName = "[No Variations]"
Change component parameters (AddParameter): Name = "PackageDescription"; Value = "Chip Capacitor"; VariantName = "[No Variations]"
Change component parameters (AddParameter): Name = "Published"; Value = "16-04-26"; VariantName = "[No Variations]"
Change component parameters (AddParameter): Name = "Publisher"; Value = "AUVic"; VariantName = "[No Variations]"
Change component parameters (AddParameter): Name = "Supplier 1"; Value = "Digi-Key"; VariantName = "[No Variations]"
Change component parameters (AddParameter): Name = "Supplier Part Number 1"; Value = "445-6938-1-ND"; VariantName = "[No Variations]"
Change component parameters (AddParameter): Name = "Value"; Value = "0.1µF"; VariantName = "[No Variations]"
Change component parameters: Designator = "C6"; Footprint = "CAPC1608N(0603")"; UniqueID = "\IMNXVNBN\FONRYRBR"
Change component parameters. Clean all parameters for all variants
Change component parameters (AddParameter): Name = "Created By"; Value = "Ashwin Sira"; VariantName = "[No Variations]"
Change component parameters (AddParameter): Name = "LatestRevisionDate"; Value = ""; VariantName = "[No Variations]"
Change component parameters (AddParameter): Name = "LatestRevisionNote"; Value = ""; VariantName = "[No Variations]"
Change component parameters (AddParameter): Name = "MFG"; Value = "TDK"; VariantName = "[No Variations]"
Change component parameters (AddParameter): Name = "MFG#"; Value = "CGA3E3X7S2A104K080AB"; VariantName = "[No Variations]"
Change component parameters (AddParameter): Name = "PackageDescription"; Value = "Chip Capacitor"; VariantName = "[No Variations]"
Change component parameters (AddParameter): Name = "Published"; Value = "16-04-26"; VariantName = "[No Variations]"
Change component parameters (AddParameter): Name = "Publisher"; Value = "AUVic"; VariantName = "[No Variations]"
Change component parameters (AddParameter): Name = "Supplier 1"; Value = "Digi-Key"; VariantName = "[No Variations]"
Change component parameters (AddParameter): Name = "Supplier Part Number 1"; Value = "445-6938-1-ND"; VariantName = "[No Variations]"
Change component parameters (AddParameter): Name = "Value"; Value = "0.1µF"; VariantName = "[No Variations]"
Change component parameters: Designator = "C7"; Footprint = "CAPC1608N(0603")"; UniqueID = "\IMNXVNBN\XEPQECOD"
Change component parameters. Clean all parameters for all variants
Change component parameters (AddParameter): Name = "Created By"; Value = "Andy Bates"; VariantName = "[No Variations]"
Change component parameters (AddParameter): Name = "LatestRevisionDate"; Value = ""; VariantName = "[No Variations]"
Change component parameters (AddParameter): Name = "LatestRevisionNote"; Value = ""; VariantName = "[No Variations]"
Change component parameters (AddParameter): Name = "MFG"; Value = "Murata-Electronics-North-America"; VariantName = "[No Variations]"
Change component parameters (AddParameter): Name = "MFG#"; Value = "GRM188R61E105KA12D"; VariantName = "[No Variations]"
Change component parameters (AddParameter): Name = "PackageDescription"; Value = "Chip Capacitor"; VariantName = "[No Variations]"
Change component parameters (AddParameter): Name = "Published"; Value = "16-06-27"; VariantName = "[No Variations]"
Change component parameters (AddParameter): Name = "Publisher"; Value = "AUVic"; VariantName = "[No Variations]"
Change component parameters (AddParameter): Name = "Supplier 1"; Value = "Digi-Key"; VariantName = "[No Variations]"
Change component parameters (AddParameter): Name = "Supplier Part Number 1"; Value = "490-3897-1-ND"; VariantName = "[No Variations]"
Change component parameters (AddParameter): Name = "Value"; Value = "1µF"; VariantName = "[No Variations]"
Change component parameters: Designator = "C8"; Footprint = "CAPC1608N(0603")"; UniqueID = "\BKHIJRWV\AGUQKEUX"
Change component parameters. Clean all parameters for all variants
Change component parameters (AddParameter): Name = "Created By"; Value = "Andy Bates"; VariantName = "[No Variations]"
Change component parameters (AddParameter): Name = "LatestRevisionDate"; Value = ""; VariantName = "[No Variations]"
Change component parameters (AddParameter): Name = "LatestRevisionNote"; Value = ""; VariantName = "[No Variations]"
Change component parameters (AddParameter): Name = "MFG"; Value = "Murata-Electronics-North-America"; VariantName = "[No Variations]"
Change component parameters (AddParameter): Name = "MFG#"; Value = "GRM188R61E105KA12D"; VariantName = "[No Variations]"
Change component parameters (AddParameter): Name = "PackageDescription"; Value = "Chip Capacitor"; VariantName = "[No Variations]"
Change component parameters (AddParameter): Name = "Published"; Value = "16-06-27"; VariantName = "[No Variations]"
Change component parameters (AddParameter): Name = "Publisher"; Value = "AUVic"; VariantName = "[No Variations]"
Change component parameters (AddParameter): Name = "Supplier 1"; Value = "Digi-Key"; VariantName = "[No Variations]"
Change component parameters (AddParameter): Name = "Supplier Part Number 1"; Value = "490-3897-1-ND"; VariantName = "[No Variations]"
Change component parameters (AddParameter): Name = "Value"; Value = "1µF"; VariantName = "[No Variations]"
Change component parameters: Designator = "C18"; Footprint = "CAPC1608N(0603")"; UniqueID = "\IMNXVNBN\FTRFVEOA"
Change component parameters. Clean all parameters for all variants
Change component parameters (AddParameter): Name = "Created By"; Value = "Ashwin Sira"; VariantName = "[No Variations]"
Change component parameters (AddParameter): Name = "LatestRevisionDate"; Value = ""; VariantName = "[No Variations]"
Change component parameters (AddParameter): Name = "LatestRevisionNote"; Value = ""; VariantName = "[No Variations]"
Change component parameters (AddParameter): Name = "MFG"; Value = "TDK"; VariantName = "[No Variations]"
Change component parameters (AddParameter): Name = "MFG#"; Value = "CGA3E3X7S2A104K080AB"; VariantName = "[No Variations]"
Change component parameters (AddParameter): Name = "PackageDescription"; Value = "Chip Capacitor"; VariantName = "[No Variations]"
Change component parameters (AddParameter): Name = "Published"; Value = "16-04-26"; VariantName = "[No Variations]"
Change component parameters (AddParameter): Name = "Publisher"; Value = "AUVic"; VariantName = "[No Variations]"
Change component parameters (AddParameter): Name = "Supplier 1"; Value = "Digi-Key"; VariantName = "[No Variations]"
Change component parameters (AddParameter): Name = "Supplier Part Number 1"; Value = "445-6938-1-ND"; VariantName = "[No Variations]"
Change component parameters (AddParameter): Name = "Value"; Value = "0.1µF"; VariantName = "[No Variations]"
Change component parameters: Designator = "C19"; Footprint = "CAPC1608N(0603")"; UniqueID = "\IMNXVNBN\QOPXSMQS"
Change component parameters. Clean all parameters for all variants
Change component parameters (AddParameter): Name = "Created By"; Value = "Ashwin Sira"; VariantName = "[No Variations]"
Change component parameters (AddParameter): Name = "LatestRevisionDate"; Value = ""; VariantName = "[No Variations]"
Change component parameters (AddParameter): Name = "LatestRevisionNote"; Value = ""; VariantName = "[No Variations]"
Change component parameters (AddParameter): Name = "MFG"; Value = "TDK"; VariantName = "[No Variations]"
Change component parameters (AddParameter): Name = "MFG#"; Value = "CGA3E3X7S2A104K080AB"; VariantName = "[No Variations]"
Change component parameters (AddParameter): Name = "PackageDescription"; Value = "Chip Capacitor"; VariantName = "[No Variations]"
Change component parameters (AddParameter): Name = "Published"; Value = "16-04-26"; VariantName = "[No Variations]"
Change component parameters (AddParameter): Name = "Publisher"; Value = "AUVic"; VariantName = "[No Variations]"
Change component parameters (AddParameter): Name = "Supplier 1"; Value = "Digi-Key"; VariantName = "[No Variations]"
Change component parameters (AddParameter): Name = "Supplier Part Number 1"; Value = "445-6938-1-ND"; VariantName = "[No Variations]"
Change component parameters (AddParameter): Name = "Value"; Value = "0.1µF"; VariantName = "[No Variations]"
Change component parameters: Designator = "C20"; Footprint = "CAPC1608N(0603")"; UniqueID = "\IMNXVNBN\VIYGJQMH"
Change component parameters. Clean all parameters for all variants
Change component parameters (AddParameter): Name = "Created By"; Value = "Ashwin Sira"; VariantName = "[No Variations]"
Change component parameters (AddParameter): Name = "LatestRevisionDate"; Value = ""; VariantName = "[No Variations]"
Change component parameters (AddParameter): Name = "LatestRevisionNote"; Value = ""; VariantName = "[No Variations]"
Change component parameters (AddParameter): Name = "MFG"; Value = "TDK"; VariantName = "[No Variations]"
Change component parameters (AddParameter): Name = "MFG#"; Value = "CGA3E3X7S2A104K080AB"; VariantName = "[No Variations]"
Change component parameters (AddParameter): Name = "PackageDescription"; Value = "Chip Capacitor"; VariantName = "[No Variations]"
Change component parameters (AddParameter): Name = "Published"; Value = "16-04-26"; VariantName = "[No Variations]"
Change component parameters (AddParameter): Name = "Publisher"; Value = "AUVic"; VariantName = "[No Variations]"
Change component parameters (AddParameter): Name = "Supplier 1"; Value = "Digi-Key"; VariantName = "[No Variations]"
Change component parameters (AddParameter): Name = "Supplier Part Number 1"; Value = "445-6938-1-ND"; VariantName = "[No Variations]"
Change component parameters (AddParameter): Name = "Value"; Value = "0.1µF"; VariantName = "[No Variations]"
Change component parameters: Designator = "C21"; Footprint = "CAPC1608N(0603")"; UniqueID = "\IMNXVNBN\SFFFYLQG"
Change component parameters. Clean all parameters for all variants
Change component parameters (AddParameter): Name = "Created By"; Value = "Andy Bates"; VariantName = "[No Variations]"
Change component parameters (AddParameter): Name = "LatestRevisionDate"; Value = ""; VariantName = "[No Variations]"
Change component parameters (AddParameter): Name = "LatestRevisionNote"; Value = ""; VariantName = "[No Variations]"
Change component parameters (AddParameter): Name = "MFG"; Value = "Murata-Electronics-North-America"; VariantName = "[No Variations]"
Change component parameters (AddParameter): Name = "MFG#"; Value = "GRM188R61E105KA12D"; VariantName = "[No Variations]"
Change component parameters (AddParameter): Name = "PackageDescription"; Value = "Chip Capacitor"; VariantName = "[No Variations]"
Change component parameters (AddParameter): Name = "Published"; Value = "16-06-27"; VariantName = "[No Variations]"
Change component parameters (AddParameter): Name = "Publisher"; Value = "AUVic"; VariantName = "[No Variations]"
Change component parameters (AddParameter): Name = "Supplier 1"; Value = "Digi-Key"; VariantName = "[No Variations]"
Change component parameters (AddParameter): Name = "Supplier Part Number 1"; Value = "490-3897-1-ND"; VariantName = "[No Variations]"
Change component parameters (AddParameter): Name = "Value"; Value = "1µF"; VariantName = "[No Variations]"
Change component parameters: Designator = "C23"; Footprint = "CAPC1608N(0603")"; UniqueID = "\IMNXVNBN\VHMDIXOF"
Change component parameters. Clean all parameters for all variants
Change component parameters (AddParameter): Name = "Created By"; Value = "Andy Bates"; VariantName = "[No Variations]"
Change component parameters (AddParameter): Name = "LatestRevisionDate"; Value = ""; VariantName = "[No Variations]"
Change component parameters (AddParameter): Name = "LatestRevisionNote"; Value = ""; VariantName = "[No Variations]"
Change component parameters (AddParameter): Name = "MFG"; Value = "Murata-Electronics-North-America"; VariantName = "[No Variations]"
Change component parameters (AddParameter): Name = "MFG#"; Value = "GRM188R61E105KA12D"; VariantName = "[No Variations]"
Change component parameters (AddParameter): Name = "PackageDescription"; Value = "Chip Capacitor"; VariantName = "[No Variations]"
Change component parameters (AddParameter): Name = "Published"; Value = "16-06-27"; VariantName = "[No Variations]"
Change component parameters (AddParameter): Name = "Publisher"; Value = "AUVic"; VariantName = "[No Variations]"
Change component parameters (AddParameter): Name = "Supplier 1"; Value = "Digi-Key"; VariantName = "[No Variations]"
Change component parameters (AddParameter): Name = "Supplier Part Number 1"; Value = "490-3897-1-ND"; VariantName = "[No Variations]"
Change component parameters (AddParameter): Name = "Value"; Value = "1µF"; VariantName = "[No Variations]"
Change component parameters: Designator = "C27"; Footprint = "CAPC1608N(0603")"; UniqueID = "\BKHIJRWV\IQVOUUEK"
Change component parameters. Clean all parameters for all variants
Change component parameters (AddParameter): Name = "Created By"; Value = "Ashwin Sira"; VariantName = "[No Variations]"
Change component parameters (AddParameter): Name = "LatestRevisionDate"; Value = ""; VariantName = "[No Variations]"
Change component parameters (AddParameter): Name = "LatestRevisionNote"; Value = ""; VariantName = "[No Variations]"
Change component parameters (AddParameter): Name = "MFG"; Value = "TDK"; VariantName = "[No Variations]"
Change component parameters (AddParameter): Name = "MFG#"; Value = "CGA3E3X7S2A104K080AB"; VariantName = "[No Variations]"
Change component parameters (AddParameter): Name = "PackageDescription"; Value = "Chip Capacitor"; VariantName = "[No Variations]"
Change component parameters (AddParameter): Name = "Published"; Value = "16-04-26"; VariantName = "[No Variations]"
Change component parameters (AddParameter): Name = "Publisher"; Value = "AUVic"; VariantName = "[No Variations]"
Change component parameters (AddParameter): Name = "Supplier 1"; Value = "Digi-Key"; VariantName = "[No Variations]"
Change component parameters (AddParameter): Name = "Supplier Part Number 1"; Value = "445-6938-1-ND"; VariantName = "[No Variations]"
Change component parameters (AddParameter): Name = "Value"; Value = "0.1µF"; VariantName = "[No Variations]"
Change component parameters: Designator = "C28"; Footprint = "CAPC1608N(0603")"; UniqueID = "\BKHIJRWV\SXAPBRWY"
Change component parameters. Clean all parameters for all variants
Change component parameters (AddParameter): Name = "Created By"; Value = "Ashwin Sira"; VariantName = "[No Variations]"
Change component parameters (AddParameter): Name = "LatestRevisionDate"; Value = ""; VariantName = "[No Variations]"
Change component parameters (AddParameter): Name = "LatestRevisionNote"; Value = ""; VariantName = "[No Variations]"
Change component parameters (AddParameter): Name = "MFG"; Value = "TDK"; VariantName = "[No Variations]"
Change component parameters (AddParameter): Name = "MFG#"; Value = "CGA3E3X7S2A104K080AB"; VariantName = "[No Variations]"
Change component parameters (AddParameter): Name = "PackageDescription"; Value = "Chip Capacitor"; VariantName = "[No Variations]"
Change component parameters (AddParameter): Name = "Published"; Value = "16-04-26"; VariantName = "[No Variations]"
Change component parameters (AddParameter): Name = "Publisher"; Value = "AUVic"; VariantName = "[No Variations]"
Change component parameters (AddParameter): Name = "Supplier 1"; Value = "Digi-Key"; VariantName = "[No Variations]"
Change component parameters (AddParameter): Name = "Supplier Part Number 1"; Value = "445-6938-1-ND"; VariantName = "[No Variations]"
Change component parameters (AddParameter): Name = "Value"; Value = "0.1µF"; VariantName = "[No Variations]"
Change component parameters: Designator = "C29"; Footprint = "CAPC1608N(0603")"; UniqueID = "\BKHIJRWV\VLBGYUMC"
Change component parameters. Clean all parameters for all variants
Change component parameters (AddParameter): Name = "Created By"; Value = "Andy Bates"; VariantName = "[No Variations]"
Change component parameters (AddParameter): Name = "LatestRevisionDate"; Value = ""; VariantName = "[No Variations]"
Change component parameters (AddParameter): Name = "LatestRevisionNote"; Value = ""; VariantName = "[No Variations]"
Change component parameters (AddParameter): Name = "MFG"; Value = "Murata-Electronics-North-America"; VariantName = "[No Variations]"
Change component parameters (AddParameter): Name = "MFG#"; Value = "GRM188R61E105KA12D"; VariantName = "[No Variations]"
Change component parameters (AddParameter): Name = "PackageDescription"; Value = "Chip Capacitor"; VariantName = "[No Variations]"
Change component parameters (AddParameter): Name = "Published"; Value = "16-06-27"; VariantName = "[No Variations]"
Change component parameters (AddParameter): Name = "Publisher"; Value = "AUVic"; VariantName = "[No Variations]"
Change component parameters (AddParameter): Name = "Supplier 1"; Value = "Digi-Key"; VariantName = "[No Variations]"
Change component parameters (AddParameter): Name = "Supplier Part Number 1"; Value = "490-3897-1-ND"; VariantName = "[No Variations]"
Change component parameters (AddParameter): Name = "Value"; Value = "1µF"; VariantName = "[No Variations]"
Change component parameters: Designator = "C33"; Footprint = "CAPC1608N(0603")"; UniqueID = "\OTPHMOGI\NMUAIHHE"
Change component parameters. Clean all parameters for all variants
Change component parameters (AddParameter): Name = "Created By"; Value = "Ashwin Sira"; VariantName = "[No Variations]"
Change component parameters (AddParameter): Name = "LatestRevisionDate"; Value = ""; VariantName = "[No Variations]"
Change component parameters (AddParameter): Name = "LatestRevisionNote"; Value = ""; VariantName = "[No Variations]"
Change component parameters (AddParameter): Name = "MFG"; Value = "TDK"; VariantName = "[No Variations]"
Change component parameters (AddParameter): Name = "MFG#"; Value = "CGA3E3X7S2A104K080AB"; VariantName = "[No Variations]"
Change component parameters (AddParameter): Name = "PackageDescription"; Value = "Chip Capacitor"; VariantName = "[No Variations]"
Change component parameters (AddParameter): Name = "Published"; Value = "16-04-26"; VariantName = "[No Variations]"
Change component parameters (AddParameter): Name = "Publisher"; Value = "AUVic"; VariantName = "[No Variations]"
Change component parameters (AddParameter): Name = "Supplier 1"; Value = "Digi-Key"; VariantName = "[No Variations]"
Change component parameters (AddParameter): Name = "Supplier Part Number 1"; Value = "445-6938-1-ND"; VariantName = "[No Variations]"
Change component parameters (AddParameter): Name = "Value"; Value = "0.1µF"; VariantName = "[No Variations]"
Change component parameters: Designator = "C34"; Footprint = "CAPC1608N(0603")"; UniqueID = "\OTPHMOGI\YNPEPOYY"
Change component parameters. Clean all parameters for all variants
Change component parameters (AddParameter): Name = "Created By"; Value = "Ashwin Sira"; VariantName = "[No Variations]"
Change component parameters (AddParameter): Name = "LatestRevisionDate"; Value = ""; VariantName = "[No Variations]"
Change component parameters (AddParameter): Name = "LatestRevisionNote"; Value = ""; VariantName = "[No Variations]"
Change component parameters (AddParameter): Name = "MFG"; Value = "TDK"; VariantName = "[No Variations]"
Change component parameters (AddParameter): Name = "MFG#"; Value = "CGA3E3X7S2A104K080AB"; VariantName = "[No Variations]"
Change component parameters (AddParameter): Name = "PackageDescription"; Value = "Chip Capacitor"; VariantName = "[No Variations]"
Change component parameters (AddParameter): Name = "Published"; Value = "16-04-26"; VariantName = "[No Variations]"
Change component parameters (AddParameter): Name = "Publisher"; Value = "AUVic"; VariantName = "[No Variations]"
Change component parameters (AddParameter): Name = "Supplier 1"; Value = "Digi-Key"; VariantName = "[No Variations]"
Change component parameters (AddParameter): Name = "Supplier Part Number 1"; Value = "445-6938-1-ND"; VariantName = "[No Variations]"
Change component parameters (AddParameter): Name = "Value"; Value = "0.1µF"; VariantName = "[No Variations]"
Change component parameters: Designator = "C35"; Footprint = "CAPC1608N(0603")"; UniqueID = "\OTPHMOGI\AWNXBVGK"
Change component parameters. Clean all parameters for all variants
Change component parameters (AddParameter): Name = "Created By"; Value = "Ashwin Sira"; VariantName = "[No Variations]"
Change component parameters (AddParameter): Name = "LatestRevisionDate"; Value = ""; VariantName = "[No Variations]"
Change component parameters (AddParameter): Name = "LatestRevisionNote"; Value = ""; VariantName = "[No Variations]"
Change component parameters (AddParameter): Name = "MFG"; Value = "TDK"; VariantName = "[No Variations]"
Change component parameters (AddParameter): Name = "MFG#"; Value = "CGA3E3X7S2A104K080AB"; VariantName = "[No Variations]"
Change component parameters (AddParameter): Name = "PackageDescription"; Value = "Chip Capacitor"; VariantName = "[No Variations]"
Change component parameters (AddParameter): Name = "Published"; Value = "16-04-26"; VariantName = "[No Variations]"
Change component parameters (AddParameter): Name = "Publisher"; Value = "AUVic"; VariantName = "[No Variations]"
Change component parameters (AddParameter): Name = "Supplier 1"; Value = "Digi-Key"; VariantName = "[No Variations]"
Change component parameters (AddParameter): Name = "Supplier Part Number 1"; Value = "445-6938-1-ND"; VariantName = "[No Variations]"
Change component parameters (AddParameter): Name = "Value"; Value = "0.1µF"; VariantName = "[No Variations]"
Change component parameters: Designator = "C39"; Footprint = "CAPC1608N(0603")"; UniqueID = "\YXUDAFBA\PCDAPKMG"
Change component parameters. Clean all parameters for all variants
Change component parameters (AddParameter): Name = "Created By"; Value = "Andy Bates"; VariantName = "[No Variations]"
Change component parameters (AddParameter): Name = "LatestRevisionDate"; Value = ""; VariantName = "[No Variations]"
Change component parameters (AddParameter): Name = "LatestRevisionNote"; Value = ""; VariantName = "[No Variations]"
Change component parameters (AddParameter): Name = "MFG"; Value = "Murata-Electronics-North-America"; VariantName = "[No Variations]"
Change component parameters (AddParameter): Name = "MFG#"; Value = "GRM188R61E105KA12D"; VariantName = "[No Variations]"
Change component parameters (AddParameter): Name = "PackageDescription"; Value = "Chip Capacitor"; VariantName = "[No Variations]"
Change component parameters (AddParameter): Name = "Published"; Value = "16-06-27"; VariantName = "[No Variations]"
Change component parameters (AddParameter): Name = "Publisher"; Value = "AUVic"; VariantName = "[No Variations]"
Change component parameters (AddParameter): Name = "Supplier 1"; Value = "Digi-Key"; VariantName = "[No Variations]"
Change component parameters (AddParameter): Name = "Supplier Part Number 1"; Value = "490-3897-1-ND"; VariantName = "[No Variations]"
Change component parameters (AddParameter): Name = "Value"; Value = "1µF"; VariantName = "[No Variations]"
Change component parameters: Designator = "C40"; Footprint = "CAPC1608N(0603")"; UniqueID = "\YXUDAFBA\NLFQRKFU"
Change component parameters. Clean all parameters for all variants
Change component parameters (AddParameter): Name = "Created By"; Value = "Ashwin Sira"; VariantName = "[No Variations]"
Change component parameters (AddParameter): Name = "LatestRevisionDate"; Value = ""; VariantName = "[No Variations]"
Change component parameters (AddParameter): Name = "LatestRevisionNote"; Value = ""; VariantName = "[No Variations]"
Change component parameters (AddParameter): Name = "MFG"; Value = "TDK"; VariantName = "[No Variations]"
Change component parameters (AddParameter): Name = "MFG#"; Value = "CGA3E3X7S2A104K080AB"; VariantName = "[No Variations]"
Change component parameters (AddParameter): Name = "PackageDescription"; Value = "Chip Capacitor"; VariantName = "[No Variations]"
Change component parameters (AddParameter): Name = "Published"; Value = "16-04-26"; VariantName = "[No Variations]"
Change component parameters (AddParameter): Name = "Publisher"; Value = "AUVic"; VariantName = "[No Variations]"
Change component parameters (AddParameter): Name = "Supplier 1"; Value = "Digi-Key"; VariantName = "[No Variations]"
Change component parameters (AddParameter): Name = "Supplier Part Number 1"; Value = "445-6938-1-ND"; VariantName = "[No Variations]"
Change component parameters (AddParameter): Name = "Value"; Value = "0.1µF"; VariantName = "[No Variations]"
Change component parameters: Designator = "C41"; Footprint = "CAPC1608N(0603")"; UniqueID = "\YXUDAFBA\EGKQSTDV"
Change component parameters. Clean all parameters for all variants
Change component parameters (AddParameter): Name = "Created By"; Value = "Ashwin Sira"; VariantName = "[No Variations]"
Change component parameters (AddParameter): Name = "LatestRevisionDate"; Value = ""; VariantName = "[No Variations]"
Change component parameters (AddParameter): Name = "LatestRevisionNote"; Value = ""; VariantName = "[No Variations]"
Change component parameters (AddParameter): Name = "MFG"; Value = "TDK"; VariantName = "[No Variations]"
Change component parameters (AddParameter): Name = "MFG#"; Value = "CGA3E3X7S2A104K080AB"; VariantName = "[No Variations]"
Change component parameters (AddParameter): Name = "PackageDescription"; Value = "Chip Capacitor"; VariantName = "[No Variations]"
Change component parameters (AddParameter): Name = "Published"; Value = "16-04-26"; VariantName = "[No Variations]"
Change component parameters (AddParameter): Name = "Publisher"; Value = "AUVic"; VariantName = "[No Variations]"
Change component parameters (AddParameter): Name = "Supplier 1"; Value = "Digi-Key"; VariantName = "[No Variations]"
Change component parameters (AddParameter): Name = "Supplier Part Number 1"; Value = "445-6938-1-ND"; VariantName = "[No Variations]"
Change component parameters (AddParameter): Name = "Value"; Value = "0.1µF"; VariantName = "[No Variations]"
Change component parameters: Designator = "C42"; Footprint = "CAPC1608N(0603")"; UniqueID = "\YXUDAFBA\LYSCMUHA"
Change component parameters. Clean all parameters for all variants
Change component parameters (AddParameter): Name = "Created By"; Value = "Ashwin Sira"; VariantName = "[No Variations]"
Change component parameters (AddParameter): Name = "LatestRevisionDate"; Value = ""; VariantName = "[No Variations]"
Change component parameters (AddParameter): Name = "LatestRevisionNote"; Value = ""; VariantName = "[No Variations]"
Change component parameters (AddParameter): Name = "MFG"; Value = "TDK"; VariantName = "[No Variations]"
Change component parameters (AddParameter): Name = "MFG#"; Value = "CGA3E3X7S2A104K080AB"; VariantName = "[No Variations]"
Change component parameters (AddParameter): Name = "PackageDescription"; Value = "Chip Capacitor"; VariantName = "[No Variations]"
Change component parameters (AddParameter): Name = "Published"; Value = "16-04-26"; VariantName = "[No Variations]"
Change component parameters (AddParameter): Name = "Publisher"; Value = "AUVic"; VariantName = "[No Variations]"
Change component parameters (AddParameter): Name = "Supplier 1"; Value = "Digi-Key"; VariantName = "[No Variations]"
Change component parameters (AddParameter): Name = "Supplier Part Number 1"; Value = "445-6938-1-ND"; VariantName = "[No Variations]"
Change component parameters (AddParameter): Name = "Value"; Value = "0.1µF"; VariantName = "[No Variations]"
Change component parameters: Designator = "C43"; Footprint = "CAPC1608N(0603")"; UniqueID = "\YXUDAFBA\RCCWTKBM"
Change component parameters. Clean all parameters for all variants
Change component parameters (AddParameter): Name = "Created By"; Value = "Ashwin Sira"; VariantName = "[No Variations]"
Change component parameters (AddParameter): Name = "LatestRevisionDate"; Value = ""; VariantName = "[No Variations]"
Change component parameters (AddParameter): Name = "LatestRevisionNote"; Value = ""; VariantName = "[No Variations]"
Change component parameters (AddParameter): Name = "MFG"; Value = "TDK"; VariantName = "[No Variations]"
Change component parameters (AddParameter): Name = "MFG#"; Value = "CGA3E3X7S2A104K080AB"; VariantName = "[No Variations]"
Change component parameters (AddParameter): Name = "PackageDescription"; Value = "Chip Capacitor"; VariantName = "[No Variations]"
Change component parameters (AddParameter): Name = "Published"; Value = "16-04-26"; VariantName = "[No Variations]"
Change component parameters (AddParameter): Name = "Publisher"; Value = "AUVic"; VariantName = "[No Variations]"
Change component parameters (AddParameter): Name = "Supplier 1"; Value = "Digi-Key"; VariantName = "[No Variations]"
Change component parameters (AddParameter): Name = "Supplier Part Number 1"; Value = "445-6938-1-ND"; VariantName = "[No Variations]"
Change component parameters (AddParameter): Name = "Value"; Value = "0.1µF"; VariantName = "[No Variations]"
Change component parameters: Designator = "C44"; Footprint = "CAPC1608N(0603")"; UniqueID = "\IQGJFHUF\HTWIWPYP"
Change component parameters. Clean all parameters for all variants
Change component parameters (AddParameter): Name = "Created By"; Value = "Ashwin Sira"; VariantName = "[No Variations]"
Change component parameters (AddParameter): Name = "LatestRevisionDate"; Value = ""; VariantName = "[No Variations]"
Change component parameters (AddParameter): Name = "LatestRevisionNote"; Value = ""; VariantName = "[No Variations]"
Change component parameters (AddParameter): Name = "MFG"; Value = "TDK"; VariantName = "[No Variations]"
Change component parameters (AddParameter): Name = "MFG#"; Value = "CGA3E3X7S2A104K080AB"; VariantName = "[No Variations]"
Change component parameters (AddParameter): Name = "PackageDescription"; Value = "Chip Capacitor"; VariantName = "[No Variations]"
Change component parameters (AddParameter): Name = "Published"; Value = "16-04-26"; VariantName = "[No Variations]"
Change component parameters (AddParameter): Name = "Publisher"; Value = "AUVic"; VariantName = "[No Variations]"
Change component parameters (AddParameter): Name = "Supplier 1"; Value = "Digi-Key"; VariantName = "[No Variations]"
Change component parameters (AddParameter): Name = "Supplier Part Number 1"; Value = "445-6938-1-ND"; VariantName = "[No Variations]"
Change component parameters (AddParameter): Name = "Value"; Value = "0.1µF"; VariantName = "[No Variations]"
Change component parameters: Designator = "C45"; Footprint = "CAPC1608N(0603")"; UniqueID = "\IQGJFHUF\PTEGQTPJ"
Change component parameters. Clean all parameters for all variants
Change component parameters (AddParameter): Name = "Created By"; Value = "Ashwin Sira"; VariantName = "[No Variations]"
Change component parameters (AddParameter): Name = "LatestRevisionDate"; Value = ""; VariantName = "[No Variations]"
Change component parameters (AddParameter): Name = "LatestRevisionNote"; Value = ""; VariantName = "[No Variations]"
Change component parameters (AddParameter): Name = "MFG"; Value = "TDK"; VariantName = "[No Variations]"
Change component parameters (AddParameter): Name = "MFG#"; Value = "CGA3E3X7S2A104K080AB"; VariantName = "[No Variations]"
Change component parameters (AddParameter): Name = "PackageDescription"; Value = "Chip Capacitor"; VariantName = "[No Variations]"
Change component parameters (AddParameter): Name = "Published"; Value = "16-04-26"; VariantName = "[No Variations]"
Change component parameters (AddParameter): Name = "Publisher"; Value = "AUVic"; VariantName = "[No Variations]"
Change component parameters (AddParameter): Name = "Supplier 1"; Value = "Digi-Key"; VariantName = "[No Variations]"
Change component parameters (AddParameter): Name = "Supplier Part Number 1"; Value = "445-6938-1-ND"; VariantName = "[No Variations]"
Change component parameters (AddParameter): Name = "Value"; Value = "0.1µF"; VariantName = "[No Variations]"
Change component parameters: Designator = "C46"; Footprint = "CAPC1608N(0603")"; UniqueID = "\YXUDAFBA\DQHTAABF"
Change component parameters. Clean all parameters for all variants
Change component parameters (AddParameter): Name = "Created By"; Value = "Ashwin Sira"; VariantName = "[No Variations]"
Change component parameters (AddParameter): Name = "LatestRevisionDate"; Value = ""; VariantName = "[No Variations]"
Change component parameters (AddParameter): Name = "LatestRevisionNote"; Value = ""; VariantName = "[No Variations]"
Change component parameters (AddParameter): Name = "MFG"; Value = "TDK"; VariantName = "[No Variations]"
Change component parameters (AddParameter): Name = "MFG#"; Value = "CGA3E3X7S2A104K080AB"; VariantName = "[No Variations]"
Change component parameters (AddParameter): Name = "PackageDescription"; Value = "Chip Capacitor"; VariantName = "[No Variations]"
Change component parameters (AddParameter): Name = "Published"; Value = "16-04-26"; VariantName = "[No Variations]"
Change component parameters (AddParameter): Name = "Publisher"; Value = "AUVic"; VariantName = "[No Variations]"
Change component parameters (AddParameter): Name = "Supplier 1"; Value = "Digi-Key"; VariantName = "[No Variations]"
Change component parameters (AddParameter): Name = "Supplier Part Number 1"; Value = "445-6938-1-ND"; VariantName = "[No Variations]"
Change component parameters (AddParameter): Name = "Value"; Value = "0.1µF"; VariantName = "[No Variations]"
Change component parameters: Designator = "R6"; Footprint = "RESC1608N(0603")"; UniqueID = "\BKHIJRWV\GUXOIJSD"
Change component parameters. Clean all parameters for all variants
Change component parameters (AddParameter): Name = "Created On"; Value = "14-05-31"; VariantName = "[No Variations]"
Change component parameters (AddParameter): Name = "Last Edited"; Value = "14-05-31"; VariantName = "[No Variations]"
Change component parameters (AddParameter): Name = "Made By"; Value = "Andy Bates"; VariantName = "[No Variations]"
Change component parameters (AddParameter): Name = "Owned By"; Value = "AUVic"; VariantName = "[No Variations]"
Change component parameters (AddParameter): Name = "Supplier 1"; Value = "Digi-Key"; VariantName = "[No Variations]"
Change component parameters (AddParameter): Name = "Supplier Part Number 1"; Value = "311-324KHRCT-ND"; VariantName = "[No Variations]"
Change component parameters (AddParameter): Name = "Value"; Value = "324k"; VariantName = "[No Variations]"
Change Net Name : Old Net Name=NetJ3_1 New Net Name=NetCN6_1
