Change Component Physical Designator: Old Designator=C27_M1 New Designator=C4
Change Component Physical Designator: Old Designator=C27_M2 New Designator=C3
Change Component Physical Designator: Old Designator=C27_M3 New Designator=C7
Change Component Physical Designator: Old Designator=C27_M4 New Designator=C9
Change Component Physical Designator: Old Designator=C27_M5 New Designator=C13
Change Component Physical Designator: Old Designator=C27_M6 New Designator=C19
Change Component Physical Designator: Old Designator=C27_M7 New Designator=C24
Change Component Physical Designator: Old Designator=C27_M8 New Designator=C27
Change Component Physical Designator: Old Designator=C28_M1 New Designator=C2
Change Component Physical Designator: Old Designator=C28_M2 New Designator=C1
Change Component Physical Designator: Old Designator=C28_M3 New Designator=C8
Change Component Physical Designator: Old Designator=C28_M4 New Designator=C11
Change Component Physical Designator: Old Designator=C28_M5 New Designator=C18
Change Component Physical Designator: Old Designator=C28_M6 New Designator=C21
Change Component Physical Designator: Old Designator=C28_M7 New Designator=C26
Change Component Physical Designator: Old Designator=C28_M8 New Designator=C28
Change Component Physical Designator: Old Designator=C44_M1 New Designator=C50
Change Component Physical Designator: Old Designator=C44_M2 New Designator=C51
Change Component Physical Designator: Old Designator=C44_M3 New Designator=C49
Change Component Physical Designator: Old Designator=C44_M4 New Designator=C48
Change Component Physical Designator: Old Designator=C44_M5 New Designator=C47
Change Component Physical Designator: Old Designator=C44_M6 New Designator=C46
Change Component Physical Designator: Old Designator=C44_M7 New Designator=C45
Change Component Physical Designator: Old Designator=C44_M8 New Designator=C44
Change Component Physical Designator: Old Designator=CN10_M1 New Designator=CN1
Change Component Physical Designator: Old Designator=CN10_M2 New Designator=CN2
Change Component Physical Designator: Old Designator=CN10_M3 New Designator=CN5
Change Component Physical Designator: Old Designator=CN10_M4 New Designator=CN6
Change Component Physical Designator: Old Designator=CN10_M5 New Designator=CN7
Change Component Physical Designator: Old Designator=CN10_M6 New Designator=CN8
Change Component Physical Designator: Old Designator=CN10_M7 New Designator=CN9
Change Component Physical Designator: Old Designator=CN10_M8 New Designator=CN10
Change Component Physical Designator: Old Designator=D4_M1 New Designator=D18
Change Component Physical Designator: Old Designator=D4_M2 New Designator=D16
Change Component Physical Designator: Old Designator=D4_M3 New Designator=D14
Change Component Physical Designator: Old Designator=D4_M4 New Designator=D12
Change Component Physical Designator: Old Designator=D4_M5 New Designator=D10
Change Component Physical Designator: Old Designator=D4_M6 New Designator=D8
Change Component Physical Designator: Old Designator=D4_M7 New Designator=D6
Change Component Physical Designator: Old Designator=D4_M8 New Designator=D4
Change Component Physical Designator: Old Designator=D5_M1 New Designator=D17
Change Component Physical Designator: Old Designator=D5_M2 New Designator=D19
Change Component Physical Designator: Old Designator=D5_M3 New Designator=D15
Change Component Physical Designator: Old Designator=D5_M4 New Designator=D13
Change Component Physical Designator: Old Designator=D5_M5 New Designator=D11
Change Component Physical Designator: Old Designator=D5_M6 New Designator=D9
Change Component Physical Designator: Old Designator=D5_M7 New Designator=D7
Change Component Physical Designator: Old Designator=D5_M8 New Designator=D5
Change Component Physical Designator: Old Designator=J8_M1 New Designator=J1
Change Component Physical Designator: Old Designator=J8_M2 New Designator=J2
Change Component Physical Designator: Old Designator=J8_M3 New Designator=J3
Change Component Physical Designator: Old Designator=J8_M4 New Designator=J4
Change Component Physical Designator: Old Designator=J8_M5 New Designator=J5
Change Component Physical Designator: Old Designator=J8_M6 New Designator=J6
Change Component Physical Designator: Old Designator=J8_M7 New Designator=J7
Change Component Physical Designator: Old Designator=J8_M8 New Designator=J8
Change Component Physical Designator: Old Designator=Q1_M1 New Designator=Q7
Change Component Physical Designator: Old Designator=Q1_M2 New Designator=Q8
Change Component Physical Designator: Old Designator=Q1_M3 New Designator=Q6
Change Component Physical Designator: Old Designator=Q1_M4 New Designator=Q5
Change Component Physical Designator: Old Designator=Q1_M5 New Designator=Q4
Change Component Physical Designator: Old Designator=Q1_M6 New Designator=Q3
Change Component Physical Designator: Old Designator=Q1_M7 New Designator=Q2
Change Component Physical Designator: Old Designator=Q1_M8 New Designator=Q1
Change Component Physical Designator: Old Designator=R44_M1 New Designator=R4
Change Component Physical Designator: Old Designator=R44_M2 New Designator=R3
Change Component Physical Designator: Old Designator=R44_M3 New Designator=R10
Change Component Physical Designator: Old Designator=R44_M4 New Designator=R16
Change Component Physical Designator: Old Designator=R44_M5 New Designator=R25
Change Component Physical Designator: Old Designator=R44_M6 New Designator=R32
Change Component Physical Designator: Old Designator=R44_M7 New Designator=R38
Change Component Physical Designator: Old Designator=R44_M8 New Designator=R44
Change Component Physical Designator: Old Designator=R47_M1 New Designator=R6
Change Component Physical Designator: Old Designator=R47_M2 New Designator=R5
Change Component Physical Designator: Old Designator=R47_M3 New Designator=R13
Change Component Physical Designator: Old Designator=R47_M4 New Designator=R19
Change Component Physical Designator: Old Designator=R47_M5 New Designator=R27
Change Component Physical Designator: Old Designator=R47_M6 New Designator=R35
Change Component Physical Designator: Old Designator=R47_M7 New Designator=R41
Change Component Physical Designator: Old Designator=R47_M8 New Designator=R47
Change Component Physical Designator: Old Designator=R48_M1 New Designator=R2
Change Component Physical Designator: Old Designator=R48_M2 New Designator=R1
Change Component Physical Designator: Old Designator=R48_M3 New Designator=R14
Change Component Physical Designator: Old Designator=R48_M4 New Designator=R20
Change Component Physical Designator: Old Designator=R48_M5 New Designator=R28
Change Component Physical Designator: Old Designator=R48_M6 New Designator=R36
Change Component Physical Designator: Old Designator=R48_M7 New Designator=R42
Change Component Physical Designator: Old Designator=R48_M8 New Designator=R48
Change Component Physical Designator: Old Designator=R49_M1 New Designator=R8
Change Component Physical Designator: Old Designator=R49_M2 New Designator=R7
Change Component Physical Designator: Old Designator=R49_M3 New Designator=R15
Change Component Physical Designator: Old Designator=R49_M4 New Designator=R22
Change Component Physical Designator: Old Designator=R49_M5 New Designator=R30
Change Component Physical Designator: Old Designator=R49_M6 New Designator=R37
Change Component Physical Designator: Old Designator=R49_M7 New Designator=R43
Change Component Physical Designator: Old Designator=R49_M8 New Designator=R49
Change Component Physical Designator: Old Designator=R51_M1 New Designator=R12
Change Component Physical Designator: Old Designator=R51_M2 New Designator=R18
Change Component Physical Designator: Old Designator=R51_M3 New Designator=R26
Change Component Physical Designator: Old Designator=R51_M4 New Designator=R31
Change Component Physical Designator: Old Designator=R51_M5 New Designator=R34
Change Component Physical Designator: Old Designator=R51_M6 New Designator=R40
Change Component Physical Designator: Old Designator=R51_M7 New Designator=R46
Change Component Physical Designator: Old Designator=R51_M8 New Designator=R51
Change Component Physical Designator: Old Designator=R54_M1 New Designator=R17
Change Component Physical Designator: Old Designator=R54_M2 New Designator=R24
Change Component Physical Designator: Old Designator=R54_M3 New Designator=R29
Change Component Physical Designator: Old Designator=R54_M4 New Designator=R33
Change Component Physical Designator: Old Designator=R54_M5 New Designator=R39
Change Component Physical Designator: Old Designator=R54_M6 New Designator=R45
Change Component Physical Designator: Old Designator=R54_M7 New Designator=R50
Change Component Physical Designator: Old Designator=R54_M8 New Designator=R54
Change Component Physical Designator: Old Designator=R69_M1 New Designator=R111
Change Component Physical Designator: Old Designator=R69_M2 New Designator=R116
Change Component Physical Designator: Old Designator=R69_M3 New Designator=R100
Change Component Physical Designator: Old Designator=R69_M4 New Designator=R93
Change Component Physical Designator: Old Designator=R69_M5 New Designator=R87
Change Component Physical Designator: Old Designator=R69_M6 New Designator=R81
Change Component Physical Designator: Old Designator=R69_M7 New Designator=R75
Change Component Physical Designator: Old Designator=R69_M8 New Designator=R69
Change Component Physical Designator: Old Designator=R70_M1 New Designator=R105
Change Component Physical Designator: Old Designator=R70_M2 New Designator=R106
Change Component Physical Designator: Old Designator=R70_M3 New Designator=R101
Change Component Physical Designator: Old Designator=R70_M4 New Designator=R94
Change Component Physical Designator: Old Designator=R70_M5 New Designator=R88
Change Component Physical Designator: Old Designator=R70_M6 New Designator=R82
Change Component Physical Designator: Old Designator=R70_M7 New Designator=R76
Change Component Physical Designator: Old Designator=R70_M8 New Designator=R70
Change Component Physical Designator: Old Designator=R71_M1 New Designator=R113
Change Component Physical Designator: Old Designator=R71_M2 New Designator=R115
Change Component Physical Designator: Old Designator=R71_M3 New Designator=R99
Change Component Physical Designator: Old Designator=R71_M4 New Designator=R95
Change Component Physical Designator: Old Designator=R71_M5 New Designator=R89
Change Component Physical Designator: Old Designator=R71_M6 New Designator=R83
Change Component Physical Designator: Old Designator=R71_M7 New Designator=R77
Change Component Physical Designator: Old Designator=R71_M8 New Designator=R71
Change Component Physical Designator: Old Designator=R72_M1 New Designator=R112
Change Component Physical Designator: Old Designator=R72_M2 New Designator=R114
Change Component Physical Designator: Old Designator=R72_M3 New Designator=R102
Change Component Physical Designator: Old Designator=R72_M4 New Designator=R96
Change Component Physical Designator: Old Designator=R72_M5 New Designator=R90
Change Component Physical Designator: Old Designator=R72_M6 New Designator=R84
Change Component Physical Designator: Old Designator=R72_M7 New Designator=R78
Change Component Physical Designator: Old Designator=R72_M8 New Designator=R72
Change Component Physical Designator: Old Designator=R73_M1 New Designator=R107
Change Component Physical Designator: Old Designator=R73_M2 New Designator=R108
Change Component Physical Designator: Old Designator=R73_M3 New Designator=R103
Change Component Physical Designator: Old Designator=R73_M4 New Designator=R97
Change Component Physical Designator: Old Designator=R73_M5 New Designator=R91
Change Component Physical Designator: Old Designator=R73_M6 New Designator=R85
Change Component Physical Designator: Old Designator=R73_M7 New Designator=R79
Change Component Physical Designator: Old Designator=R73_M8 New Designator=R73
Change Component Physical Designator: Old Designator=R74_M1 New Designator=R109
Change Component Physical Designator: Old Designator=R74_M2 New Designator=R110
Change Component Physical Designator: Old Designator=R74_M3 New Designator=R104
Change Component Physical Designator: Old Designator=R74_M4 New Designator=R98
Change Component Physical Designator: Old Designator=R74_M5 New Designator=R92
Change Component Physical Designator: Old Designator=R74_M6 New Designator=R86
Change Component Physical Designator: Old Designator=R74_M7 New Designator=R80
Change Component Physical Designator: Old Designator=R74_M8 New Designator=R74
Change Component Physical Designator: Old Designator=U21_M1 New Designator=U2
Change Component Physical Designator: Old Designator=U21_M1 New Designator=U2
Change Component Physical Designator: Old Designator=U21_M1 New Designator=U2
Change Component Physical Designator: Old Designator=U21_M1 New Designator=U2
Change Component Physical Designator: Old Designator=U21_M2 New Designator=U1
Change Component Physical Designator: Old Designator=U21_M2 New Designator=U1
Change Component Physical Designator: Old Designator=U21_M2 New Designator=U1
Change Component Physical Designator: Old Designator=U21_M2 New Designator=U1
Change Component Physical Designator: Old Designator=U21_M3 New Designator=U5
Change Component Physical Designator: Old Designator=U21_M3 New Designator=U5
Change Component Physical Designator: Old Designator=U21_M3 New Designator=U5
Change Component Physical Designator: Old Designator=U21_M3 New Designator=U5
Change Component Physical Designator: Old Designator=U21_M4 New Designator=U8
Change Component Physical Designator: Old Designator=U21_M4 New Designator=U8
Change Component Physical Designator: Old Designator=U21_M4 New Designator=U8
Change Component Physical Designator: Old Designator=U21_M4 New Designator=U8
Change Component Physical Designator: Old Designator=U21_M5 New Designator=U11
Change Component Physical Designator: Old Designator=U21_M5 New Designator=U11
Change Component Physical Designator: Old Designator=U21_M5 New Designator=U11
Change Component Physical Designator: Old Designator=U21_M5 New Designator=U11
Change Component Physical Designator: Old Designator=U21_M6 New Designator=U14
Change Component Physical Designator: Old Designator=U21_M6 New Designator=U14
Change Component Physical Designator: Old Designator=U21_M6 New Designator=U14
Change Component Physical Designator: Old Designator=U21_M6 New Designator=U14
Change Component Physical Designator: Old Designator=U21_M7 New Designator=U17
Change Component Physical Designator: Old Designator=U21_M7 New Designator=U17
Change Component Physical Designator: Old Designator=U21_M7 New Designator=U17
Change Component Physical Designator: Old Designator=U21_M7 New Designator=U17
Change Component Physical Designator: Old Designator=U21_M8 New Designator=U21
Change Component Physical Designator: Old Designator=U21_M8 New Designator=U21
Change Component Physical Designator: Old Designator=U21_M8 New Designator=U21
Change Component Physical Designator: Old Designator=U21_M8 New Designator=U21
Change Component Physical Designator: Old Designator=U23_M1 New Designator=U7
Change Component Physical Designator: Old Designator=U23_M2 New Designator=U9
Change Component Physical Designator: Old Designator=U23_M3 New Designator=U12
Change Component Physical Designator: Old Designator=U23_M4 New Designator=U13
Change Component Physical Designator: Old Designator=U23_M5 New Designator=U16
Change Component Physical Designator: Old Designator=U23_M6 New Designator=U19
Change Component Physical Designator: Old Designator=U23_M7 New Designator=U22
Change Component Physical Designator: Old Designator=U23_M8 New Designator=U23
