Change Component Comment : Designator=R5_M1 Old Comment=1k New Comment=200k
Change Component Comment : Designator=R5_M2 Old Comment=1k New Comment=200k
Change Component Comment : Designator=R5_M3 Old Comment=1k New Comment=200k
Change Component Comment : Designator=R5_M4 Old Comment=1k New Comment=200k
Change Component Comment : Designator=R5_M5 Old Comment=1k New Comment=200k
Change Component Comment : Designator=R5_M6 Old Comment=1k New Comment=200k
Change Component Comment : Designator=R5_M7 Old Comment=1k New Comment=200k
Change Component Comment : Designator=R5_M8 Old Comment=1k New Comment=200k
Change component parameters: Designator = "R5_M1"; Footprint = "RESC1608N(0603")"; UniqueID = "\1WWVYVWXD\GEVFUDOO"
Change component parameters. Clean all parameters for all variants
Change component parameters (AddParameter): Name = "Created On"; Value = "14-07-10"; VariantName = "[No Variations]"
Change component parameters (AddParameter): Name = "Made By"; Value = "Ashwin Sira"; VariantName = "[No Variations]"
Change component parameters (AddParameter): Name = "Owned By"; Value = "AUVic"; VariantName = "[No Variations]"
Change component parameters (AddParameter): Name = "Supplier 1"; Value = "Digi-Key"; VariantName = "[No Variations]"
Change component parameters (AddParameter): Name = "Supplier Part Number 1"; Value = "541-200KHCT-ND"; VariantName = "[No Variations]"
Change component parameters (AddParameter): Name = "Value"; Value = "200k"; VariantName = "[No Variations]"
Change component parameters: Designator = "R5_M2"; Footprint = "RESC1608N(0603")"; UniqueID = "\2WWVYVWXD\GEVFUDOO"
Change component parameters. Clean all parameters for all variants
Change component parameters (AddParameter): Name = "Created On"; Value = "14-07-10"; VariantName = "[No Variations]"
Change component parameters (AddParameter): Name = "Made By"; Value = "Ashwin Sira"; VariantName = "[No Variations]"
Change component parameters (AddParameter): Name = "Owned By"; Value = "AUVic"; VariantName = "[No Variations]"
Change component parameters (AddParameter): Name = "Supplier 1"; Value = "Digi-Key"; VariantName = "[No Variations]"
Change component parameters (AddParameter): Name = "Supplier Part Number 1"; Value = "541-200KHCT-ND"; VariantName = "[No Variations]"
Change component parameters (AddParameter): Name = "Value"; Value = "200k"; VariantName = "[No Variations]"
Change component parameters: Designator = "R5_M3"; Footprint = "RESC1608N(0603")"; UniqueID = "\3WWVYVWXD\GEVFUDOO"
Change component parameters. Clean all parameters for all variants
Change component parameters (AddParameter): Name = "Created On"; Value = "14-07-10"; VariantName = "[No Variations]"
Change component parameters (AddParameter): Name = "Made By"; Value = "Ashwin Sira"; VariantName = "[No Variations]"
Change component parameters (AddParameter): Name = "Owned By"; Value = "AUVic"; VariantName = "[No Variations]"
Change component parameters (AddParameter): Name = "Supplier 1"; Value = "Digi-Key"; VariantName = "[No Variations]"
Change component parameters (AddParameter): Name = "Supplier Part Number 1"; Value = "541-200KHCT-ND"; VariantName = "[No Variations]"
Change component parameters (AddParameter): Name = "Value"; Value = "200k"; VariantName = "[No Variations]"
Change component parameters: Designator = "R5_M4"; Footprint = "RESC1608N(0603")"; UniqueID = "\4WWVYVWXD\GEVFUDOO"
Change component parameters. Clean all parameters for all variants
Change component parameters (AddParameter): Name = "Created On"; Value = "14-07-10"; VariantName = "[No Variations]"
Change component parameters (AddParameter): Name = "Made By"; Value = "Ashwin Sira"; VariantName = "[No Variations]"
Change component parameters (AddParameter): Name = "Owned By"; Value = "AUVic"; VariantName = "[No Variations]"
Change component parameters (AddParameter): Name = "Supplier 1"; Value = "Digi-Key"; VariantName = "[No Variations]"
Change component parameters (AddParameter): Name = "Supplier Part Number 1"; Value = "541-200KHCT-ND"; VariantName = "[No Variations]"
Change component parameters (AddParameter): Name = "Value"; Value = "200k"; VariantName = "[No Variations]"
Change component parameters: Designator = "R5_M5"; Footprint = "RESC1608N(0603")"; UniqueID = "\5WWVYVWXD\GEVFUDOO"
Change component parameters. Clean all parameters for all variants
Change component parameters (AddParameter): Name = "Created On"; Value = "14-07-10"; VariantName = "[No Variations]"
Change component parameters (AddParameter): Name = "Made By"; Value = "Ashwin Sira"; VariantName = "[No Variations]"
Change component parameters (AddParameter): Name = "Owned By"; Value = "AUVic"; VariantName = "[No Variations]"
Change component parameters (AddParameter): Name = "Supplier 1"; Value = "Digi-Key"; VariantName = "[No Variations]"
Change component parameters (AddParameter): Name = "Supplier Part Number 1"; Value = "541-200KHCT-ND"; VariantName = "[No Variations]"
Change component parameters (AddParameter): Name = "Value"; Value = "200k"; VariantName = "[No Variations]"
Change component parameters: Designator = "R5_M6"; Footprint = "RESC1608N(0603")"; UniqueID = "\6WWVYVWXD\GEVFUDOO"
Change component parameters. Clean all parameters for all variants
Change component parameters (AddParameter): Name = "Created On"; Value = "14-07-10"; VariantName = "[No Variations]"
Change component parameters (AddParameter): Name = "Made By"; Value = "Ashwin Sira"; VariantName = "[No Variations]"
Change component parameters (AddParameter): Name = "Owned By"; Value = "AUVic"; VariantName = "[No Variations]"
Change component parameters (AddParameter): Name = "Supplier 1"; Value = "Digi-Key"; VariantName = "[No Variations]"
Change component parameters (AddParameter): Name = "Supplier Part Number 1"; Value = "541-200KHCT-ND"; VariantName = "[No Variations]"
Change component parameters (AddParameter): Name = "Value"; Value = "200k"; VariantName = "[No Variations]"
Change component parameters: Designator = "R5_M7"; Footprint = "RESC1608N(0603")"; UniqueID = "\7WWVYVWXD\GEVFUDOO"
Change component parameters. Clean all parameters for all variants
Change component parameters (AddParameter): Name = "Created On"; Value = "14-07-10"; VariantName = "[No Variations]"
Change component parameters (AddParameter): Name = "Made By"; Value = "Ashwin Sira"; VariantName = "[No Variations]"
Change component parameters (AddParameter): Name = "Owned By"; Value = "AUVic"; VariantName = "[No Variations]"
Change component parameters (AddParameter): Name = "Supplier 1"; Value = "Digi-Key"; VariantName = "[No Variations]"
Change component parameters (AddParameter): Name = "Supplier Part Number 1"; Value = "541-200KHCT-ND"; VariantName = "[No Variations]"
Change component parameters (AddParameter): Name = "Value"; Value = "200k"; VariantName = "[No Variations]"
Change component parameters: Designator = "R5_M8"; Footprint = "RESC1608N(0603")"; UniqueID = "\8WWVYVWXD\GEVFUDOO"
Change component parameters. Clean all parameters for all variants
Change component parameters (AddParameter): Name = "Created On"; Value = "14-07-10"; VariantName = "[No Variations]"
Change component parameters (AddParameter): Name = "Made By"; Value = "Ashwin Sira"; VariantName = "[No Variations]"
Change component parameters (AddParameter): Name = "Owned By"; Value = "AUVic"; VariantName = "[No Variations]"
Change component parameters (AddParameter): Name = "Supplier 1"; Value = "Digi-Key"; VariantName = "[No Variations]"
Change component parameters (AddParameter): Name = "Supplier Part Number 1"; Value = "541-200KHCT-ND"; VariantName = "[No Variations]"
Change component parameters (AddParameter): Name = "Value"; Value = "200k"; VariantName = "[No Variations]"
