Change Component Comment : Designator=R30_M1 Old Comment=100 New Comment=1k
Change Component Comment : Designator=R30_M2 Old Comment=100 New Comment=1k
Change Component Comment : Designator=R30_M3 Old Comment=100 New Comment=1k
Change Component Comment : Designator=R30_M4 Old Comment=100 New Comment=1k
Change Component Comment : Designator=R30_M5 Old Comment=100 New Comment=1k
Change Component Comment : Designator=R30_M6 Old Comment=100 New Comment=1k
Change Component Comment : Designator=R30_M7 Old Comment=100 New Comment=1k
Change Component Comment : Designator=R30_M8 Old Comment=100 New Comment=1k
Change component parameters: Designator = "R30_M1"; Footprint = "RESC1608N(0603")"; UniqueID = "\1WWVYVWXD\VOXHXVJF"
Change component parameters. Clean all parameters for all variants
Change component parameters (AddParameter): Name = "Created By"; Value = "Andy Bates"; VariantName = "[No Variations]"
Change component parameters (AddParameter): Name = "Date Created"; Value = "2017-05-10"; VariantName = "[No Variations]"
Change component parameters (AddParameter): Name = "Publisher"; Value = "AUVic"; VariantName = "[No Variations]"
Change component parameters (AddParameter): Name = "Supplier 1"; Value = "Digikey"; VariantName = "[No Variations]"
Change component parameters (AddParameter): Name = "Supplier Part Number 1"; Value = "311-1.00KHRCT-ND"; VariantName = "[No Variations]"
Change component parameters (AddParameter): Name = "Value"; Value = "1k"; VariantName = "[No Variations]"
Change component parameters: Designator = "R30_M2"; Footprint = "RESC1608N(0603")"; UniqueID = "\2WWVYVWXD\VOXHXVJF"
Change component parameters. Clean all parameters for all variants
Change component parameters (AddParameter): Name = "Created By"; Value = "Andy Bates"; VariantName = "[No Variations]"
Change component parameters (AddParameter): Name = "Date Created"; Value = "2017-05-10"; VariantName = "[No Variations]"
Change component parameters (AddParameter): Name = "Publisher"; Value = "AUVic"; VariantName = "[No Variations]"
Change component parameters (AddParameter): Name = "Supplier 1"; Value = "Digikey"; VariantName = "[No Variations]"
Change component parameters (AddParameter): Name = "Supplier Part Number 1"; Value = "311-1.00KHRCT-ND"; VariantName = "[No Variations]"
Change component parameters (AddParameter): Name = "Value"; Value = "1k"; VariantName = "[No Variations]"
Change component parameters: Designator = "R30_M3"; Footprint = "RESC1608N(0603")"; UniqueID = "\3WWVYVWXD\VOXHXVJF"
Change component parameters. Clean all parameters for all variants
Change component parameters (AddParameter): Name = "Created By"; Value = "Andy Bates"; VariantName = "[No Variations]"
Change component parameters (AddParameter): Name = "Date Created"; Value = "2017-05-10"; VariantName = "[No Variations]"
Change component parameters (AddParameter): Name = "Publisher"; Value = "AUVic"; VariantName = "[No Variations]"
Change component parameters (AddParameter): Name = "Supplier 1"; Value = "Digikey"; VariantName = "[No Variations]"
Change component parameters (AddParameter): Name = "Supplier Part Number 1"; Value = "311-1.00KHRCT-ND"; VariantName = "[No Variations]"
Change component parameters (AddParameter): Name = "Value"; Value = "1k"; VariantName = "[No Variations]"
Change component parameters: Designator = "R30_M4"; Footprint = "RESC1608N(0603")"; UniqueID = "\4WWVYVWXD\VOXHXVJF"
Change component parameters. Clean all parameters for all variants
Change component parameters (AddParameter): Name = "Created By"; Value = "Andy Bates"; VariantName = "[No Variations]"
Change component parameters (AddParameter): Name = "Date Created"; Value = "2017-05-10"; VariantName = "[No Variations]"
Change component parameters (AddParameter): Name = "Publisher"; Value = "AUVic"; VariantName = "[No Variations]"
Change component parameters (AddParameter): Name = "Supplier 1"; Value = "Digikey"; VariantName = "[No Variations]"
Change component parameters (AddParameter): Name = "Supplier Part Number 1"; Value = "311-1.00KHRCT-ND"; VariantName = "[No Variations]"
Change component parameters (AddParameter): Name = "Value"; Value = "1k"; VariantName = "[No Variations]"
Change component parameters: Designator = "R30_M5"; Footprint = "RESC1608N(0603")"; UniqueID = "\5WWVYVWXD\VOXHXVJF"
Change component parameters. Clean all parameters for all variants
Change component parameters (AddParameter): Name = "Created By"; Value = "Andy Bates"; VariantName = "[No Variations]"
Change component parameters (AddParameter): Name = "Date Created"; Value = "2017-05-10"; VariantName = "[No Variations]"
Change component parameters (AddParameter): Name = "Publisher"; Value = "AUVic"; VariantName = "[No Variations]"
Change component parameters (AddParameter): Name = "Supplier 1"; Value = "Digikey"; VariantName = "[No Variations]"
Change component parameters (AddParameter): Name = "Supplier Part Number 1"; Value = "311-1.00KHRCT-ND"; VariantName = "[No Variations]"
Change component parameters (AddParameter): Name = "Value"; Value = "1k"; VariantName = "[No Variations]"
Change component parameters: Designator = "R30_M6"; Footprint = "RESC1608N(0603")"; UniqueID = "\6WWVYVWXD\VOXHXVJF"
Change component parameters. Clean all parameters for all variants
Change component parameters (AddParameter): Name = "Created By"; Value = "Andy Bates"; VariantName = "[No Variations]"
Change component parameters (AddParameter): Name = "Date Created"; Value = "2017-05-10"; VariantName = "[No Variations]"
Change component parameters (AddParameter): Name = "Publisher"; Value = "AUVic"; VariantName = "[No Variations]"
Change component parameters (AddParameter): Name = "Supplier 1"; Value = "Digikey"; VariantName = "[No Variations]"
Change component parameters (AddParameter): Name = "Supplier Part Number 1"; Value = "311-1.00KHRCT-ND"; VariantName = "[No Variations]"
Change component parameters (AddParameter): Name = "Value"; Value = "1k"; VariantName = "[No Variations]"
Change component parameters: Designator = "R30_M7"; Footprint = "RESC1608N(0603")"; UniqueID = "\7WWVYVWXD\VOXHXVJF"
Change component parameters. Clean all parameters for all variants
Change component parameters (AddParameter): Name = "Created By"; Value = "Andy Bates"; VariantName = "[No Variations]"
Change component parameters (AddParameter): Name = "Date Created"; Value = "2017-05-10"; VariantName = "[No Variations]"
Change component parameters (AddParameter): Name = "Publisher"; Value = "AUVic"; VariantName = "[No Variations]"
Change component parameters (AddParameter): Name = "Supplier 1"; Value = "Digikey"; VariantName = "[No Variations]"
Change component parameters (AddParameter): Name = "Supplier Part Number 1"; Value = "311-1.00KHRCT-ND"; VariantName = "[No Variations]"
Change component parameters (AddParameter): Name = "Value"; Value = "1k"; VariantName = "[No Variations]"
Change component parameters: Designator = "R30_M8"; Footprint = "RESC1608N(0603")"; UniqueID = "\8WWVYVWXD\VOXHXVJF"
Change component parameters. Clean all parameters for all variants
Change component parameters (AddParameter): Name = "Created By"; Value = "Andy Bates"; VariantName = "[No Variations]"
Change component parameters (AddParameter): Name = "Date Created"; Value = "2017-05-10"; VariantName = "[No Variations]"
Change component parameters (AddParameter): Name = "Publisher"; Value = "AUVic"; VariantName = "[No Variations]"
Change component parameters (AddParameter): Name = "Supplier 1"; Value = "Digikey"; VariantName = "[No Variations]"
Change component parameters (AddParameter): Name = "Supplier Part Number 1"; Value = "311-1.00KHRCT-ND"; VariantName = "[No Variations]"
Change component parameters (AddParameter): Name = "Value"; Value = "1k"; VariantName = "[No Variations]"
