Removed Pin From Net: NetName=GND Pin=R5_M1-1
Removed Pin From Net: NetName=Motor_Curr_ADC1 Pin=R5_M1-2
Removed Pin From Net: NetName=GND Pin=R5_M2-1
Removed Pin From Net: NetName=Motor_Curr_ADC2 Pin=R5_M2-2
Removed Pin From Net: NetName=GND Pin=R5_M3-1
Removed Pin From Net: NetName=Motor_Curr_ADC3 Pin=R5_M3-2
Removed Pin From Net: NetName=GND Pin=R5_M4-1
Removed Pin From Net: NetName=Motor_Curr_ADC4 Pin=R5_M4-2
Removed Pin From Net: NetName=GND Pin=R5_M5-1
Removed Pin From Net: NetName=Motor_Curr_ADC5 Pin=R5_M5-2
Removed Pin From Net: NetName=GND Pin=R5_M6-1
Removed Pin From Net: NetName=Motor_Curr_ADC6 Pin=R5_M6-2
Removed Pin From Net: NetName=GND Pin=R5_M7-1
Removed Pin From Net: NetName=Motor_Curr_ADC7 Pin=R5_M7-2
Removed Pin From Net: NetName=GND Pin=R5_M8-1
Removed Pin From Net: NetName=Motor_Curr_ADC8 Pin=R5_M8-2
Removed Pin From Net: NetName=Motor_Curr_ADC1 Pin=U10_M1-1
Removed Pin From Net: NetName=GND Pin=U10_M1-2
Removed Pin From Net: NetName=Battery-Shunted Pin=U10_M1-3
Removed Pin From Net: NetName=NetJ2_M1_2 Pin=U10_M1-4
Removed Pin From Net: NetName=3V3 Pin=U10_M1-5
Removed Pin From Net: NetName=Motor_Curr_ADC2 Pin=U10_M2-1
Removed Pin From Net: NetName=GND Pin=U10_M2-2
Removed Pin From Net: NetName=Battery-Shunted Pin=U10_M2-3
Removed Pin From Net: NetName=NetJ2_M2_2 Pin=U10_M2-4
Removed Pin From Net: NetName=3V3 Pin=U10_M2-5
Removed Pin From Net: NetName=Motor_Curr_ADC3 Pin=U10_M3-1
Removed Pin From Net: NetName=GND Pin=U10_M3-2
Removed Pin From Net: NetName=Battery-Shunted Pin=U10_M3-3
Removed Pin From Net: NetName=NetJ2_M3_2 Pin=U10_M3-4
Removed Pin From Net: NetName=3V3 Pin=U10_M3-5
Removed Pin From Net: NetName=Motor_Curr_ADC4 Pin=U10_M4-1
Removed Pin From Net: NetName=GND Pin=U10_M4-2
Removed Pin From Net: NetName=Battery-Shunted Pin=U10_M4-3
Removed Pin From Net: NetName=NetJ2_M4_2 Pin=U10_M4-4
Removed Pin From Net: NetName=3V3 Pin=U10_M4-5
Removed Pin From Net: NetName=Motor_Curr_ADC5 Pin=U10_M5-1
Removed Pin From Net: NetName=GND Pin=U10_M5-2
Removed Pin From Net: NetName=Battery-Shunted Pin=U10_M5-3
Removed Pin From Net: NetName=NetJ2_M5_2 Pin=U10_M5-4
Removed Pin From Net: NetName=3V3 Pin=U10_M5-5
Removed Pin From Net: NetName=Motor_Curr_ADC6 Pin=U10_M6-1
Removed Pin From Net: NetName=GND Pin=U10_M6-2
Removed Pin From Net: NetName=Battery-Shunted Pin=U10_M6-3
Removed Pin From Net: NetName=NetJ2_M6_2 Pin=U10_M6-4
Removed Pin From Net: NetName=3V3 Pin=U10_M6-5
Removed Pin From Net: NetName=Motor_Curr_ADC7 Pin=U10_M7-1
Removed Pin From Net: NetName=GND Pin=U10_M7-2
Removed Pin From Net: NetName=Battery-Shunted Pin=U10_M7-3
Removed Pin From Net: NetName=NetJ2_M7_2 Pin=U10_M7-4
Removed Pin From Net: NetName=3V3 Pin=U10_M7-5
Removed Pin From Net: NetName=Motor_Curr_ADC8 Pin=U10_M8-1
Removed Pin From Net: NetName=GND Pin=U10_M8-2
Removed Pin From Net: NetName=Battery-Shunted Pin=U10_M8-3
Removed Pin From Net: NetName=NetJ2_M8_2 Pin=U10_M8-4
Removed Pin From Net: NetName=3V3 Pin=U10_M8-5
Removed Member From Class: ClassName=M1 Member=R5_M1
Removed Member From Class: ClassName=M2 Member=R5_M2
Removed Member From Class: ClassName=M3 Member=R5_M3
Removed Member From Class: ClassName=M4 Member=R5_M4
Removed Member From Class: ClassName=M5 Member=R5_M5
Removed Member From Class: ClassName=M6 Member=R5_M6
Removed Member From Class: ClassName=M7 Member=R5_M7
Removed Member From Class: ClassName=M8 Member=R5_M8
Removed Member From Class: ClassName=M1 Member=U10_M1
Removed Member From Class: ClassName=M2 Member=U10_M2
Removed Member From Class: ClassName=M3 Member=U10_M3
Removed Member From Class: ClassName=M4 Member=U10_M4
Removed Member From Class: ClassName=M5 Member=U10_M5
Removed Member From Class: ClassName=M6 Member=U10_M6
Removed Member From Class: ClassName=M7 Member=U10_M7
Removed Member From Class: ClassName=M8 Member=U10_M8
Change component parameters: Designator = "U7_M1"; Footprint = "SOP-14"; UniqueID = "\1WWVYVWXD\JMWNYREB"
Change component parameters. Clean all parameters for all variants
Change component parameters (AddParameter): Name = "Created By"; Value = "Jordan"; VariantName = "[No Variations]"
Change component parameters (AddParameter): Name = "Creation Date"; Value = "10/14/2016"; VariantName = "[No Variations]"
Change component parameters (AddParameter): Name = "LatestRevisionNote"; Value = "Re-released for DXP Platform."; VariantName = "[No Variations]"
Change component parameters (AddParameter): Name = "Publisher"; Value = "Altium Limited"; VariantName = "[No Variations]"
Change component parameters (AddParameter): Name = "Supplier"; Value = "Digikey"; VariantName = "[No Variations]"
Change component parameters (AddParameter): Name = "Supplier Part Number"; Value = "497-8198-2-ND"; VariantName = "[No Variations]"
Change component parameters: Designator = "U7_M2"; Footprint = "SOP-14"; UniqueID = "\2WWVYVWXD\JMWNYREB"
Change component parameters. Clean all parameters for all variants
Change component parameters (AddParameter): Name = "Created By"; Value = "Jordan"; VariantName = "[No Variations]"
Change component parameters (AddParameter): Name = "Creation Date"; Value = "10/14/2016"; VariantName = "[No Variations]"
Change component parameters (AddParameter): Name = "LatestRevisionNote"; Value = "Re-released for DXP Platform."; VariantName = "[No Variations]"
Change component parameters (AddParameter): Name = "Publisher"; Value = "Altium Limited"; VariantName = "[No Variations]"
Change component parameters (AddParameter): Name = "Supplier"; Value = "Digikey"; VariantName = "[No Variations]"
Change component parameters (AddParameter): Name = "Supplier Part Number"; Value = "497-8198-2-ND"; VariantName = "[No Variations]"
Change component parameters: Designator = "U7_M3"; Footprint = "SOP-14"; UniqueID = "\3WWVYVWXD\JMWNYREB"
Change component parameters. Clean all parameters for all variants
Change component parameters (AddParameter): Name = "Created By"; Value = "Jordan"; VariantName = "[No Variations]"
Change component parameters (AddParameter): Name = "Creation Date"; Value = "10/14/2016"; VariantName = "[No Variations]"
Change component parameters (AddParameter): Name = "LatestRevisionNote"; Value = "Re-released for DXP Platform."; VariantName = "[No Variations]"
Change component parameters (AddParameter): Name = "Publisher"; Value = "Altium Limited"; VariantName = "[No Variations]"
Change component parameters (AddParameter): Name = "Supplier"; Value = "Digikey"; VariantName = "[No Variations]"
Change component parameters (AddParameter): Name = "Supplier Part Number"; Value = "497-8198-2-ND"; VariantName = "[No Variations]"
Change component parameters: Designator = "U7_M4"; Footprint = "SOP-14"; UniqueID = "\4WWVYVWXD\JMWNYREB"
Change component parameters. Clean all parameters for all variants
Change component parameters (AddParameter): Name = "Created By"; Value = "Jordan"; VariantName = "[No Variations]"
Change component parameters (AddParameter): Name = "Creation Date"; Value = "10/14/2016"; VariantName = "[No Variations]"
Change component parameters (AddParameter): Name = "LatestRevisionNote"; Value = "Re-released for DXP Platform."; VariantName = "[No Variations]"
Change component parameters (AddParameter): Name = "Publisher"; Value = "Altium Limited"; VariantName = "[No Variations]"
Change component parameters (AddParameter): Name = "Supplier"; Value = "Digikey"; VariantName = "[No Variations]"
Change component parameters (AddParameter): Name = "Supplier Part Number"; Value = "497-8198-2-ND"; VariantName = "[No Variations]"
Change component parameters: Designator = "U7_M5"; Footprint = "SOP-14"; UniqueID = "\5WWVYVWXD\JMWNYREB"
Change component parameters. Clean all parameters for all variants
Change component parameters (AddParameter): Name = "Created By"; Value = "Jordan"; VariantName = "[No Variations]"
Change component parameters (AddParameter): Name = "Creation Date"; Value = "10/14/2016"; VariantName = "[No Variations]"
Change component parameters (AddParameter): Name = "LatestRevisionNote"; Value = "Re-released for DXP Platform."; VariantName = "[No Variations]"
Change component parameters (AddParameter): Name = "Publisher"; Value = "Altium Limited"; VariantName = "[No Variations]"
Change component parameters (AddParameter): Name = "Supplier"; Value = "Digikey"; VariantName = "[No Variations]"
Change component parameters (AddParameter): Name = "Supplier Part Number"; Value = "497-8198-2-ND"; VariantName = "[No Variations]"
Change component parameters: Designator = "U7_M6"; Footprint = "SOP-14"; UniqueID = "\6WWVYVWXD\JMWNYREB"
Change component parameters. Clean all parameters for all variants
Change component parameters (AddParameter): Name = "Created By"; Value = "Jordan"; VariantName = "[No Variations]"
Change component parameters (AddParameter): Name = "Creation Date"; Value = "10/14/2016"; VariantName = "[No Variations]"
Change component parameters (AddParameter): Name = "LatestRevisionNote"; Value = "Re-released for DXP Platform."; VariantName = "[No Variations]"
Change component parameters (AddParameter): Name = "Publisher"; Value = "Altium Limited"; VariantName = "[No Variations]"
Change component parameters (AddParameter): Name = "Supplier"; Value = "Digikey"; VariantName = "[No Variations]"
Change component parameters (AddParameter): Name = "Supplier Part Number"; Value = "497-8198-2-ND"; VariantName = "[No Variations]"
Change component parameters: Designator = "U7_M7"; Footprint = "SOP-14"; UniqueID = "\7WWVYVWXD\JMWNYREB"
Change component parameters. Clean all parameters for all variants
Change component parameters (AddParameter): Name = "Created By"; Value = "Jordan"; VariantName = "[No Variations]"
Change component parameters (AddParameter): Name = "Creation Date"; Value = "10/14/2016"; VariantName = "[No Variations]"
Change component parameters (AddParameter): Name = "LatestRevisionNote"; Value = "Re-released for DXP Platform."; VariantName = "[No Variations]"
Change component parameters (AddParameter): Name = "Publisher"; Value = "Altium Limited"; VariantName = "[No Variations]"
Change component parameters (AddParameter): Name = "Supplier"; Value = "Digikey"; VariantName = "[No Variations]"
Change component parameters (AddParameter): Name = "Supplier Part Number"; Value = "497-8198-2-ND"; VariantName = "[No Variations]"
Change component parameters: Designator = "U7_M8"; Footprint = "SOP-14"; UniqueID = "\8WWVYVWXD\JMWNYREB"
Change component parameters. Clean all parameters for all variants
Change component parameters (AddParameter): Name = "Created By"; Value = "Jordan"; VariantName = "[No Variations]"
Change component parameters (AddParameter): Name = "Creation Date"; Value = "10/14/2016"; VariantName = "[No Variations]"
Change component parameters (AddParameter): Name = "LatestRevisionNote"; Value = "Re-released for DXP Platform."; VariantName = "[No Variations]"
Change component parameters (AddParameter): Name = "Publisher"; Value = "Altium Limited"; VariantName = "[No Variations]"
Change component parameters (AddParameter): Name = "Supplier"; Value = "Digikey"; VariantName = "[No Variations]"
Change component parameters (AddParameter): Name = "Supplier Part Number"; Value = "497-8198-2-ND"; VariantName = "[No Variations]"
Added Component: Designator=R?_M1(RESC1608N(0603"))
Add component. Clean all parameters for all variants
Add component (AddParameter): Name = "Created By"; Value = "Andy Bates"; VariantName = "[No Variations]"
Add component (AddParameter): Name = "Date Created"; Value = "2017-05-10"; VariantName = "[No Variations]"
Add component (AddParameter): Name = "Publisher"; Value = "AUVic"; VariantName = "[No Variations]"
Add component (AddParameter): Name = "Supplier 1"; Value = "Digikey"; VariantName = "[No Variations]"
Add component (AddParameter): Name = "Supplier Part Number 1"; Value = "311-1.00KHRCT-ND"; VariantName = "[No Variations]"
Add component (AddParameter): Name = "Value"; Value = "1k"; VariantName = "[No Variations]"
Added Component: Designator=R?_M2(RESC1608N(0603"))
Add component. Clean all parameters for all variants
Add component (AddParameter): Name = "Created By"; Value = "Andy Bates"; VariantName = "[No Variations]"
Add component (AddParameter): Name = "Date Created"; Value = "2017-05-10"; VariantName = "[No Variations]"
Add component (AddParameter): Name = "Publisher"; Value = "AUVic"; VariantName = "[No Variations]"
Add component (AddParameter): Name = "Supplier 1"; Value = "Digikey"; VariantName = "[No Variations]"
Add component (AddParameter): Name = "Supplier Part Number 1"; Value = "311-1.00KHRCT-ND"; VariantName = "[No Variations]"
Add component (AddParameter): Name = "Value"; Value = "1k"; VariantName = "[No Variations]"
Added Component: Designator=R?_M3(RESC1608N(0603"))
Add component. Clean all parameters for all variants
Add component (AddParameter): Name = "Created By"; Value = "Andy Bates"; VariantName = "[No Variations]"
Add component (AddParameter): Name = "Date Created"; Value = "2017-05-10"; VariantName = "[No Variations]"
Add component (AddParameter): Name = "Publisher"; Value = "AUVic"; VariantName = "[No Variations]"
Add component (AddParameter): Name = "Supplier 1"; Value = "Digikey"; VariantName = "[No Variations]"
Add component (AddParameter): Name = "Supplier Part Number 1"; Value = "311-1.00KHRCT-ND"; VariantName = "[No Variations]"
Add component (AddParameter): Name = "Value"; Value = "1k"; VariantName = "[No Variations]"
Added Component: Designator=R?_M4(RESC1608N(0603"))
Add component. Clean all parameters for all variants
Add component (AddParameter): Name = "Created By"; Value = "Andy Bates"; VariantName = "[No Variations]"
Add component (AddParameter): Name = "Date Created"; Value = "2017-05-10"; VariantName = "[No Variations]"
Add component (AddParameter): Name = "Publisher"; Value = "AUVic"; VariantName = "[No Variations]"
Add component (AddParameter): Name = "Supplier 1"; Value = "Digikey"; VariantName = "[No Variations]"
Add component (AddParameter): Name = "Supplier Part Number 1"; Value = "311-1.00KHRCT-ND"; VariantName = "[No Variations]"
Add component (AddParameter): Name = "Value"; Value = "1k"; VariantName = "[No Variations]"
Added Component: Designator=R?_M5(RESC1608N(0603"))
Add component. Clean all parameters for all variants
Add component (AddParameter): Name = "Created By"; Value = "Andy Bates"; VariantName = "[No Variations]"
Add component (AddParameter): Name = "Date Created"; Value = "2017-05-10"; VariantName = "[No Variations]"
Add component (AddParameter): Name = "Publisher"; Value = "AUVic"; VariantName = "[No Variations]"
Add component (AddParameter): Name = "Supplier 1"; Value = "Digikey"; VariantName = "[No Variations]"
Add component (AddParameter): Name = "Supplier Part Number 1"; Value = "311-1.00KHRCT-ND"; VariantName = "[No Variations]"
Add component (AddParameter): Name = "Value"; Value = "1k"; VariantName = "[No Variations]"
Added Component: Designator=R?_M6(RESC1608N(0603"))
Add component. Clean all parameters for all variants
Add component (AddParameter): Name = "Created By"; Value = "Andy Bates"; VariantName = "[No Variations]"
Add component (AddParameter): Name = "Date Created"; Value = "2017-05-10"; VariantName = "[No Variations]"
Add component (AddParameter): Name = "Publisher"; Value = "AUVic"; VariantName = "[No Variations]"
Add component (AddParameter): Name = "Supplier 1"; Value = "Digikey"; VariantName = "[No Variations]"
Add component (AddParameter): Name = "Supplier Part Number 1"; Value = "311-1.00KHRCT-ND"; VariantName = "[No Variations]"
Add component (AddParameter): Name = "Value"; Value = "1k"; VariantName = "[No Variations]"
Added Component: Designator=R?_M7(RESC1608N(0603"))
Add component. Clean all parameters for all variants
Add component (AddParameter): Name = "Created By"; Value = "Andy Bates"; VariantName = "[No Variations]"
Add component (AddParameter): Name = "Date Created"; Value = "2017-05-10"; VariantName = "[No Variations]"
Add component (AddParameter): Name = "Publisher"; Value = "AUVic"; VariantName = "[No Variations]"
Add component (AddParameter): Name = "Supplier 1"; Value = "Digikey"; VariantName = "[No Variations]"
Add component (AddParameter): Name = "Supplier Part Number 1"; Value = "311-1.00KHRCT-ND"; VariantName = "[No Variations]"
Add component (AddParameter): Name = "Value"; Value = "1k"; VariantName = "[No Variations]"
Added Component: Designator=R?_M8(RESC1608N(0603"))
Add component. Clean all parameters for all variants
Add component (AddParameter): Name = "Created By"; Value = "Andy Bates"; VariantName = "[No Variations]"
Add component (AddParameter): Name = "Date Created"; Value = "2017-05-10"; VariantName = "[No Variations]"
Add component (AddParameter): Name = "Publisher"; Value = "AUVic"; VariantName = "[No Variations]"
Add component (AddParameter): Name = "Supplier 1"; Value = "Digikey"; VariantName = "[No Variations]"
Add component (AddParameter): Name = "Supplier Part Number 1"; Value = "311-1.00KHRCT-ND"; VariantName = "[No Variations]"
Add component (AddParameter): Name = "Value"; Value = "1k"; VariantName = "[No Variations]"
Added Component: Designator=U?_M1(SOT23-5)
Add component. Clean all parameters for all variants
Add component (AddParameter): Name = "Created By"; Value = "Jacob Lower"; VariantName = "[No Variations]"
Add component (AddParameter): Name = "Created On"; Value = "2016-03-16"; VariantName = "[No Variations]"
Add component (AddParameter): Name = "Publisher"; Value = "AUVic"; VariantName = "[No Variations]"
Add component (AddParameter): Name = "Supplier 1"; Value = "Digi-Key"; VariantName = "[No Variations]"
Add component (AddParameter): Name = "Supplier Part Number 1"; Value = "ZXCT1110W5-7DIDKR-ND"; VariantName = "[No Variations]"
Added Component: Designator=U?_M2(SOT23-5)
Add component. Clean all parameters for all variants
Add component (AddParameter): Name = "Created By"; Value = "Jacob Lower"; VariantName = "[No Variations]"
Add component (AddParameter): Name = "Created On"; Value = "2016-03-16"; VariantName = "[No Variations]"
Add component (AddParameter): Name = "Publisher"; Value = "AUVic"; VariantName = "[No Variations]"
Add component (AddParameter): Name = "Supplier 1"; Value = "Digi-Key"; VariantName = "[No Variations]"
Add component (AddParameter): Name = "Supplier Part Number 1"; Value = "ZXCT1110W5-7DIDKR-ND"; VariantName = "[No Variations]"
Added Component: Designator=U?_M3(SOT23-5)
Add component. Clean all parameters for all variants
Add component (AddParameter): Name = "Created By"; Value = "Jacob Lower"; VariantName = "[No Variations]"
Add component (AddParameter): Name = "Created On"; Value = "2016-03-16"; VariantName = "[No Variations]"
Add component (AddParameter): Name = "Publisher"; Value = "AUVic"; VariantName = "[No Variations]"
Add component (AddParameter): Name = "Supplier 1"; Value = "Digi-Key"; VariantName = "[No Variations]"
Add component (AddParameter): Name = "Supplier Part Number 1"; Value = "ZXCT1110W5-7DIDKR-ND"; VariantName = "[No Variations]"
Added Component: Designator=U?_M4(SOT23-5)
Add component. Clean all parameters for all variants
Add component (AddParameter): Name = "Created By"; Value = "Jacob Lower"; VariantName = "[No Variations]"
Add component (AddParameter): Name = "Created On"; Value = "2016-03-16"; VariantName = "[No Variations]"
Add component (AddParameter): Name = "Publisher"; Value = "AUVic"; VariantName = "[No Variations]"
Add component (AddParameter): Name = "Supplier 1"; Value = "Digi-Key"; VariantName = "[No Variations]"
Add component (AddParameter): Name = "Supplier Part Number 1"; Value = "ZXCT1110W5-7DIDKR-ND"; VariantName = "[No Variations]"
Added Component: Designator=U?_M5(SOT23-5)
Add component. Clean all parameters for all variants
Add component (AddParameter): Name = "Created By"; Value = "Jacob Lower"; VariantName = "[No Variations]"
Add component (AddParameter): Name = "Created On"; Value = "2016-03-16"; VariantName = "[No Variations]"
Add component (AddParameter): Name = "Publisher"; Value = "AUVic"; VariantName = "[No Variations]"
Add component (AddParameter): Name = "Supplier 1"; Value = "Digi-Key"; VariantName = "[No Variations]"
Add component (AddParameter): Name = "Supplier Part Number 1"; Value = "ZXCT1110W5-7DIDKR-ND"; VariantName = "[No Variations]"
Added Component: Designator=U?_M6(SOT23-5)
Add component. Clean all parameters for all variants
Add component (AddParameter): Name = "Created By"; Value = "Jacob Lower"; VariantName = "[No Variations]"
Add component (AddParameter): Name = "Created On"; Value = "2016-03-16"; VariantName = "[No Variations]"
Add component (AddParameter): Name = "Publisher"; Value = "AUVic"; VariantName = "[No Variations]"
Add component (AddParameter): Name = "Supplier 1"; Value = "Digi-Key"; VariantName = "[No Variations]"
Add component (AddParameter): Name = "Supplier Part Number 1"; Value = "ZXCT1110W5-7DIDKR-ND"; VariantName = "[No Variations]"
Added Component: Designator=U?_M7(SOT23-5)
Add component. Clean all parameters for all variants
Add component (AddParameter): Name = "Created By"; Value = "Jacob Lower"; VariantName = "[No Variations]"
Add component (AddParameter): Name = "Created On"; Value = "2016-03-16"; VariantName = "[No Variations]"
Add component (AddParameter): Name = "Publisher"; Value = "AUVic"; VariantName = "[No Variations]"
Add component (AddParameter): Name = "Supplier 1"; Value = "Digi-Key"; VariantName = "[No Variations]"
Add component (AddParameter): Name = "Supplier Part Number 1"; Value = "ZXCT1110W5-7DIDKR-ND"; VariantName = "[No Variations]"
Added Component: Designator=U?_M8(SOT23-5)
Add component. Clean all parameters for all variants
Add component (AddParameter): Name = "Created By"; Value = "Jacob Lower"; VariantName = "[No Variations]"
Add component (AddParameter): Name = "Created On"; Value = "2016-03-16"; VariantName = "[No Variations]"
Add component (AddParameter): Name = "Publisher"; Value = "AUVic"; VariantName = "[No Variations]"
Add component (AddParameter): Name = "Supplier 1"; Value = "Digi-Key"; VariantName = "[No Variations]"
Add component (AddParameter): Name = "Supplier Part Number 1"; Value = "ZXCT1110W5-7DIDKR-ND"; VariantName = "[No Variations]"
Added Pin To Net: NetName=GND Pin=R?_M1-1
Added Pin To Net: NetName=Motor_Curr_ADC1 Pin=R?_M1-2
Added Pin To Net: NetName=GND Pin=R?_M2-1
Added Pin To Net: NetName=Motor_Curr_ADC2 Pin=R?_M2-2
Added Pin To Net: NetName=GND Pin=R?_M3-1
Added Pin To Net: NetName=Motor_Curr_ADC3 Pin=R?_M3-2
Added Pin To Net: NetName=GND Pin=R?_M4-1
Added Pin To Net: NetName=Motor_Curr_ADC4 Pin=R?_M4-2
Added Pin To Net: NetName=GND Pin=R?_M5-1
Added Pin To Net: NetName=Motor_Curr_ADC5 Pin=R?_M5-2
Added Pin To Net: NetName=GND Pin=R?_M6-1
Added Pin To Net: NetName=Motor_Curr_ADC6 Pin=R?_M6-2
Added Pin To Net: NetName=GND Pin=R?_M7-1
Added Pin To Net: NetName=Motor_Curr_ADC7 Pin=R?_M7-2
Added Pin To Net: NetName=GND Pin=R?_M8-1
Added Pin To Net: NetName=Motor_Curr_ADC8 Pin=R?_M8-2
Added Pin To Net: NetName=GND Pin=U?_M1-2
Added Pin To Net: NetName=Motor_Curr_ADC1 Pin=U?_M1-3
Added Pin To Net: NetName=Battery-Shunted Pin=U?_M1-4
Added Pin To Net: NetName=NetJ2_M1_2 Pin=U?_M1-5
Added Pin To Net: NetName=GND Pin=U?_M2-2
Added Pin To Net: NetName=Motor_Curr_ADC2 Pin=U?_M2-3
Added Pin To Net: NetName=Battery-Shunted Pin=U?_M2-4
Added Pin To Net: NetName=NetJ2_M2_2 Pin=U?_M2-5
Added Pin To Net: NetName=GND Pin=U?_M3-2
Added Pin To Net: NetName=Motor_Curr_ADC3 Pin=U?_M3-3
Added Pin To Net: NetName=Battery-Shunted Pin=U?_M3-4
Added Pin To Net: NetName=NetJ2_M3_2 Pin=U?_M3-5
Added Pin To Net: NetName=GND Pin=U?_M4-2
Added Pin To Net: NetName=Motor_Curr_ADC4 Pin=U?_M4-3
Added Pin To Net: NetName=Battery-Shunted Pin=U?_M4-4
Added Pin To Net: NetName=NetJ2_M4_2 Pin=U?_M4-5
Added Pin To Net: NetName=GND Pin=U?_M5-2
Added Pin To Net: NetName=Motor_Curr_ADC5 Pin=U?_M5-3
Added Pin To Net: NetName=Battery-Shunted Pin=U?_M5-4
Added Pin To Net: NetName=NetJ2_M5_2 Pin=U?_M5-5
Added Pin To Net: NetName=GND Pin=U?_M6-2
Added Pin To Net: NetName=Motor_Curr_ADC6 Pin=U?_M6-3
Added Pin To Net: NetName=Battery-Shunted Pin=U?_M6-4
Added Pin To Net: NetName=NetJ2_M6_2 Pin=U?_M6-5
Added Pin To Net: NetName=GND Pin=U?_M7-2
Added Pin To Net: NetName=Motor_Curr_ADC7 Pin=U?_M7-3
Added Pin To Net: NetName=Battery-Shunted Pin=U?_M7-4
Added Pin To Net: NetName=NetJ2_M7_2 Pin=U?_M7-5
Added Pin To Net: NetName=GND Pin=U?_M8-2
Added Pin To Net: NetName=Motor_Curr_ADC8 Pin=U?_M8-3
Added Pin To Net: NetName=Battery-Shunted Pin=U?_M8-4
Added Pin To Net: NetName=NetJ2_M8_2 Pin=U?_M8-5
Added Member To Class: ClassName=M1 Member=Component R?_M1 (R?) 1k
Added Member To Class: ClassName=M2 Member=Component R?_M2 (R?) 1k
Added Member To Class: ClassName=M3 Member=Component R?_M3 (R?) 1k
Added Member To Class: ClassName=M4 Member=Component R?_M4 (R?) 1k
Added Member To Class: ClassName=M5 Member=Component R?_M5 (R?) 1k
Added Member To Class: ClassName=M6 Member=Component R?_M6 (R?) 1k
Added Member To Class: ClassName=M7 Member=Component R?_M7 (R?) 1k
Added Member To Class: ClassName=M8 Member=Component R?_M8 (R?) 1k
Added Member To Class: ClassName=M1 Member=Component U?_M1 (U?) ZXCT1110W5-7, Current Sensor, High-Side, Analog
Added Member To Class: ClassName=M2 Member=Component U?_M2 (U?) ZXCT1110W5-7, Current Sensor, High-Side, Analog
Added Member To Class: ClassName=M3 Member=Component U?_M3 (U?) ZXCT1110W5-7, Current Sensor, High-Side, Analog
Added Member To Class: ClassName=M4 Member=Component U?_M4 (U?) ZXCT1110W5-7, Current Sensor, High-Side, Analog
Added Member To Class: ClassName=M5 Member=Component U?_M5 (U?) ZXCT1110W5-7, Current Sensor, High-Side, Analog
Added Member To Class: ClassName=M6 Member=Component U?_M6 (U?) ZXCT1110W5-7, Current Sensor, High-Side, Analog
Added Member To Class: ClassName=M7 Member=Component U?_M7 (U?) ZXCT1110W5-7, Current Sensor, High-Side, Analog
Added Member To Class: ClassName=M8 Member=Component U?_M8 (U?) ZXCT1110W5-7, Current Sensor, High-Side, Analog
