Added Component: Designator=JP3(2X1 Males Header)
Add component. Clean all parameters for all variants
Add component (AddParameter): Name = "Made By"; Value = "Andy Bates"; VariantName = "[No Variations]"
Add component (AddParameter): Name = "Supplier 1"; Value = "Digi-Key"; VariantName = "[No Variations]"
Add component (AddParameter): Name = "Supplier Part Number 1"; Value = "952-3073-ND"; VariantName = "[No Variations]"
Added Pin To Net: NetName=SCL Pin=JP3-1
Added Pin To Net: NetName=SDA Pin=JP3-2
Change Net Name : Old Net Name=NetC27_M1_2 New Net Name=NetC4_2
Change Net Name : Old Net Name=NetC27_M2_2 New Net Name=NetC3_2
Change Net Name : Old Net Name=NetC27_M3_2 New Net Name=NetC7_2
Change Net Name : Old Net Name=NetC27_M4_2 New Net Name=NetC9_2
Change Net Name : Old Net Name=NetC27_M5_2 New Net Name=NetC13_2
Change Net Name : Old Net Name=NetC27_M6_2 New Net Name=NetC19_2
Change Net Name : Old Net Name=NetC27_M7_2 New Net Name=NetC24_2
Change Net Name : Old Net Name=NetC27_M8_2 New Net Name=NetC27_2
Change Net Name : Old Net Name=NetC28_M1_2 New Net Name=NetC2_2
Change Net Name : Old Net Name=NetC28_M2_2 New Net Name=NetC1_2
Change Net Name : Old Net Name=NetC28_M3_2 New Net Name=NetC8_2
Change Net Name : Old Net Name=NetC28_M4_2 New Net Name=NetC11_2
Change Net Name : Old Net Name=NetC28_M5_2 New Net Name=NetC18_2
Change Net Name : Old Net Name=NetC28_M6_2 New Net Name=NetC21_2
Change Net Name : Old Net Name=NetC28_M7_2 New Net Name=NetC26_2
Change Net Name : Old Net Name=NetC28_M8_2 New Net Name=NetC28_2
Change Net Name : Old Net Name=NetC44_M1_1 New Net Name=NetC50_1
Change Net Name : Old Net Name=NetC44_M1_2 New Net Name=NetC50_2
Change Net Name : Old Net Name=NetC44_M2_1 New Net Name=NetC51_1
Change Net Name : Old Net Name=NetC44_M2_2 New Net Name=NetC51_2
Change Net Name : Old Net Name=NetC44_M3_1 New Net Name=NetC49_1
Change Net Name : Old Net Name=NetC44_M3_2 New Net Name=NetC49_2
Change Net Name : Old Net Name=NetC44_M4_1 New Net Name=NetC48_1
Change Net Name : Old Net Name=NetC44_M4_2 New Net Name=NetC48_2
Change Net Name : Old Net Name=NetC44_M5_1 New Net Name=NetC47_1
Change Net Name : Old Net Name=NetC44_M5_2 New Net Name=NetC47_2
Change Net Name : Old Net Name=NetC44_M6_1 New Net Name=NetC46_1
Change Net Name : Old Net Name=NetC44_M6_2 New Net Name=NetC46_2
Change Net Name : Old Net Name=NetC44_M7_1 New Net Name=NetC45_1
Change Net Name : Old Net Name=NetC44_M7_2 New Net Name=NetC45_2
Change Net Name : Old Net Name=NetC44_M8_1 New Net Name=NetC44_1
Change Net Name : Old Net Name=NetC44_M8_2 New Net Name=NetC44_2
Change Net Name : Old Net Name=NetJ8_M1_2 New Net Name=NetJ1_2
Change Net Name : Old Net Name=NetJ8_M2_2 New Net Name=NetJ2_2
Change Net Name : Old Net Name=NetJ8_M3_2 New Net Name=NetJ3_2
Change Net Name : Old Net Name=NetJ8_M4_2 New Net Name=NetJ4_2
Change Net Name : Old Net Name=NetJ8_M5_2 New Net Name=NetJ5_2
Change Net Name : Old Net Name=NetJ8_M6_2 New Net Name=NetJ6_2
Change Net Name : Old Net Name=NetJ8_M7_2 New Net Name=NetJ7_2
Change Net Name : Old Net Name=NetJ8_M8_2 New Net Name=NetJ8_2
Change Net Name : Old Net Name=NetQ1_M1_1 New Net Name=NetQ7_1
Change Net Name : Old Net Name=NetQ1_M2_1 New Net Name=NetQ8_1
Change Net Name : Old Net Name=NetQ1_M3_1 New Net Name=NetQ6_1
Change Net Name : Old Net Name=NetQ1_M4_1 New Net Name=NetQ5_1
Change Net Name : Old Net Name=NetQ1_M5_1 New Net Name=NetQ4_1
Change Net Name : Old Net Name=NetQ1_M6_1 New Net Name=NetQ3_1
Change Net Name : Old Net Name=NetQ1_M7_1 New Net Name=NetQ2_1
Change Net Name : Old Net Name=NetQ1_M8_1 New Net Name=NetQ1_1
Change Net Name : Old Net Name=NetR44_M1_1 New Net Name=NetR4_1
Change Net Name : Old Net Name=NetR44_M2_1 New Net Name=NetR3_1
Change Net Name : Old Net Name=NetR44_M3_1 New Net Name=NetR10_1
Change Net Name : Old Net Name=NetR44_M4_1 New Net Name=NetR16_1
Change Net Name : Old Net Name=NetR44_M5_1 New Net Name=NetR25_1
Change Net Name : Old Net Name=NetR44_M6_1 New Net Name=NetR32_1
Change Net Name : Old Net Name=NetR44_M7_1 New Net Name=NetR38_1
Change Net Name : Old Net Name=NetR44_M8_1 New Net Name=NetR44_1
Change Net Name : Old Net Name=NetR47_M1_2 New Net Name=NetR6_2
Change Net Name : Old Net Name=NetR47_M2_2 New Net Name=NetR5_2
Change Net Name : Old Net Name=NetR47_M3_2 New Net Name=NetR13_2
Change Net Name : Old Net Name=NetR47_M4_2 New Net Name=NetR19_2
Change Net Name : Old Net Name=NetR47_M5_2 New Net Name=NetR27_2
Change Net Name : Old Net Name=NetR47_M6_2 New Net Name=NetR35_2
Change Net Name : Old Net Name=NetR47_M7_2 New Net Name=NetR41_2
Change Net Name : Old Net Name=NetR47_M8_2 New Net Name=NetR47_2
Added Member To Class: ClassName=I2C_Sensors Member=Component JP3 1X2 Pin Head
Added Room: Name=ADC_Sensors
Added Room: Name=I2C_Sensors
Added Room: Name=Interface
Added Room: Name=M1
Added Room: Name=M2
Added Room: Name=M3
Added Room: Name=M4
Added Room: Name=M5
Added Room: Name=M6
Added Room: Name=M7
Added Room: Name=M8
Added Room: Name=Micro
Added Room: Name=Power
