Removed Pin From Net: NetName=GND Pin=C39-1
Removed Pin From Net: NetName=GND Pin=C40-1
Removed Pin From Net: NetName=GND Pin=C41-1
Removed Pin From Net: NetName=GND Pin=C42-1
Removed Pin From Net: NetName=GND Pin=C43-1
Removed Pin From Net: NetName=3V3 Pin=C43-2
Removed Pin From Net: NetName=GND Pin=P1-5
Removed Pin From Net: NetName=TX-USB Pin=U9-1
Removed Pin From Net: NetName=3V3 Pin=U9-3
Removed Pin From Net: NetName=RX-USB Pin=U9-4
Removed Pin From Net: NetName=GND Pin=U9-5
Removed Pin From Net: NetName=3V3 Pin=U9-11
Removed Pin From Net: NetName=GND Pin=U9-13
Removed Member From Class: ClassName=Interface Member=C39
Removed Member From Class: ClassName=Interface Member=C40
Removed Member From Class: ClassName=Interface Member=C41
Removed Member From Class: ClassName=Interface Member=C42
Removed Member From Class: ClassName=Interface Member=C43
Removed Member From Class: ClassName=Interface Member=D4
Removed Member From Class: ClassName=Interface Member=D5
Removed Member From Class: ClassName=Interface Member=P1
Removed Member From Class: ClassName=Interface Member=R23
Removed Member From Class: ClassName=Interface Member=R24
Removed Member From Class: ClassName=Interface Member=R34
Removed Member From Class: ClassName=Interface Member=R35
Removed Member From Class: ClassName=Interface Member=U9
