Change Component Comment : Designator=R5_M1 Old Comment=200k New Comment=20kR
Change Component Comment : Designator=R5_M2 Old Comment=200k New Comment=20kR
Change Component Comment : Designator=R5_M3 Old Comment=200k New Comment=20kR
Change Component Comment : Designator=R5_M4 Old Comment=200k New Comment=20kR
Change Component Comment : Designator=R5_M5 Old Comment=200k New Comment=20kR
Change Component Comment : Designator=R5_M6 Old Comment=200k New Comment=20kR
Change Component Comment : Designator=R5_M7 Old Comment=200k New Comment=20kR
Change Component Comment : Designator=R5_M8 Old Comment=200k New Comment=20kR
Change component parameters: Designator = "R5_M1"; Footprint = "RESC1608N(0603")"; UniqueID = "\1WWVYVWXD\FBINKABH"
Change component parameters. Clean all parameters for all variants
Change component parameters (AddParameter): Name = "Created By"; Value = "Andy Bates"; VariantName = "[No Variations]"
Change component parameters (AddParameter): Name = "Date Created"; Value = "2016-09-8"; VariantName = "[No Variations]"
Change component parameters (AddParameter): Name = "Publisher"; Value = "AUVic"; VariantName = "[No Variations]"
Change component parameters (AddParameter): Name = "Supplier 1"; Value = "Digi-Key"; VariantName = "[No Variations]"
Change component parameters (AddParameter): Name = "Supplier Part Number 1"; Value = "311-20.0KHRCT-ND"; VariantName = "[No Variations]"
Change component parameters (AddParameter): Name = "Value"; Value = "20kR"; VariantName = "[No Variations]"
Change component parameters: Designator = "R5_M2"; Footprint = "RESC1608N(0603")"; UniqueID = "\2WWVYVWXD\FBINKABH"
Change component parameters. Clean all parameters for all variants
Change component parameters (AddParameter): Name = "Created By"; Value = "Andy Bates"; VariantName = "[No Variations]"
Change component parameters (AddParameter): Name = "Date Created"; Value = "2016-09-8"; VariantName = "[No Variations]"
Change component parameters (AddParameter): Name = "Publisher"; Value = "AUVic"; VariantName = "[No Variations]"
Change component parameters (AddParameter): Name = "Supplier 1"; Value = "Digi-Key"; VariantName = "[No Variations]"
Change component parameters (AddParameter): Name = "Supplier Part Number 1"; Value = "311-20.0KHRCT-ND"; VariantName = "[No Variations]"
Change component parameters (AddParameter): Name = "Value"; Value = "20kR"; VariantName = "[No Variations]"
Change component parameters: Designator = "R5_M3"; Footprint = "RESC1608N(0603")"; UniqueID = "\3WWVYVWXD\FBINKABH"
Change component parameters. Clean all parameters for all variants
Change component parameters (AddParameter): Name = "Created By"; Value = "Andy Bates"; VariantName = "[No Variations]"
Change component parameters (AddParameter): Name = "Date Created"; Value = "2016-09-8"; VariantName = "[No Variations]"
Change component parameters (AddParameter): Name = "Publisher"; Value = "AUVic"; VariantName = "[No Variations]"
Change component parameters (AddParameter): Name = "Supplier 1"; Value = "Digi-Key"; VariantName = "[No Variations]"
Change component parameters (AddParameter): Name = "Supplier Part Number 1"; Value = "311-20.0KHRCT-ND"; VariantName = "[No Variations]"
Change component parameters (AddParameter): Name = "Value"; Value = "20kR"; VariantName = "[No Variations]"
Change component parameters: Designator = "R5_M4"; Footprint = "RESC1608N(0603")"; UniqueID = "\4WWVYVWXD\FBINKABH"
Change component parameters. Clean all parameters for all variants
Change component parameters (AddParameter): Name = "Created By"; Value = "Andy Bates"; VariantName = "[No Variations]"
Change component parameters (AddParameter): Name = "Date Created"; Value = "2016-09-8"; VariantName = "[No Variations]"
Change component parameters (AddParameter): Name = "Publisher"; Value = "AUVic"; VariantName = "[No Variations]"
Change component parameters (AddParameter): Name = "Supplier 1"; Value = "Digi-Key"; VariantName = "[No Variations]"
Change component parameters (AddParameter): Name = "Supplier Part Number 1"; Value = "311-20.0KHRCT-ND"; VariantName = "[No Variations]"
Change component parameters (AddParameter): Name = "Value"; Value = "20kR"; VariantName = "[No Variations]"
Change component parameters: Designator = "R5_M5"; Footprint = "RESC1608N(0603")"; UniqueID = "\5WWVYVWXD\FBINKABH"
Change component parameters. Clean all parameters for all variants
Change component parameters (AddParameter): Name = "Created By"; Value = "Andy Bates"; VariantName = "[No Variations]"
Change component parameters (AddParameter): Name = "Date Created"; Value = "2016-09-8"; VariantName = "[No Variations]"
Change component parameters (AddParameter): Name = "Publisher"; Value = "AUVic"; VariantName = "[No Variations]"
Change component parameters (AddParameter): Name = "Supplier 1"; Value = "Digi-Key"; VariantName = "[No Variations]"
Change component parameters (AddParameter): Name = "Supplier Part Number 1"; Value = "311-20.0KHRCT-ND"; VariantName = "[No Variations]"
Change component parameters (AddParameter): Name = "Value"; Value = "20kR"; VariantName = "[No Variations]"
Change component parameters: Designator = "R5_M6"; Footprint = "RESC1608N(0603")"; UniqueID = "\6WWVYVWXD\FBINKABH"
Change component parameters. Clean all parameters for all variants
Change component parameters (AddParameter): Name = "Created By"; Value = "Andy Bates"; VariantName = "[No Variations]"
Change component parameters (AddParameter): Name = "Date Created"; Value = "2016-09-8"; VariantName = "[No Variations]"
Change component parameters (AddParameter): Name = "Publisher"; Value = "AUVic"; VariantName = "[No Variations]"
Change component parameters (AddParameter): Name = "Supplier 1"; Value = "Digi-Key"; VariantName = "[No Variations]"
Change component parameters (AddParameter): Name = "Supplier Part Number 1"; Value = "311-20.0KHRCT-ND"; VariantName = "[No Variations]"
Change component parameters (AddParameter): Name = "Value"; Value = "20kR"; VariantName = "[No Variations]"
Change component parameters: Designator = "R5_M7"; Footprint = "RESC1608N(0603")"; UniqueID = "\7WWVYVWXD\FBINKABH"
Change component parameters. Clean all parameters for all variants
Change component parameters (AddParameter): Name = "Created By"; Value = "Andy Bates"; VariantName = "[No Variations]"
Change component parameters (AddParameter): Name = "Date Created"; Value = "2016-09-8"; VariantName = "[No Variations]"
Change component parameters (AddParameter): Name = "Publisher"; Value = "AUVic"; VariantName = "[No Variations]"
Change component parameters (AddParameter): Name = "Supplier 1"; Value = "Digi-Key"; VariantName = "[No Variations]"
Change component parameters (AddParameter): Name = "Supplier Part Number 1"; Value = "311-20.0KHRCT-ND"; VariantName = "[No Variations]"
Change component parameters (AddParameter): Name = "Value"; Value = "20kR"; VariantName = "[No Variations]"
Change component parameters: Designator = "R5_M8"; Footprint = "RESC1608N(0603")"; UniqueID = "\8WWVYVWXD\FBINKABH"
Change component parameters. Clean all parameters for all variants
Change component parameters (AddParameter): Name = "Created By"; Value = "Andy Bates"; VariantName = "[No Variations]"
Change component parameters (AddParameter): Name = "Date Created"; Value = "2016-09-8"; VariantName = "[No Variations]"
Change component parameters (AddParameter): Name = "Publisher"; Value = "AUVic"; VariantName = "[No Variations]"
Change component parameters (AddParameter): Name = "Supplier 1"; Value = "Digi-Key"; VariantName = "[No Variations]"
Change component parameters (AddParameter): Name = "Supplier Part Number 1"; Value = "311-20.0KHRCT-ND"; VariantName = "[No Variations]"
Change component parameters (AddParameter): Name = "Value"; Value = "20kR"; VariantName = "[No Variations]"
