Removed Pin From Net: NetName=NetJ2_M1_1 Pin=J2_M1-1
Removed Pin From Net: NetName=GND Pin=J2_M1-2
Removed Pin From Net: NetName=NetJ2_M2_1 Pin=J2_M2-1
Removed Pin From Net: NetName=GND Pin=J2_M2-2
Removed Pin From Net: NetName=NetJ2_M3_1 Pin=J2_M3-1
Removed Pin From Net: NetName=GND Pin=J2_M3-2
Removed Pin From Net: NetName=NetJ2_M4_1 Pin=J2_M4-1
Removed Pin From Net: NetName=GND Pin=J2_M4-2
Removed Pin From Net: NetName=NetJ2_M5_1 Pin=J2_M5-1
Removed Pin From Net: NetName=GND Pin=J2_M5-2
Removed Pin From Net: NetName=NetJ2_M6_1 Pin=J2_M6-1
Removed Pin From Net: NetName=GND Pin=J2_M6-2
Removed Pin From Net: NetName=NetJ2_M7_1 Pin=J2_M7-1
Removed Pin From Net: NetName=GND Pin=J2_M7-2
Removed Pin From Net: NetName=NetJ2_M8_1 Pin=J2_M8-1
Removed Pin From Net: NetName=GND Pin=J2_M8-2
Removed Pin From Net: NetName=NetJ2_M1_1 Pin=U10_M1-3
Removed Pin From Net: NetName=Battery-Shunted Pin=U10_M1-4
Removed Pin From Net: NetName=NetJ2_M2_1 Pin=U10_M2-3
Removed Pin From Net: NetName=Battery-Shunted Pin=U10_M2-4
Removed Pin From Net: NetName=NetJ2_M3_1 Pin=U10_M3-3
Removed Pin From Net: NetName=Battery-Shunted Pin=U10_M3-4
Removed Pin From Net: NetName=NetJ2_M4_1 Pin=U10_M4-3
Removed Pin From Net: NetName=Battery-Shunted Pin=U10_M4-4
Removed Pin From Net: NetName=NetJ2_M5_1 Pin=U10_M5-3
Removed Pin From Net: NetName=Battery-Shunted Pin=U10_M5-4
Removed Pin From Net: NetName=NetJ2_M6_1 Pin=U10_M6-3
Removed Pin From Net: NetName=Battery-Shunted Pin=U10_M6-4
Removed Pin From Net: NetName=NetJ2_M7_1 Pin=U10_M7-3
Removed Pin From Net: NetName=Battery-Shunted Pin=U10_M7-4
Removed Pin From Net: NetName=NetJ2_M8_1 Pin=U10_M8-3
Removed Pin From Net: NetName=Battery-Shunted Pin=U10_M8-4
Added Pin To Net: NetName=GND Pin=J2_M1-1
Added Pin To Net: NetName=NetJ2_M1_1 Pin=J2_M1-2
Added Pin To Net: NetName=GND Pin=J2_M2-1
Added Pin To Net: NetName=NetJ2_M2_1 Pin=J2_M2-2
Added Pin To Net: NetName=GND Pin=J2_M3-1
Added Pin To Net: NetName=NetJ2_M3_1 Pin=J2_M3-2
Added Pin To Net: NetName=GND Pin=J2_M4-1
Added Pin To Net: NetName=NetJ2_M4_1 Pin=J2_M4-2
Added Pin To Net: NetName=GND Pin=J2_M5-1
Added Pin To Net: NetName=NetJ2_M5_1 Pin=J2_M5-2
Added Pin To Net: NetName=GND Pin=J2_M6-1
Added Pin To Net: NetName=NetJ2_M6_1 Pin=J2_M6-2
Added Pin To Net: NetName=GND Pin=J2_M7-1
Added Pin To Net: NetName=NetJ2_M7_1 Pin=J2_M7-2
Added Pin To Net: NetName=GND Pin=J2_M8-1
Added Pin To Net: NetName=NetJ2_M8_1 Pin=J2_M8-2
Added Pin To Net: NetName=Battery-Shunted Pin=U10_M1-3
Added Pin To Net: NetName=NetJ2_M1_1 Pin=U10_M1-4
Added Pin To Net: NetName=Battery-Shunted Pin=U10_M2-3
Added Pin To Net: NetName=NetJ2_M2_1 Pin=U10_M2-4
Added Pin To Net: NetName=Battery-Shunted Pin=U10_M3-3
Added Pin To Net: NetName=NetJ2_M3_1 Pin=U10_M3-4
Added Pin To Net: NetName=Battery-Shunted Pin=U10_M4-3
Added Pin To Net: NetName=NetJ2_M4_1 Pin=U10_M4-4
Added Pin To Net: NetName=Battery-Shunted Pin=U10_M5-3
Added Pin To Net: NetName=NetJ2_M5_1 Pin=U10_M5-4
Added Pin To Net: NetName=Battery-Shunted Pin=U10_M6-3
Added Pin To Net: NetName=NetJ2_M6_1 Pin=U10_M6-4
Added Pin To Net: NetName=Battery-Shunted Pin=U10_M7-3
Added Pin To Net: NetName=NetJ2_M7_1 Pin=U10_M7-4
Added Pin To Net: NetName=Battery-Shunted Pin=U10_M8-3
Added Pin To Net: NetName=NetJ2_M8_1 Pin=U10_M8-4
Change Net Name : Old Net Name=NetJ2_M1_1 New Net Name=NetJ2_M1_2
Change Net Name : Old Net Name=NetJ2_M2_1 New Net Name=NetJ2_M2_2
Change Net Name : Old Net Name=NetJ2_M3_1 New Net Name=NetJ2_M3_2
Change Net Name : Old Net Name=NetJ2_M4_1 New Net Name=NetJ2_M4_2
Change Net Name : Old Net Name=NetJ2_M5_1 New Net Name=NetJ2_M5_2
Change Net Name : Old Net Name=NetJ2_M6_1 New Net Name=NetJ2_M6_2
Change Net Name : Old Net Name=NetJ2_M7_1 New Net Name=NetJ2_M7_2
Change Net Name : Old Net Name=NetJ2_M8_1 New Net Name=NetJ2_M8_2
