Added Component: Designator=C1(CAPC1608N(0603"))
Added Component: Designator=C2(CAPC1608N(0603"))
Added Component: Designator=C3(CAPC1608N(0603"))
Added Component: Designator=C4(CAPC1608N(0603"))
Added Component: Designator=C5(CAPC1608N(0603"))
Added Component: Designator=C6(CAPC1608N(0603"))
Added Component: Designator=C7(CAPC1608N(0603"))
Added Component: Designator=C8(CAPC2012N(0805"))
Added Component: Designator=C9(CAPC2012N(0805"))
Added Component: Designator=C10(CAPC1608N(0603"))
Added Component: Designator=C11(CAPC1608N(0603"))
Added Component: Designator=C12(CAPC1608N(0603"))
Added Component: Designator=C13(CAPC1608N(0603"))
Added Component: Designator=C14(CAPC2012N(0805"))
Added Component: Designator=C15(CAPC2012N(0805"))
Added Component: Designator=C16(CAPC1608N(0603"))
Added Component: Designator=C17(CAPC1608N(0603"))
Added Component: Designator=C18(CAPC1608N(0603"))
Added Component: Designator=C19(CAPC1608N(0603"))
Added Component: Designator=C20(CAPC1608N(0603"))
Added Component: Designator=C21(CAPC1608N(0603"))
Added Component: Designator=C22(CAPC2012N(0805"))
Added Component: Designator=C23(CAPC1608N(0603"))
Added Component: Designator=C24(CAPC1608N(0603"))
Added Component: Designator=C25(CAPC1608N(0603"))
Added Component: Designator=C26(CAPC1608N(0603"))
Added Component: Designator=C27(CAPC1608N(0603"))
Added Component: Designator=C28(CAPC1608N(0603"))
Added Component: Designator=C29(CAPC1608N(0603"))
Added Component: Designator=C30(CAPC2012N(0805"))
Added Component: Designator=C31(CAPC1608N(0603"))
Added Component: Designator=C32(CAPC2012N(0805"))
Added Component: Designator=C33(CAPC1608N(0603"))
Added Component: Designator=C34(CAPC1608N(0603"))
Added Component: Designator=C35(CAPC1608N(0603"))
Added Component: Designator=C36_Motor_Connections1(CAPC1608N(0603"))
Added Component: Designator=C36_Motor_Connections2(CAPC1608N(0603"))
Added Component: Designator=C36_Motor_Connections3(CAPC1608N(0603"))
Added Component: Designator=C36_Motor_Connections4(CAPC1608N(0603"))
Added Component: Designator=C36_Motor_Connections5(CAPC1608N(0603"))
Added Component: Designator=C36_Motor_Connections6(CAPC1608N(0603"))
Added Component: Designator=C36_Motor_Connections7(CAPC1608N(0603"))
Added Component: Designator=C36_Motor_Connections8(CAPC1608N(0603"))
Added Component: Designator=C37_Motor_Connections1(CAPC1608N(0603"))
Added Component: Designator=C37_Motor_Connections2(CAPC1608N(0603"))
Added Component: Designator=C37_Motor_Connections3(CAPC1608N(0603"))
Added Component: Designator=C37_Motor_Connections4(CAPC1608N(0603"))
Added Component: Designator=C37_Motor_Connections5(CAPC1608N(0603"))
Added Component: Designator=C37_Motor_Connections6(CAPC1608N(0603"))
Added Component: Designator=C37_Motor_Connections7(CAPC1608N(0603"))
Added Component: Designator=C37_Motor_Connections8(CAPC1608N(0603"))
Added Component: Designator=C38_Motor_Connections1(CAPC1608N(0603"))
Added Component: Designator=C38_Motor_Connections2(CAPC1608N(0603"))
Added Component: Designator=C38_Motor_Connections3(CAPC1608N(0603"))
Added Component: Designator=C38_Motor_Connections4(CAPC1608N(0603"))
Added Component: Designator=C38_Motor_Connections5(CAPC1608N(0603"))
Added Component: Designator=C38_Motor_Connections6(CAPC1608N(0603"))
Added Component: Designator=C38_Motor_Connections7(CAPC1608N(0603"))
Added Component: Designator=C38_Motor_Connections8(CAPC1608N(0603"))
Added Component: Designator=C39(CAPC1608N(0603"))
Added Component: Designator=C40(CAPC1608N(0603"))
Added Component: Designator=C41(CAPC1608N(0603"))
Added Component: Designator=C42(CAPC1608N(0603"))
Added Component: Designator=C43(CAPC1608N(0603"))
Added Component: Designator=C44(CAPC1608N(0603"))
Added Component: Designator=C45(CAPC1608N(0603"))
Added Component: Designator=CN1(Header, Male, 1X6)
Added Component: Designator=CN2(Header, Male, 2x3, Pitch: 0.1" (2.54mm),THT)
Added Component: Designator=CN3_Motor_Connections1(Header, Male, 1X6)
Added Component: Designator=CN3_Motor_Connections2(Header, Male, 1X6)
Added Component: Designator=CN3_Motor_Connections3(Header, Male, 1X6)
Added Component: Designator=CN3_Motor_Connections4(Header, Male, 1X6)
Added Component: Designator=CN3_Motor_Connections5(Header, Male, 1X6)
Added Component: Designator=CN3_Motor_Connections6(Header, Male, 1X6)
Added Component: Designator=CN3_Motor_Connections7(Header, Male, 1X6)
Added Component: Designator=CN3_Motor_Connections8(Header, Male, 1X6)
Added Component: Designator=D1(SC-76)
Added Component: Designator=D2(SC-76)
Added Component: Designator=D3_Motor_Connections1(SC-76)
Added Component: Designator=D3_Motor_Connections2(SC-76)
Added Component: Designator=D3_Motor_Connections3(SC-76)
Added Component: Designator=D3_Motor_Connections4(SC-76)
Added Component: Designator=D3_Motor_Connections5(SC-76)
Added Component: Designator=D3_Motor_Connections6(SC-76)
Added Component: Designator=D3_Motor_Connections7(SC-76)
Added Component: Designator=D3_Motor_Connections8(SC-76)
Added Component: Designator=D7(LED0805)
Added Component: Designator=D11(SC-76)
Added Component: Designator=D12(SC-76)
Added Component: Designator=J3(4X1 Terminal Block)
Added Component: Designator=J12(4X1 Terminal Block)
Added Component: Designator=JP1(2X1 Males Header)
Added Component: Designator=JP2(2X1 Males Header)
Added Component: Designator=JP3(2X1 Males Header)
Added Component: Designator=L1(CB - 1007 (2518))
Added Component: Designator=P1(Mini B USB Footprint)
Added Component: Designator=Q1_Motor_Connections1(SOT-23)
Added Component: Designator=Q1_Motor_Connections2(SOT-23)
Added Component: Designator=Q1_Motor_Connections3(SOT-23)
Added Component: Designator=Q1_Motor_Connections4(SOT-23)
Added Component: Designator=Q1_Motor_Connections5(SOT-23)
Added Component: Designator=Q1_Motor_Connections6(SOT-23)
Added Component: Designator=Q1_Motor_Connections7(SOT-23)
Added Component: Designator=Q1_Motor_Connections8(SOT-23)
Added Component: Designator=R1(RESC1608N(0603"))
Added Component: Designator=R2(RESC1608N(0603"))
Added Component: Designator=R3(RESC1608N(0603"))
Added Component: Designator=R4(RESC6332N(2512"))
Added Component: Designator=R5_Motor_Connections1(RESC1608N(0603"))
Added Component: Designator=R5_Motor_Connections2(RESC1608N(0603"))
Added Component: Designator=R5_Motor_Connections3(RESC1608N(0603"))
Added Component: Designator=R5_Motor_Connections4(RESC1608N(0603"))
Added Component: Designator=R5_Motor_Connections5(RESC1608N(0603"))
Added Component: Designator=R5_Motor_Connections6(RESC1608N(0603"))
Added Component: Designator=R5_Motor_Connections7(RESC1608N(0603"))
Added Component: Designator=R5_Motor_Connections8(RESC1608N(0603"))
Added Component: Designator=R7(RESC1608N(0603"))
Added Component: Designator=R8(RESC1608N(0603"))
Added Component: Designator=R9(RESC1608N(0603"))
Added Component: Designator=R10_Motor_Connections1(RESC6332N(2512"))
Added Component: Designator=R10_Motor_Connections2(RESC6332N(2512"))
Added Component: Designator=R10_Motor_Connections3(RESC6332N(2512"))
Added Component: Designator=R10_Motor_Connections4(RESC6332N(2512"))
Added Component: Designator=R10_Motor_Connections5(RESC6332N(2512"))
Added Component: Designator=R10_Motor_Connections6(RESC6332N(2512"))
Added Component: Designator=R10_Motor_Connections7(RESC6332N(2512"))
Added Component: Designator=R10_Motor_Connections8(RESC6332N(2512"))
Added Component: Designator=R11_Motor_Connections1(RESC1608N(0603"))
Added Component: Designator=R11_Motor_Connections2(RESC1608N(0603"))
Added Component: Designator=R11_Motor_Connections3(RESC1608N(0603"))
Added Component: Designator=R11_Motor_Connections4(RESC1608N(0603"))
Added Component: Designator=R11_Motor_Connections5(RESC1608N(0603"))
Added Component: Designator=R11_Motor_Connections6(RESC1608N(0603"))
Added Component: Designator=R11_Motor_Connections7(RESC1608N(0603"))
Added Component: Designator=R11_Motor_Connections8(RESC1608N(0603"))
Added Component: Designator=R12(RESC1608N(0603"))
Added Component: Designator=R14_Motor_Connections1(RESC1608N(0603"))
Added Component: Designator=R14_Motor_Connections2(RESC1608N(0603"))
Added Component: Designator=R14_Motor_Connections3(RESC1608N(0603"))
Added Component: Designator=R14_Motor_Connections4(RESC1608N(0603"))
Added Component: Designator=R14_Motor_Connections5(RESC1608N(0603"))
Added Component: Designator=R14_Motor_Connections6(RESC1608N(0603"))
Added Component: Designator=R14_Motor_Connections7(RESC1608N(0603"))
Added Component: Designator=R14_Motor_Connections8(RESC1608N(0603"))
Added Component: Designator=R15_Motor_Connections1(RESC1608N(0603"))
Added Component: Designator=R15_Motor_Connections2(RESC1608N(0603"))
Added Component: Designator=R15_Motor_Connections3(RESC1608N(0603"))
Added Component: Designator=R15_Motor_Connections4(RESC1608N(0603"))
Added Component: Designator=R15_Motor_Connections5(RESC1608N(0603"))
Added Component: Designator=R15_Motor_Connections6(RESC1608N(0603"))
Added Component: Designator=R15_Motor_Connections7(RESC1608N(0603"))
Added Component: Designator=R15_Motor_Connections8(RESC1608N(0603"))
Added Component: Designator=R16_Motor_Connections1(RESC1608N(0603"))
Added Component: Designator=R16_Motor_Connections2(RESC1608N(0603"))
Added Component: Designator=R16_Motor_Connections3(RESC1608N(0603"))
Added Component: Designator=R16_Motor_Connections4(RESC1608N(0603"))
Added Component: Designator=R16_Motor_Connections5(RESC1608N(0603"))
Added Component: Designator=R16_Motor_Connections6(RESC1608N(0603"))
Added Component: Designator=R16_Motor_Connections7(RESC1608N(0603"))
Added Component: Designator=R16_Motor_Connections8(RESC1608N(0603"))
Added Component: Designator=R17_Motor_Connections1(RESC1608N(0603"))
Added Component: Designator=R17_Motor_Connections2(RESC1608N(0603"))
Added Component: Designator=R17_Motor_Connections3(RESC1608N(0603"))
Added Component: Designator=R17_Motor_Connections4(RESC1608N(0603"))
Added Component: Designator=R17_Motor_Connections5(RESC1608N(0603"))
Added Component: Designator=R17_Motor_Connections6(RESC1608N(0603"))
Added Component: Designator=R17_Motor_Connections7(RESC1608N(0603"))
Added Component: Designator=R17_Motor_Connections8(RESC1608N(0603"))
Added Component: Designator=R18_Motor_Connections1(RESC1608N(0603"))
Added Component: Designator=R18_Motor_Connections2(RESC1608N(0603"))
Added Component: Designator=R18_Motor_Connections3(RESC1608N(0603"))
Added Component: Designator=R18_Motor_Connections4(RESC1608N(0603"))
Added Component: Designator=R18_Motor_Connections5(RESC1608N(0603"))
Added Component: Designator=R18_Motor_Connections6(RESC1608N(0603"))
Added Component: Designator=R18_Motor_Connections7(RESC1608N(0603"))
Added Component: Designator=R18_Motor_Connections8(RESC1608N(0603"))
Added Component: Designator=R19(RESC1608N(0603"))
Added Component: Designator=R20(RESC1608N(0603"))
Added Component: Designator=R21_Motor_Connections1(RESC1608N(0603"))
Added Component: Designator=R21_Motor_Connections2(RESC1608N(0603"))
Added Component: Designator=R21_Motor_Connections3(RESC1608N(0603"))
Added Component: Designator=R21_Motor_Connections4(RESC1608N(0603"))
Added Component: Designator=R21_Motor_Connections5(RESC1608N(0603"))
Added Component: Designator=R21_Motor_Connections6(RESC1608N(0603"))
Added Component: Designator=R21_Motor_Connections7(RESC1608N(0603"))
Added Component: Designator=R21_Motor_Connections8(RESC1608N(0603"))
Added Component: Designator=R22(RESC1608N(0603"))
Added Component: Designator=R23(RESC1608N(0603"))
Added Component: Designator=R24(RESC1608N(0603"))
Added Component: Designator=R25(RESC1608N(0603"))
Added Component: Designator=R26(RESC1608N(0603"))
Added Component: Designator=R27(RESC1608N(0603"))
Added Component: Designator=R28(RESC1608N(0603"))
Added Component: Designator=R29(RESC1608N(0603"))
Added Component: Designator=R30_Motor_Connections1(RESC1608N(0603"))
Added Component: Designator=R30_Motor_Connections2(RESC1608N(0603"))
Added Component: Designator=R30_Motor_Connections3(RESC1608N(0603"))
Added Component: Designator=R30_Motor_Connections4(RESC1608N(0603"))
Added Component: Designator=R30_Motor_Connections5(RESC1608N(0603"))
Added Component: Designator=R30_Motor_Connections6(RESC1608N(0603"))
Added Component: Designator=R30_Motor_Connections7(RESC1608N(0603"))
Added Component: Designator=R30_Motor_Connections8(RESC1608N(0603"))
Added Component: Designator=R31(RESC1608N(0603"))
Added Component: Designator=R32(RESC1608N(0603"))
Added Component: Designator=SW1(4-SPST-NO)
Added Component: Designator=SW2(CL-2B-22A)
Added Component: Designator=SW3(CL-2B-22A)
Added Component: Designator=U1(8-SOIC)
Added Component: Designator=U2(TSOT-23-8)
Added Component: Designator=U3(TE Pressure Sensor (MS560702BA03-50))
Added Component: Designator=U4(SOT-223-4pin)
Added Component: Designator=U5(QFN-6)
Added Component: Designator=U6(MSOP-10)
Added Component: Designator=U7_Motor_Connections1(SOP-14)
Added Component: Designator=U7_Motor_Connections2(SOP-14)
Added Component: Designator=U7_Motor_Connections3(SOP-14)
Added Component: Designator=U7_Motor_Connections4(SOP-14)
Added Component: Designator=U7_Motor_Connections5(SOP-14)
Added Component: Designator=U7_Motor_Connections6(SOP-14)
Added Component: Designator=U7_Motor_Connections7(SOP-14)
Added Component: Designator=U7_Motor_Connections8(SOP-14)
Added Component: Designator=U8(SOIC-SN8_M)
Added Component: Designator=U9(SSOP16)
Added Component: Designator=U10_Motor_Connections1(SOT23-5)
Added Component: Designator=U10_Motor_Connections2(SOT23-5)
Added Component: Designator=U10_Motor_Connections3(SOT23-5)
Added Component: Designator=U10_Motor_Connections4(SOT23-5)
Added Component: Designator=U10_Motor_Connections5(SOT23-5)
Added Component: Designator=U10_Motor_Connections6(SOT23-5)
Added Component: Designator=U10_Motor_Connections7(SOT23-5)
Added Component: Designator=U10_Motor_Connections8(SOT23-5)
Added Component: Designator=X1(HC49/US)
Added Component: Designator=Y1(STM-LQFP100_M)
Added Pin To Net: NetName=-3V3 Pin=C15-2
Added Pin To Net: NetName=-3V3 Pin=U1-5
Added Pin To Net: NetName=-3V3 Pin=U7_Motor_Connections1-11
Added Pin To Net: NetName=-3V3 Pin=U7_Motor_Connections2-11
Added Pin To Net: NetName=-3V3 Pin=U7_Motor_Connections3-11
Added Pin To Net: NetName=-3V3 Pin=U7_Motor_Connections4-11
Added Pin To Net: NetName=-3V3 Pin=U7_Motor_Connections5-11
Added Pin To Net: NetName=-3V3 Pin=U7_Motor_Connections6-11
Added Pin To Net: NetName=-3V3 Pin=U7_Motor_Connections7-11
Added Pin To Net: NetName=-3V3 Pin=U7_Motor_Connections8-11
Added Net: Name=-3V3
Added Pin To Net: NetName=3V3-USB Pin=C43-2
Added Pin To Net: NetName=3V3-USB Pin=U9-3
Added Pin To Net: NetName=3V3-USB Pin=U9-10
Added Net: Name=3V3-USB
Added Pin To Net: NetName=3V3 Pin=C3-2
Added Pin To Net: NetName=3V3 Pin=C4-2
Added Pin To Net: NetName=3V3 Pin=C5-2
Added Pin To Net: NetName=3V3 Pin=C6-2
Added Pin To Net: NetName=3V3 Pin=C7-2
Added Pin To Net: NetName=3V3 Pin=C8-2
Added Pin To Net: NetName=3V3 Pin=C12-1
Added Pin To Net: NetName=3V3 Pin=C13-1
Added Pin To Net: NetName=3V3 Pin=C18-2
Added Pin To Net: NetName=3V3 Pin=C19-2
Added Pin To Net: NetName=3V3 Pin=C20-2
Added Pin To Net: NetName=3V3 Pin=C21-2
Added Pin To Net: NetName=3V3 Pin=C23-2
Added Pin To Net: NetName=3V3 Pin=C33-2
Added Pin To Net: NetName=3V3 Pin=C34-1
Added Pin To Net: NetName=3V3 Pin=C35-1
Added Pin To Net: NetName=3V3 Pin=C44-2
Added Pin To Net: NetName=3V3 Pin=C45-2
Added Pin To Net: NetName=3V3 Pin=CN1-1
Added Pin To Net: NetName=3V3 Pin=CN2-4
Added Pin To Net: NetName=3V3 Pin=CN2-5
Added Pin To Net: NetName=3V3 Pin=CN2-6
Added Pin To Net: NetName=3V3 Pin=D1-K
Added Pin To Net: NetName=3V3 Pin=D3_Motor_Connections1-K
Added Pin To Net: NetName=3V3 Pin=D3_Motor_Connections2-K
Added Pin To Net: NetName=3V3 Pin=D3_Motor_Connections3-K
Added Pin To Net: NetName=3V3 Pin=D3_Motor_Connections4-K
Added Pin To Net: NetName=3V3 Pin=D3_Motor_Connections5-K
Added Pin To Net: NetName=3V3 Pin=D3_Motor_Connections6-K
Added Pin To Net: NetName=3V3 Pin=D3_Motor_Connections7-K
Added Pin To Net: NetName=3V3 Pin=D3_Motor_Connections8-K
Added Pin To Net: NetName=3V3 Pin=JP1-2
Added Pin To Net: NetName=3V3 Pin=R8-1
Added Pin To Net: NetName=3V3 Pin=R9-1
Added Pin To Net: NetName=3V3 Pin=R11_Motor_Connections1-2
Added Pin To Net: NetName=3V3 Pin=R11_Motor_Connections2-2
Added Pin To Net: NetName=3V3 Pin=R11_Motor_Connections3-2
Added Pin To Net: NetName=3V3 Pin=R11_Motor_Connections4-2
Added Pin To Net: NetName=3V3 Pin=R11_Motor_Connections5-2
Added Pin To Net: NetName=3V3 Pin=R11_Motor_Connections6-2
Added Pin To Net: NetName=3V3 Pin=R11_Motor_Connections7-2
Added Pin To Net: NetName=3V3 Pin=R11_Motor_Connections8-2
Added Pin To Net: NetName=3V3 Pin=R12-2
Added Pin To Net: NetName=3V3 Pin=R16_Motor_Connections1-2
Added Pin To Net: NetName=3V3 Pin=R16_Motor_Connections2-2
Added Pin To Net: NetName=3V3 Pin=R16_Motor_Connections3-2
Added Pin To Net: NetName=3V3 Pin=R16_Motor_Connections4-2
Added Pin To Net: NetName=3V3 Pin=R16_Motor_Connections5-2
Added Pin To Net: NetName=3V3 Pin=R16_Motor_Connections6-2
Added Pin To Net: NetName=3V3 Pin=R16_Motor_Connections7-2
Added Pin To Net: NetName=3V3 Pin=R16_Motor_Connections8-2
Added Pin To Net: NetName=3V3 Pin=R20-2
Added Pin To Net: NetName=3V3 Pin=R22-2
Added Pin To Net: NetName=3V3 Pin=R25-2
Added Pin To Net: NetName=3V3 Pin=R31-1
Added Pin To Net: NetName=3V3 Pin=U1-8
Added Pin To Net: NetName=3V3 Pin=U3-1
Added Pin To Net: NetName=3V3 Pin=U3-2
Added Pin To Net: NetName=3V3 Pin=U4-2
Added Pin To Net: NetName=3V3 Pin=U4-4
Added Pin To Net: NetName=3V3 Pin=U5-5
Added Pin To Net: NetName=3V3 Pin=U6-1
Added Pin To Net: NetName=3V3 Pin=U6-2
Added Pin To Net: NetName=3V3 Pin=U6-6
Added Pin To Net: NetName=3V3 Pin=U7_Motor_Connections1-4
Added Pin To Net: NetName=3V3 Pin=U7_Motor_Connections2-4
Added Pin To Net: NetName=3V3 Pin=U7_Motor_Connections3-4
Added Pin To Net: NetName=3V3 Pin=U7_Motor_Connections4-4
Added Pin To Net: NetName=3V3 Pin=U7_Motor_Connections5-4
Added Pin To Net: NetName=3V3 Pin=U7_Motor_Connections6-4
Added Pin To Net: NetName=3V3 Pin=U7_Motor_Connections7-4
Added Pin To Net: NetName=3V3 Pin=U7_Motor_Connections8-4
Added Pin To Net: NetName=3V3 Pin=U8-1
Added Pin To Net: NetName=3V3 Pin=U9-11
Added Pin To Net: NetName=3V3 Pin=U10_Motor_Connections1-5
Added Pin To Net: NetName=3V3 Pin=U10_Motor_Connections2-5
Added Pin To Net: NetName=3V3 Pin=U10_Motor_Connections3-5
Added Pin To Net: NetName=3V3 Pin=U10_Motor_Connections4-5
Added Pin To Net: NetName=3V3 Pin=U10_Motor_Connections5-5
Added Pin To Net: NetName=3V3 Pin=U10_Motor_Connections6-5
Added Pin To Net: NetName=3V3 Pin=U10_Motor_Connections7-5
Added Pin To Net: NetName=3V3 Pin=U10_Motor_Connections8-5
Added Pin To Net: NetName=3V3 Pin=Y1-6
Added Pin To Net: NetName=3V3 Pin=Y1-11
Added Pin To Net: NetName=3V3 Pin=Y1-19
Added Pin To Net: NetName=3V3 Pin=Y1-21
Added Pin To Net: NetName=3V3 Pin=Y1-28
Added Pin To Net: NetName=3V3 Pin=Y1-50
Added Pin To Net: NetName=3V3 Pin=Y1-75
Added Pin To Net: NetName=3V3 Pin=Y1-100
Added Net: Name=3V3
Added Pin To Net: NetName=5V5 Pin=C17-2
Added Pin To Net: NetName=5V5 Pin=C22-2
Added Pin To Net: NetName=5V5 Pin=C26-2
Added Pin To Net: NetName=5V5 Pin=C27-1
Added Pin To Net: NetName=5V5 Pin=C28-1
Added Pin To Net: NetName=5V5 Pin=D12-A
Added Pin To Net: NetName=5V5 Pin=L1-2
Added Net: Name=5V5
Added Pin To Net: NetName=5V-USB Pin=C39-2
Added Pin To Net: NetName=5V-USB Pin=C40-2
Added Pin To Net: NetName=5V-USB Pin=C41-2
Added Pin To Net: NetName=5V-USB Pin=C42-2
Added Pin To Net: NetName=5V-USB Pin=P1-1
Added Pin To Net: NetName=5V-USB Pin=R23-2
Added Pin To Net: NetName=5V-USB Pin=R24-2
Added Pin To Net: NetName=5V-USB Pin=SW3-6
Added Pin To Net: NetName=5V-USB Pin=U9-12
Added Net: Name=5V-USB
Added Pin To Net: NetName=BATTERY-SHUNTED Pin=C29-2
Added Pin To Net: NetName=BATTERY-SHUNTED Pin=C30-2
Added Pin To Net: NetName=BATTERY-SHUNTED Pin=R4-2
Added Pin To Net: NetName=BATTERY-SHUNTED Pin=R10_Motor_Connections1-1
Added Pin To Net: NetName=BATTERY-SHUNTED Pin=R10_Motor_Connections2-1
Added Pin To Net: NetName=BATTERY-SHUNTED Pin=R10_Motor_Connections3-1
Added Pin To Net: NetName=BATTERY-SHUNTED Pin=R10_Motor_Connections4-1
Added Pin To Net: NetName=BATTERY-SHUNTED Pin=R10_Motor_Connections5-1
Added Pin To Net: NetName=BATTERY-SHUNTED Pin=R10_Motor_Connections6-1
Added Pin To Net: NetName=BATTERY-SHUNTED Pin=R10_Motor_Connections7-1
Added Pin To Net: NetName=BATTERY-SHUNTED Pin=R10_Motor_Connections8-1
Added Pin To Net: NetName=BATTERY-SHUNTED Pin=U2-3
Added Pin To Net: NetName=BATTERY-SHUNTED Pin=U6-9
Added Pin To Net: NetName=BATTERY-SHUNTED Pin=U10_Motor_Connections1-3
Added Pin To Net: NetName=BATTERY-SHUNTED Pin=U10_Motor_Connections2-3
Added Pin To Net: NetName=BATTERY-SHUNTED Pin=U10_Motor_Connections3-3
Added Pin To Net: NetName=BATTERY-SHUNTED Pin=U10_Motor_Connections4-3
Added Pin To Net: NetName=BATTERY-SHUNTED Pin=U10_Motor_Connections5-3
Added Pin To Net: NetName=BATTERY-SHUNTED Pin=U10_Motor_Connections6-3
Added Pin To Net: NetName=BATTERY-SHUNTED Pin=U10_Motor_Connections7-3
Added Pin To Net: NetName=BATTERY-SHUNTED Pin=U10_Motor_Connections8-3
Added Net: Name=BATTERY-SHUNTED
Added Pin To Net: NetName=BATTERY Pin=R4-1
Added Pin To Net: NetName=BATTERY Pin=U6-8
Added Pin To Net: NetName=BATTERY Pin=U6-10
Added Net: Name=BATTERY
Added Pin To Net: NetName=BOOT0 Pin=JP1-1
Added Pin To Net: NetName=BOOT0 Pin=R27-2
Added Pin To Net: NetName=BOOT0 Pin=Y1-94
Added Net: Name=BOOT0
Added Pin To Net: NetName=CON_USB_DATA_N Pin=P1-2
Added Pin To Net: NetName=CON_USB_DATA_N Pin=R28-1
Added Net: Name=CON_USB_DATA_N
Added Pin To Net: NetName=CON_USB_DATA_P Pin=P1-3
Added Pin To Net: NetName=CON_USB_DATA_P Pin=R29-1
Added Net: Name=CON_USB_DATA_P
Added Pin To Net: NetName=CONFIG-1 Pin=CN2-1
Added Pin To Net: NetName=CONFIG-1 Pin=R1-2
Added Pin To Net: NetName=CONFIG-1 Pin=Y1-3
Added Net: Name=CONFIG-1
Added Pin To Net: NetName=CONFIG-2 Pin=CN2-2
Added Pin To Net: NetName=CONFIG-2 Pin=R2-2
Added Pin To Net: NetName=CONFIG-2 Pin=Y1-2
Added Net: Name=CONFIG-2
Added Pin To Net: NetName=CONFIG-3 Pin=CN2-3
Added Pin To Net: NetName=CONFIG-3 Pin=R3-2
Added Pin To Net: NetName=CONFIG-3 Pin=Y1-1
Added Net: Name=CONFIG-3
Added Pin To Net: NetName=GND-USB Pin=C39-1
Added Pin To Net: NetName=GND-USB Pin=C40-1
Added Pin To Net: NetName=GND-USB Pin=C41-1
Added Pin To Net: NetName=GND-USB Pin=C42-1
Added Pin To Net: NetName=GND-USB Pin=C43-1
Added Pin To Net: NetName=GND-USB Pin=P1-4
Added Pin To Net: NetName=GND-USB Pin=P1-5
Added Pin To Net: NetName=GND-USB Pin=SW3-3
Added Pin To Net: NetName=GND-USB Pin=U9-5
Added Pin To Net: NetName=GND-USB Pin=U9-13
Added Net: Name=GND-USB
Added Pin To Net: NetName=GND Pin=C1-1
Added Pin To Net: NetName=GND Pin=C2-1
Added Pin To Net: NetName=GND Pin=C3-1
Added Pin To Net: NetName=GND Pin=C4-1
Added Pin To Net: NetName=GND Pin=C5-1
Added Pin To Net: NetName=GND Pin=C6-1
Added Pin To Net: NetName=GND Pin=C7-1
Added Pin To Net: NetName=GND Pin=C8-1
Added Pin To Net: NetName=GND Pin=C9-1
Added Pin To Net: NetName=GND Pin=C10-1
Added Pin To Net: NetName=GND Pin=C11-1
Added Pin To Net: NetName=GND Pin=C12-2
Added Pin To Net: NetName=GND Pin=C13-2
Added Pin To Net: NetName=GND Pin=C15-1
Added Pin To Net: NetName=GND Pin=C16-1
Added Pin To Net: NetName=GND Pin=C18-1
Added Pin To Net: NetName=GND Pin=C19-1
Added Pin To Net: NetName=GND Pin=C20-1
Added Pin To Net: NetName=GND Pin=C21-1
Added Pin To Net: NetName=GND Pin=C22-1
Added Pin To Net: NetName=GND Pin=C23-1
Added Pin To Net: NetName=GND Pin=C24-1
Added Pin To Net: NetName=GND Pin=C25-1
Added Pin To Net: NetName=GND Pin=C26-1
Added Pin To Net: NetName=GND Pin=C27-2
Added Pin To Net: NetName=GND Pin=C28-2
Added Pin To Net: NetName=GND Pin=C29-1
Added Pin To Net: NetName=GND Pin=C30-1
Added Pin To Net: NetName=GND Pin=C32-1
Added Pin To Net: NetName=GND Pin=C33-1
Added Pin To Net: NetName=GND Pin=C34-2
Added Pin To Net: NetName=GND Pin=C35-2
Added Pin To Net: NetName=GND Pin=C37_Motor_Connections1-1
Added Pin To Net: NetName=GND Pin=C37_Motor_Connections2-1
Added Pin To Net: NetName=GND Pin=C37_Motor_Connections3-1
Added Pin To Net: NetName=GND Pin=C37_Motor_Connections4-1
Added Pin To Net: NetName=GND Pin=C37_Motor_Connections5-1
Added Pin To Net: NetName=GND Pin=C37_Motor_Connections6-1
Added Pin To Net: NetName=GND Pin=C37_Motor_Connections7-1
Added Pin To Net: NetName=GND Pin=C37_Motor_Connections8-1
Added Pin To Net: NetName=GND Pin=C38_Motor_Connections1-1
Added Pin To Net: NetName=GND Pin=C38_Motor_Connections2-1
Added Pin To Net: NetName=GND Pin=C38_Motor_Connections3-1
Added Pin To Net: NetName=GND Pin=C38_Motor_Connections4-1
Added Pin To Net: NetName=GND Pin=C38_Motor_Connections5-1
Added Pin To Net: NetName=GND Pin=C38_Motor_Connections6-1
Added Pin To Net: NetName=GND Pin=C38_Motor_Connections7-1
Added Pin To Net: NetName=GND Pin=C38_Motor_Connections8-1
Added Pin To Net: NetName=GND Pin=C44-1
Added Pin To Net: NetName=GND Pin=C45-1
Added Pin To Net: NetName=GND Pin=CN1-3
Added Pin To Net: NetName=GND Pin=CN3_Motor_Connections1-1
Added Pin To Net: NetName=GND Pin=CN3_Motor_Connections1-6
Added Pin To Net: NetName=GND Pin=CN3_Motor_Connections2-1
Added Pin To Net: NetName=GND Pin=CN3_Motor_Connections2-6
Added Pin To Net: NetName=GND Pin=CN3_Motor_Connections3-1
Added Pin To Net: NetName=GND Pin=CN3_Motor_Connections3-6
Added Pin To Net: NetName=GND Pin=CN3_Motor_Connections4-1
Added Pin To Net: NetName=GND Pin=CN3_Motor_Connections4-6
Added Pin To Net: NetName=GND Pin=CN3_Motor_Connections5-1
Added Pin To Net: NetName=GND Pin=CN3_Motor_Connections5-6
Added Pin To Net: NetName=GND Pin=CN3_Motor_Connections6-1
Added Pin To Net: NetName=GND Pin=CN3_Motor_Connections6-6
Added Pin To Net: NetName=GND Pin=CN3_Motor_Connections7-1
Added Pin To Net: NetName=GND Pin=CN3_Motor_Connections7-6
Added Pin To Net: NetName=GND Pin=CN3_Motor_Connections8-1
Added Pin To Net: NetName=GND Pin=CN3_Motor_Connections8-6
Added Pin To Net: NetName=GND Pin=D2-A
Added Pin To Net: NetName=GND Pin=J3-2
Added Pin To Net: NetName=GND Pin=J3-4
Added Pin To Net: NetName=GND Pin=Q1_Motor_Connections1-2
Added Pin To Net: NetName=GND Pin=Q1_Motor_Connections2-2
Added Pin To Net: NetName=GND Pin=Q1_Motor_Connections3-2
Added Pin To Net: NetName=GND Pin=Q1_Motor_Connections4-2
Added Pin To Net: NetName=GND Pin=Q1_Motor_Connections5-2
Added Pin To Net: NetName=GND Pin=Q1_Motor_Connections6-2
Added Pin To Net: NetName=GND Pin=Q1_Motor_Connections7-2
Added Pin To Net: NetName=GND Pin=Q1_Motor_Connections8-2
Added Pin To Net: NetName=GND Pin=R1-1
Added Pin To Net: NetName=GND Pin=R2-1
Added Pin To Net: NetName=GND Pin=R3-1
Added Pin To Net: NetName=GND Pin=R5_Motor_Connections1-1
Added Pin To Net: NetName=GND Pin=R5_Motor_Connections2-1
Added Pin To Net: NetName=GND Pin=R5_Motor_Connections3-1
Added Pin To Net: NetName=GND Pin=R5_Motor_Connections4-1
Added Pin To Net: NetName=GND Pin=R5_Motor_Connections5-1
Added Pin To Net: NetName=GND Pin=R5_Motor_Connections6-1
Added Pin To Net: NetName=GND Pin=R5_Motor_Connections7-1
Added Pin To Net: NetName=GND Pin=R5_Motor_Connections8-1
Added Pin To Net: NetName=GND Pin=R7-1
Added Pin To Net: NetName=GND Pin=R15_Motor_Connections1-1
Added Pin To Net: NetName=GND Pin=R15_Motor_Connections2-1
Added Pin To Net: NetName=GND Pin=R15_Motor_Connections3-1
Added Pin To Net: NetName=GND Pin=R15_Motor_Connections4-1
Added Pin To Net: NetName=GND Pin=R15_Motor_Connections5-1
Added Pin To Net: NetName=GND Pin=R15_Motor_Connections6-1
Added Pin To Net: NetName=GND Pin=R15_Motor_Connections7-1
Added Pin To Net: NetName=GND Pin=R15_Motor_Connections8-1
Added Pin To Net: NetName=GND Pin=R19-1
Added Pin To Net: NetName=GND Pin=R21_Motor_Connections1-1
Added Pin To Net: NetName=GND Pin=R21_Motor_Connections2-1
Added Pin To Net: NetName=GND Pin=R21_Motor_Connections3-1
Added Pin To Net: NetName=GND Pin=R21_Motor_Connections4-1
Added Pin To Net: NetName=GND Pin=R21_Motor_Connections5-1
Added Pin To Net: NetName=GND Pin=R21_Motor_Connections6-1
Added Pin To Net: NetName=GND Pin=R21_Motor_Connections7-1
Added Pin To Net: NetName=GND Pin=R21_Motor_Connections8-1
Added Pin To Net: NetName=GND Pin=R27-1
Added Pin To Net: NetName=GND Pin=SW1-3
Added Pin To Net: NetName=GND Pin=SW1-4
Added Pin To Net: NetName=GND Pin=SW3-2
Added Pin To Net: NetName=GND Pin=SW3-4
Added Pin To Net: NetName=GND Pin=U1-3
Added Pin To Net: NetName=GND Pin=U1-6
Added Pin To Net: NetName=GND Pin=U2-1
Added Pin To Net: NetName=GND Pin=U2-4
Added Pin To Net: NetName=GND Pin=U3-3
Added Pin To Net: NetName=GND Pin=U3-4
Added Pin To Net: NetName=GND Pin=U4-1
Added Pin To Net: NetName=GND Pin=U5-2
Added Pin To Net: NetName=GND Pin=U6-7
Added Pin To Net: NetName=GND Pin=U7_Motor_Connections1-13
Added Pin To Net: NetName=GND Pin=U7_Motor_Connections2-13
Added Pin To Net: NetName=GND Pin=U7_Motor_Connections3-13
Added Pin To Net: NetName=GND Pin=U7_Motor_Connections4-13
Added Pin To Net: NetName=GND Pin=U7_Motor_Connections5-13
Added Pin To Net: NetName=GND Pin=U7_Motor_Connections6-13
Added Pin To Net: NetName=GND Pin=U7_Motor_Connections7-13
Added Pin To Net: NetName=GND Pin=U7_Motor_Connections8-13
Added Pin To Net: NetName=GND Pin=U8-4
Added Pin To Net: NetName=GND Pin=U10_Motor_Connections1-2
Added Pin To Net: NetName=GND Pin=U10_Motor_Connections2-2
Added Pin To Net: NetName=GND Pin=U10_Motor_Connections3-2
Added Pin To Net: NetName=GND Pin=U10_Motor_Connections4-2
Added Pin To Net: NetName=GND Pin=U10_Motor_Connections5-2
Added Pin To Net: NetName=GND Pin=U10_Motor_Connections6-2
Added Pin To Net: NetName=GND Pin=U10_Motor_Connections7-2
Added Pin To Net: NetName=GND Pin=U10_Motor_Connections8-2
Added Pin To Net: NetName=GND Pin=Y1-10
Added Pin To Net: NetName=GND Pin=Y1-20
Added Pin To Net: NetName=GND Pin=Y1-27
Added Pin To Net: NetName=GND Pin=Y1-49
Added Pin To Net: NetName=GND Pin=Y1-74
Added Pin To Net: NetName=GND Pin=Y1-99
Added Net: Name=GND
Added Pin To Net: NetName=GREEN Pin=R26-2
Added Pin To Net: NetName=GREEN Pin=Y1-58
Added Net: Name=GREEN
Added Pin To Net: NetName=MOTOR1 Pin=CN3_Motor_Connections1-3
Added Pin To Net: NetName=MOTOR1 Pin=Y1-24
Added Net: Name=MOTOR1
Added Pin To Net: NetName=MOTOR2 Pin=CN3_Motor_Connections2-3
Added Pin To Net: NetName=MOTOR2 Pin=Y1-26
Added Net: Name=MOTOR2
Added Pin To Net: NetName=MOTOR3 Pin=CN3_Motor_Connections3-3
Added Pin To Net: NetName=MOTOR3 Pin=Y1-59
Added Net: Name=MOTOR3
Added Pin To Net: NetName=MOTOR4 Pin=CN3_Motor_Connections4-3
Added Pin To Net: NetName=MOTOR4 Pin=Y1-61
Added Net: Name=MOTOR4
Added Pin To Net: NetName=MOTOR5 Pin=CN3_Motor_Connections5-3
Added Pin To Net: NetName=MOTOR5 Pin=Y1-67
Added Net: Name=MOTOR5
Added Pin To Net: NetName=MOTOR6 Pin=CN3_Motor_Connections6-3
Added Pin To Net: NetName=MOTOR6 Pin=Y1-69
Added Net: Name=MOTOR6
Added Pin To Net: NetName=MOTOR7 Pin=CN3_Motor_Connections7-3
Added Pin To Net: NetName=MOTOR7 Pin=Y1-31
Added Net: Name=MOTOR7
Added Pin To Net: NetName=MOTOR8 Pin=CN3_Motor_Connections8-3
Added Pin To Net: NetName=MOTOR8 Pin=Y1-35
Added Net: Name=MOTOR8
Added Pin To Net: NetName=MOTOR_CURR_ADC1 Pin=R5_Motor_Connections1-2
Added Pin To Net: NetName=MOTOR_CURR_ADC1 Pin=U10_Motor_Connections1-1
Added Net: Name=MOTOR_CURR_ADC1
Added Pin To Net: NetName=MOTOR_CURR_ADC2 Pin=R5_Motor_Connections2-2
Added Pin To Net: NetName=MOTOR_CURR_ADC2 Pin=U10_Motor_Connections2-1
Added Net: Name=MOTOR_CURR_ADC2
Added Pin To Net: NetName=MOTOR_CURR_ADC3 Pin=R5_Motor_Connections3-2
Added Pin To Net: NetName=MOTOR_CURR_ADC3 Pin=U10_Motor_Connections3-1
Added Net: Name=MOTOR_CURR_ADC3
Added Pin To Net: NetName=MOTOR_CURR_ADC4 Pin=R5_Motor_Connections4-2
Added Pin To Net: NetName=MOTOR_CURR_ADC4 Pin=U10_Motor_Connections4-1
Added Net: Name=MOTOR_CURR_ADC4
Added Pin To Net: NetName=MOTOR_CURR_ADC5 Pin=R5_Motor_Connections5-2
Added Pin To Net: NetName=MOTOR_CURR_ADC5 Pin=U10_Motor_Connections5-1
Added Net: Name=MOTOR_CURR_ADC5
Added Pin To Net: NetName=MOTOR_CURR_ADC6 Pin=R5_Motor_Connections6-2
Added Pin To Net: NetName=MOTOR_CURR_ADC6 Pin=U10_Motor_Connections6-1
Added Net: Name=MOTOR_CURR_ADC6
Added Pin To Net: NetName=MOTOR_CURR_ADC7 Pin=R5_Motor_Connections7-2
Added Pin To Net: NetName=MOTOR_CURR_ADC7 Pin=U10_Motor_Connections7-1
Added Net: Name=MOTOR_CURR_ADC7
Added Pin To Net: NetName=MOTOR_CURR_ADC8 Pin=R5_Motor_Connections8-2
Added Pin To Net: NetName=MOTOR_CURR_ADC8 Pin=U10_Motor_Connections8-1
Added Net: Name=MOTOR_CURR_ADC8
Added Pin To Net: NetName=MOTOR_CURR_MULTPEXER_CTRL1 Pin=Y1-80
Added Net: Name=MOTOR_CURR_MULTPEXER_CTRL1
Added Pin To Net: NetName=MOTOR_CURR_MULTPEXER_CTRL2 Pin=Y1-79
Added Net: Name=MOTOR_CURR_MULTPEXER_CTRL2
Added Pin To Net: NetName=MOTOR_CURR_MULTPEXER_CTRL3 Pin=Y1-78
Added Net: Name=MOTOR_CURR_MULTPEXER_CTRL3
Added Pin To Net: NetName=NetC14_1 Pin=C14-1
Added Pin To Net: NetName=NetC14_1 Pin=U1-4
Added Net: Name=NetC14_1
Added Pin To Net: NetName=NetC14_2 Pin=C14-2
Added Pin To Net: NetName=NetC14_2 Pin=U1-2
Added Net: Name=NetC14_2
Added Pin To Net: NetName=NetC16_2 Pin=C16-2
Added Pin To Net: NetName=NetC16_2 Pin=JP2-1
Added Pin To Net: NetName=NetC16_2 Pin=SW1-1
Added Pin To Net: NetName=NetC16_2 Pin=SW1-2
Added Net: Name=NetC16_2
Added Pin To Net: NetName=NetC17_1 Pin=C17-1
Added Pin To Net: NetName=NetC17_1 Pin=U2-6
Added Net: Name=NetC17_1
Added Pin To Net: NetName=NetC31_1 Pin=C31-1
Added Pin To Net: NetName=NetC31_1 Pin=U2-7
Added Net: Name=NetC31_1
Added Pin To Net: NetName=NetC31_2 Pin=C31-2
Added Pin To Net: NetName=NetC31_2 Pin=R7-2
Added Net: Name=NetC31_2
Added Pin To Net: NetName=NetC36_Motor_Connections1_1 Pin=C36_Motor_Connections1-1
Added Pin To Net: NetName=NetC36_Motor_Connections1_1 Pin=U7_Motor_Connections1-6
Added Pin To Net: NetName=NetC36_Motor_Connections1_1 Pin=U7_Motor_Connections1-7
Added Net: Name=NetC36_Motor_Connections1_1
Added Pin To Net: NetName=NetC36_Motor_Connections1_2 Pin=C36_Motor_Connections1-2
Added Pin To Net: NetName=NetC36_Motor_Connections1_2 Pin=R15_Motor_Connections1-2
Added Pin To Net: NetName=NetC36_Motor_Connections1_2 Pin=U7_Motor_Connections1-10
Added Net: Name=NetC36_Motor_Connections1_2
Added Pin To Net: NetName=NetC36_Motor_Connections2_1 Pin=C36_Motor_Connections2-1
Added Pin To Net: NetName=NetC36_Motor_Connections2_1 Pin=U7_Motor_Connections2-6
Added Pin To Net: NetName=NetC36_Motor_Connections2_1 Pin=U7_Motor_Connections2-7
Added Net: Name=NetC36_Motor_Connections2_1
Added Pin To Net: NetName=NetC36_Motor_Connections2_2 Pin=C36_Motor_Connections2-2
Added Pin To Net: NetName=NetC36_Motor_Connections2_2 Pin=R15_Motor_Connections2-2
Added Pin To Net: NetName=NetC36_Motor_Connections2_2 Pin=U7_Motor_Connections2-10
Added Net: Name=NetC36_Motor_Connections2_2
Added Pin To Net: NetName=NetC36_Motor_Connections3_1 Pin=C36_Motor_Connections3-1
Added Pin To Net: NetName=NetC36_Motor_Connections3_1 Pin=U7_Motor_Connections3-6
Added Pin To Net: NetName=NetC36_Motor_Connections3_1 Pin=U7_Motor_Connections3-7
Added Net: Name=NetC36_Motor_Connections3_1
Added Pin To Net: NetName=NetC36_Motor_Connections3_2 Pin=C36_Motor_Connections3-2
Added Pin To Net: NetName=NetC36_Motor_Connections3_2 Pin=R15_Motor_Connections3-2
Added Pin To Net: NetName=NetC36_Motor_Connections3_2 Pin=U7_Motor_Connections3-10
Added Net: Name=NetC36_Motor_Connections3_2
Added Pin To Net: NetName=NetC36_Motor_Connections4_1 Pin=C36_Motor_Connections4-1
Added Pin To Net: NetName=NetC36_Motor_Connections4_1 Pin=U7_Motor_Connections4-6
Added Pin To Net: NetName=NetC36_Motor_Connections4_1 Pin=U7_Motor_Connections4-7
Added Net: Name=NetC36_Motor_Connections4_1
Added Pin To Net: NetName=NetC36_Motor_Connections4_2 Pin=C36_Motor_Connections4-2
Added Pin To Net: NetName=NetC36_Motor_Connections4_2 Pin=R15_Motor_Connections4-2
Added Pin To Net: NetName=NetC36_Motor_Connections4_2 Pin=U7_Motor_Connections4-10
Added Net: Name=NetC36_Motor_Connections4_2
Added Pin To Net: NetName=NetC36_Motor_Connections5_1 Pin=C36_Motor_Connections5-1
Added Pin To Net: NetName=NetC36_Motor_Connections5_1 Pin=U7_Motor_Connections5-6
Added Pin To Net: NetName=NetC36_Motor_Connections5_1 Pin=U7_Motor_Connections5-7
Added Net: Name=NetC36_Motor_Connections5_1
Added Pin To Net: NetName=NetC36_Motor_Connections5_2 Pin=C36_Motor_Connections5-2
Added Pin To Net: NetName=NetC36_Motor_Connections5_2 Pin=R15_Motor_Connections5-2
Added Pin To Net: NetName=NetC36_Motor_Connections5_2 Pin=U7_Motor_Connections5-10
Added Net: Name=NetC36_Motor_Connections5_2
Added Pin To Net: NetName=NetC36_Motor_Connections6_1 Pin=C36_Motor_Connections6-1
Added Pin To Net: NetName=NetC36_Motor_Connections6_1 Pin=U7_Motor_Connections6-6
Added Pin To Net: NetName=NetC36_Motor_Connections6_1 Pin=U7_Motor_Connections6-7
Added Net: Name=NetC36_Motor_Connections6_1
Added Pin To Net: NetName=NetC36_Motor_Connections6_2 Pin=C36_Motor_Connections6-2
Added Pin To Net: NetName=NetC36_Motor_Connections6_2 Pin=R15_Motor_Connections6-2
Added Pin To Net: NetName=NetC36_Motor_Connections6_2 Pin=U7_Motor_Connections6-10
Added Net: Name=NetC36_Motor_Connections6_2
Added Pin To Net: NetName=NetC36_Motor_Connections7_1 Pin=C36_Motor_Connections7-1
Added Pin To Net: NetName=NetC36_Motor_Connections7_1 Pin=U7_Motor_Connections7-6
Added Pin To Net: NetName=NetC36_Motor_Connections7_1 Pin=U7_Motor_Connections7-7
Added Net: Name=NetC36_Motor_Connections7_1
Added Pin To Net: NetName=NetC36_Motor_Connections7_2 Pin=C36_Motor_Connections7-2
Added Pin To Net: NetName=NetC36_Motor_Connections7_2 Pin=R15_Motor_Connections7-2
Added Pin To Net: NetName=NetC36_Motor_Connections7_2 Pin=U7_Motor_Connections7-10
Added Net: Name=NetC36_Motor_Connections7_2
Added Pin To Net: NetName=NetC36_Motor_Connections8_1 Pin=C36_Motor_Connections8-1
Added Pin To Net: NetName=NetC36_Motor_Connections8_1 Pin=U7_Motor_Connections8-6
Added Pin To Net: NetName=NetC36_Motor_Connections8_1 Pin=U7_Motor_Connections8-7
Added Net: Name=NetC36_Motor_Connections8_1
Added Pin To Net: NetName=NetC36_Motor_Connections8_2 Pin=C36_Motor_Connections8-2
Added Pin To Net: NetName=NetC36_Motor_Connections8_2 Pin=R15_Motor_Connections8-2
Added Pin To Net: NetName=NetC36_Motor_Connections8_2 Pin=U7_Motor_Connections8-10
Added Net: Name=NetC36_Motor_Connections8_2
Added Pin To Net: NetName=NetC37_Motor_Connections1_2 Pin=C37_Motor_Connections1-2
Added Pin To Net: NetName=NetC37_Motor_Connections1_2 Pin=U7_Motor_Connections1-5
Added Net: Name=NetC37_Motor_Connections1_2
Added Pin To Net: NetName=NetC37_Motor_Connections2_2 Pin=C37_Motor_Connections2-2
Added Pin To Net: NetName=NetC37_Motor_Connections2_2 Pin=U7_Motor_Connections2-5
Added Net: Name=NetC37_Motor_Connections2_2
Added Pin To Net: NetName=NetC37_Motor_Connections3_2 Pin=C37_Motor_Connections3-2
Added Pin To Net: NetName=NetC37_Motor_Connections3_2 Pin=U7_Motor_Connections3-5
Added Net: Name=NetC37_Motor_Connections3_2
Added Pin To Net: NetName=NetC37_Motor_Connections4_2 Pin=C37_Motor_Connections4-2
Added Pin To Net: NetName=NetC37_Motor_Connections4_2 Pin=U7_Motor_Connections4-5
Added Net: Name=NetC37_Motor_Connections4_2
Added Pin To Net: NetName=NetC37_Motor_Connections5_2 Pin=C37_Motor_Connections5-2
Added Pin To Net: NetName=NetC37_Motor_Connections5_2 Pin=U7_Motor_Connections5-5
Added Net: Name=NetC37_Motor_Connections5_2
Added Pin To Net: NetName=NetC37_Motor_Connections6_2 Pin=C37_Motor_Connections6-2
Added Pin To Net: NetName=NetC37_Motor_Connections6_2 Pin=U7_Motor_Connections6-5
Added Net: Name=NetC37_Motor_Connections6_2
Added Pin To Net: NetName=NetC37_Motor_Connections7_2 Pin=C37_Motor_Connections7-2
Added Pin To Net: NetName=NetC37_Motor_Connections7_2 Pin=U7_Motor_Connections7-5
Added Net: Name=NetC37_Motor_Connections7_2
Added Pin To Net: NetName=NetC37_Motor_Connections8_2 Pin=C37_Motor_Connections8-2
Added Pin To Net: NetName=NetC37_Motor_Connections8_2 Pin=U7_Motor_Connections8-5
Added Net: Name=NetC37_Motor_Connections8_2
Added Pin To Net: NetName=NetC38_Motor_Connections1_2 Pin=C38_Motor_Connections1-2
Added Pin To Net: NetName=NetC38_Motor_Connections1_2 Pin=R14_Motor_Connections1-1
Added Pin To Net: NetName=NetC38_Motor_Connections1_2 Pin=U7_Motor_Connections1-12
Added Net: Name=NetC38_Motor_Connections1_2
Added Pin To Net: NetName=NetC38_Motor_Connections2_2 Pin=C38_Motor_Connections2-2
Added Pin To Net: NetName=NetC38_Motor_Connections2_2 Pin=R14_Motor_Connections2-1
Added Pin To Net: NetName=NetC38_Motor_Connections2_2 Pin=U7_Motor_Connections2-12
Added Net: Name=NetC38_Motor_Connections2_2
Added Pin To Net: NetName=NetC38_Motor_Connections3_2 Pin=C38_Motor_Connections3-2
Added Pin To Net: NetName=NetC38_Motor_Connections3_2 Pin=R14_Motor_Connections3-1
Added Pin To Net: NetName=NetC38_Motor_Connections3_2 Pin=U7_Motor_Connections3-12
Added Net: Name=NetC38_Motor_Connections3_2
Added Pin To Net: NetName=NetC38_Motor_Connections4_2 Pin=C38_Motor_Connections4-2
Added Pin To Net: NetName=NetC38_Motor_Connections4_2 Pin=R14_Motor_Connections4-1
Added Pin To Net: NetName=NetC38_Motor_Connections4_2 Pin=U7_Motor_Connections4-12
Added Net: Name=NetC38_Motor_Connections4_2
Added Pin To Net: NetName=NetC38_Motor_Connections5_2 Pin=C38_Motor_Connections5-2
Added Pin To Net: NetName=NetC38_Motor_Connections5_2 Pin=R14_Motor_Connections5-1
Added Pin To Net: NetName=NetC38_Motor_Connections5_2 Pin=U7_Motor_Connections5-12
Added Net: Name=NetC38_Motor_Connections5_2
Added Pin To Net: NetName=NetC38_Motor_Connections6_2 Pin=C38_Motor_Connections6-2
Added Pin To Net: NetName=NetC38_Motor_Connections6_2 Pin=R14_Motor_Connections6-1
Added Pin To Net: NetName=NetC38_Motor_Connections6_2 Pin=U7_Motor_Connections6-12
Added Net: Name=NetC38_Motor_Connections6_2
Added Pin To Net: NetName=NetC38_Motor_Connections7_2 Pin=C38_Motor_Connections7-2
Added Pin To Net: NetName=NetC38_Motor_Connections7_2 Pin=R14_Motor_Connections7-1
Added Pin To Net: NetName=NetC38_Motor_Connections7_2 Pin=U7_Motor_Connections7-12
Added Net: Name=NetC38_Motor_Connections7_2
Added Pin To Net: NetName=NetC38_Motor_Connections8_2 Pin=C38_Motor_Connections8-2
Added Pin To Net: NetName=NetC38_Motor_Connections8_2 Pin=R14_Motor_Connections8-1
Added Pin To Net: NetName=NetC38_Motor_Connections8_2 Pin=U7_Motor_Connections8-12
Added Net: Name=NetC38_Motor_Connections8_2
Added Pin To Net: NetName=NetCN3_Motor_Connections1_5 Pin=CN3_Motor_Connections1-5
Added Pin To Net: NetName=NetCN3_Motor_Connections1_5 Pin=R30_Motor_Connections1-2
Added Net: Name=NetCN3_Motor_Connections1_5
Added Pin To Net: NetName=NetCN3_Motor_Connections2_5 Pin=CN3_Motor_Connections2-5
Added Pin To Net: NetName=NetCN3_Motor_Connections2_5 Pin=R30_Motor_Connections2-2
Added Net: Name=NetCN3_Motor_Connections2_5
Added Pin To Net: NetName=NetCN3_Motor_Connections3_5 Pin=CN3_Motor_Connections3-5
Added Pin To Net: NetName=NetCN3_Motor_Connections3_5 Pin=R30_Motor_Connections3-2
Added Net: Name=NetCN3_Motor_Connections3_5
Added Pin To Net: NetName=NetCN3_Motor_Connections4_5 Pin=CN3_Motor_Connections4-5
Added Pin To Net: NetName=NetCN3_Motor_Connections4_5 Pin=R30_Motor_Connections4-2
Added Net: Name=NetCN3_Motor_Connections4_5
Added Pin To Net: NetName=NetCN3_Motor_Connections5_5 Pin=CN3_Motor_Connections5-5
Added Pin To Net: NetName=NetCN3_Motor_Connections5_5 Pin=R30_Motor_Connections5-2
Added Net: Name=NetCN3_Motor_Connections5_5
Added Pin To Net: NetName=NetCN3_Motor_Connections6_5 Pin=CN3_Motor_Connections6-5
Added Pin To Net: NetName=NetCN3_Motor_Connections6_5 Pin=R30_Motor_Connections6-2
Added Net: Name=NetCN3_Motor_Connections6_5
Added Pin To Net: NetName=NetCN3_Motor_Connections7_5 Pin=CN3_Motor_Connections7-5
Added Pin To Net: NetName=NetCN3_Motor_Connections7_5 Pin=R30_Motor_Connections7-2
Added Net: Name=NetCN3_Motor_Connections7_5
Added Pin To Net: NetName=NetCN3_Motor_Connections8_5 Pin=CN3_Motor_Connections8-5
Added Pin To Net: NetName=NetCN3_Motor_Connections8_5 Pin=R30_Motor_Connections8-2
Added Net: Name=NetCN3_Motor_Connections8_5
Added Pin To Net: NetName=NetD1_A Pin=D1-A
Added Pin To Net: NetName=NetD1_A Pin=D2-K
Added Pin To Net: NetName=NetD1_A Pin=R31-2
Added Pin To Net: NetName=NetD1_A Pin=R32-1
Added Pin To Net: NetName=NetD1_A Pin=Y1-16
Added Net: Name=NetD1_A
Added Pin To Net: NetName=NetD4_1 Pin=U9-7
Added Net: Name=NetD4_1
Added Pin To Net: NetName=NetD4_2 Pin=R24-1
Added Net: Name=NetD4_2
Added Pin To Net: NetName=NetD5_1 Pin=U9-14
Added Net: Name=NetD5_1
Added Pin To Net: NetName=NetD5_2 Pin=R23-1
Added Net: Name=NetD5_2
Added Pin To Net: NetName=NetD7_A Pin=R26-1
Added Net: Name=NetD7_A
Added Pin To Net: NetName=NetD11_A Pin=D11-A
Added Pin To Net: NetName=NetD11_A Pin=SW3-5
Added Net: Name=NetD11_A
Added Pin To Net: NetName=NetJ2_Motor_Connections1_1 Pin=R10_Motor_Connections1-2
Added Pin To Net: NetName=NetJ2_Motor_Connections1_1 Pin=U10_Motor_Connections1-4
Added Net: Name=NetJ2_Motor_Connections1_1
Added Pin To Net: NetName=NetJ2_Motor_Connections2_1 Pin=R10_Motor_Connections2-2
Added Pin To Net: NetName=NetJ2_Motor_Connections2_1 Pin=U10_Motor_Connections2-4
Added Net: Name=NetJ2_Motor_Connections2_1
Added Pin To Net: NetName=NetJ2_Motor_Connections3_1 Pin=R10_Motor_Connections3-2
Added Pin To Net: NetName=NetJ2_Motor_Connections3_1 Pin=U10_Motor_Connections3-4
Added Net: Name=NetJ2_Motor_Connections3_1
Added Pin To Net: NetName=NetJ2_Motor_Connections4_1 Pin=R10_Motor_Connections4-2
Added Pin To Net: NetName=NetJ2_Motor_Connections4_1 Pin=U10_Motor_Connections4-4
Added Net: Name=NetJ2_Motor_Connections4_1
Added Pin To Net: NetName=NetJ2_Motor_Connections5_1 Pin=R10_Motor_Connections5-2
Added Pin To Net: NetName=NetJ2_Motor_Connections5_1 Pin=U10_Motor_Connections5-4
Added Net: Name=NetJ2_Motor_Connections5_1
Added Pin To Net: NetName=NetJ2_Motor_Connections6_1 Pin=R10_Motor_Connections6-2
Added Pin To Net: NetName=NetJ2_Motor_Connections6_1 Pin=U10_Motor_Connections6-4
Added Net: Name=NetJ2_Motor_Connections6_1
Added Pin To Net: NetName=NetJ2_Motor_Connections7_1 Pin=R10_Motor_Connections7-2
Added Pin To Net: NetName=NetJ2_Motor_Connections7_1 Pin=U10_Motor_Connections7-4
Added Net: Name=NetJ2_Motor_Connections7_1
Added Pin To Net: NetName=NetJ2_Motor_Connections8_1 Pin=R10_Motor_Connections8-2
Added Pin To Net: NetName=NetJ2_Motor_Connections8_1 Pin=U10_Motor_Connections8-4
Added Net: Name=NetJ2_Motor_Connections8_1
Added Pin To Net: NetName=NetJ3_1 Pin=J3-1
Added Pin To Net: NetName=NetJ3_1 Pin=J3-3
Added Pin To Net: NetName=NetJ3_1 Pin=R32-2
Added Net: Name=NetJ3_1
Added Pin To Net: NetName=NetJ12_1 Pin=J12-1
Added Pin To Net: NetName=NetJ12_1 Pin=U8-8
Added Net: Name=NetJ12_1
Added Pin To Net: NetName=NetJ12_2 Pin=J12-2
Added Pin To Net: NetName=NetJ12_2 Pin=U8-7
Added Net: Name=NetJ12_2
Added Pin To Net: NetName=NetJ12_3 Pin=J12-3
Added Pin To Net: NetName=NetJ12_3 Pin=U8-6
Added Net: Name=NetJ12_3
Added Pin To Net: NetName=NetJ12_4 Pin=J12-4
Added Pin To Net: NetName=NetJ12_4 Pin=U8-5
Added Net: Name=NetJ12_4
Added Pin To Net: NetName=NetL1_1 Pin=L1-1
Added Pin To Net: NetName=NetL1_1 Pin=U2-5
Added Net: Name=NetL1_1
Added Pin To Net: NetName=NetQ1_Motor_Connections1_1 Pin=Q1_Motor_Connections1-1
Added Pin To Net: NetName=NetQ1_Motor_Connections1_1 Pin=R18_Motor_Connections1-2
Added Net: Name=NetQ1_Motor_Connections1_1
Added Pin To Net: NetName=NetQ1_Motor_Connections2_1 Pin=Q1_Motor_Connections2-1
Added Pin To Net: NetName=NetQ1_Motor_Connections2_1 Pin=R18_Motor_Connections2-2
Added Net: Name=NetQ1_Motor_Connections2_1
Added Pin To Net: NetName=NetQ1_Motor_Connections3_1 Pin=Q1_Motor_Connections3-1
Added Pin To Net: NetName=NetQ1_Motor_Connections3_1 Pin=R18_Motor_Connections3-2
Added Net: Name=NetQ1_Motor_Connections3_1
Added Pin To Net: NetName=NetQ1_Motor_Connections4_1 Pin=Q1_Motor_Connections4-1
Added Pin To Net: NetName=NetQ1_Motor_Connections4_1 Pin=R18_Motor_Connections4-2
Added Net: Name=NetQ1_Motor_Connections4_1
Added Pin To Net: NetName=NetQ1_Motor_Connections5_1 Pin=Q1_Motor_Connections5-1
Added Pin To Net: NetName=NetQ1_Motor_Connections5_1 Pin=R18_Motor_Connections5-2
Added Net: Name=NetQ1_Motor_Connections5_1
Added Pin To Net: NetName=NetQ1_Motor_Connections6_1 Pin=Q1_Motor_Connections6-1
Added Pin To Net: NetName=NetQ1_Motor_Connections6_1 Pin=R18_Motor_Connections6-2
Added Net: Name=NetQ1_Motor_Connections6_1
Added Pin To Net: NetName=NetQ1_Motor_Connections7_1 Pin=Q1_Motor_Connections7-1
Added Pin To Net: NetName=NetQ1_Motor_Connections7_1 Pin=R18_Motor_Connections7-2
Added Net: Name=NetQ1_Motor_Connections7_1
Added Pin To Net: NetName=NetQ1_Motor_Connections8_1 Pin=Q1_Motor_Connections8-1
Added Pin To Net: NetName=NetQ1_Motor_Connections8_1 Pin=R18_Motor_Connections8-2
Added Net: Name=NetQ1_Motor_Connections8_1
Added Pin To Net: NetName=NetR12_1 Pin=R12-1
Added Pin To Net: NetName=NetR12_1 Pin=U6-3
Added Pin To Net: NetName=NetR12_1 Pin=Y1-89
Added Net: Name=NetR12_1
Added Pin To Net: NetName=NetR13_Motor_Connections1_1 Pin=U7_Motor_Connections1-1
Added Pin To Net: NetName=NetR13_Motor_Connections1_1 Pin=U7_Motor_Connections1-2
Added Net: Name=NetR13_Motor_Connections1_1
Added Pin To Net: NetName=NetR13_Motor_Connections2_1 Pin=U7_Motor_Connections2-1
Added Pin To Net: NetName=NetR13_Motor_Connections2_1 Pin=U7_Motor_Connections2-2
Added Net: Name=NetR13_Motor_Connections2_1
Added Pin To Net: NetName=NetR13_Motor_Connections3_1 Pin=U7_Motor_Connections3-1
Added Pin To Net: NetName=NetR13_Motor_Connections3_1 Pin=U7_Motor_Connections3-2
Added Net: Name=NetR13_Motor_Connections3_1
Added Pin To Net: NetName=NetR13_Motor_Connections4_1 Pin=U7_Motor_Connections4-1
Added Pin To Net: NetName=NetR13_Motor_Connections4_1 Pin=U7_Motor_Connections4-2
Added Net: Name=NetR13_Motor_Connections4_1
Added Pin To Net: NetName=NetR13_Motor_Connections5_1 Pin=U7_Motor_Connections5-1
Added Pin To Net: NetName=NetR13_Motor_Connections5_1 Pin=U7_Motor_Connections5-2
Added Net: Name=NetR13_Motor_Connections5_1
Added Pin To Net: NetName=NetR13_Motor_Connections6_1 Pin=U7_Motor_Connections6-1
Added Pin To Net: NetName=NetR13_Motor_Connections6_1 Pin=U7_Motor_Connections6-2
Added Net: Name=NetR13_Motor_Connections6_1
Added Pin To Net: NetName=NetR13_Motor_Connections7_1 Pin=U7_Motor_Connections7-1
Added Pin To Net: NetName=NetR13_Motor_Connections7_1 Pin=U7_Motor_Connections7-2
Added Net: Name=NetR13_Motor_Connections7_1
Added Pin To Net: NetName=NetR13_Motor_Connections8_1 Pin=U7_Motor_Connections8-1
Added Pin To Net: NetName=NetR13_Motor_Connections8_1 Pin=U7_Motor_Connections8-2
Added Net: Name=NetR13_Motor_Connections8_1
Added Pin To Net: NetName=NetR14_Motor_Connections1_2 Pin=R14_Motor_Connections1-2
Added Pin To Net: NetName=NetR14_Motor_Connections1_2 Pin=U7_Motor_Connections1-8
Added Pin To Net: NetName=NetR14_Motor_Connections1_2 Pin=U7_Motor_Connections1-9
Added Net: Name=NetR14_Motor_Connections1_2
Added Pin To Net: NetName=NetR14_Motor_Connections2_2 Pin=R14_Motor_Connections2-2
Added Pin To Net: NetName=NetR14_Motor_Connections2_2 Pin=U7_Motor_Connections2-8
Added Pin To Net: NetName=NetR14_Motor_Connections2_2 Pin=U7_Motor_Connections2-9
Added Net: Name=NetR14_Motor_Connections2_2
Added Pin To Net: NetName=NetR14_Motor_Connections3_2 Pin=R14_Motor_Connections3-2
Added Pin To Net: NetName=NetR14_Motor_Connections3_2 Pin=U7_Motor_Connections3-8
Added Pin To Net: NetName=NetR14_Motor_Connections3_2 Pin=U7_Motor_Connections3-9
Added Net: Name=NetR14_Motor_Connections3_2
Added Pin To Net: NetName=NetR14_Motor_Connections4_2 Pin=R14_Motor_Connections4-2
Added Pin To Net: NetName=NetR14_Motor_Connections4_2 Pin=U7_Motor_Connections4-8
Added Pin To Net: NetName=NetR14_Motor_Connections4_2 Pin=U7_Motor_Connections4-9
Added Net: Name=NetR14_Motor_Connections4_2
Added Pin To Net: NetName=NetR14_Motor_Connections5_2 Pin=R14_Motor_Connections5-2
Added Pin To Net: NetName=NetR14_Motor_Connections5_2 Pin=U7_Motor_Connections5-8
Added Pin To Net: NetName=NetR14_Motor_Connections5_2 Pin=U7_Motor_Connections5-9
Added Net: Name=NetR14_Motor_Connections5_2
Added Pin To Net: NetName=NetR14_Motor_Connections6_2 Pin=R14_Motor_Connections6-2
Added Pin To Net: NetName=NetR14_Motor_Connections6_2 Pin=U7_Motor_Connections6-8
Added Pin To Net: NetName=NetR14_Motor_Connections6_2 Pin=U7_Motor_Connections6-9
Added Net: Name=NetR14_Motor_Connections6_2
Added Pin To Net: NetName=NetR14_Motor_Connections7_2 Pin=R14_Motor_Connections7-2
Added Pin To Net: NetName=NetR14_Motor_Connections7_2 Pin=U7_Motor_Connections7-8
Added Pin To Net: NetName=NetR14_Motor_Connections7_2 Pin=U7_Motor_Connections7-9
Added Net: Name=NetR14_Motor_Connections7_2
Added Pin To Net: NetName=NetR14_Motor_Connections8_2 Pin=R14_Motor_Connections8-2
Added Pin To Net: NetName=NetR14_Motor_Connections8_2 Pin=U7_Motor_Connections8-8
Added Pin To Net: NetName=NetR14_Motor_Connections8_2 Pin=U7_Motor_Connections8-9
Added Net: Name=NetR14_Motor_Connections8_2
Added Pin To Net: NetName=NetU11_3 Pin=Y1-17
Added Net: Name=NetU11_3
Added Pin To Net: NetName=NetU12_3 Pin=Y1-18
Added Net: Name=NetU12_3
Added Pin To Net: NetName=NRST Pin=CN1-5
Added Pin To Net: NetName=NRST Pin=JP2-2
Added Pin To Net: NetName=NRST Pin=R25-1
Added Pin To Net: NetName=NRST Pin=Y1-14
Added Net: Name=NRST
Added Pin To Net: NetName=OSC_IN Pin=C25-2
Added Pin To Net: NetName=OSC_IN Pin=X1-2
Added Pin To Net: NetName=OSC_IN Pin=Y1-12
Added Net: Name=OSC_IN
Added Pin To Net: NetName=OSC_OUT Pin=C24-2
Added Pin To Net: NetName=OSC_OUT Pin=X1-1
Added Pin To Net: NetName=OSC_OUT Pin=Y1-13
Added Net: Name=OSC_OUT
Added Pin To Net: NetName=POLE_Motor_Connections1 Pin=CN3_Motor_Connections1-4
Added Pin To Net: NetName=POLE_Motor_Connections1 Pin=R17_Motor_Connections1-2
Added Net: Name=POLE_Motor_Connections1
Added Pin To Net: NetName=POLE_Motor_Connections2 Pin=CN3_Motor_Connections2-4
Added Pin To Net: NetName=POLE_Motor_Connections2 Pin=R17_Motor_Connections2-2
Added Net: Name=POLE_Motor_Connections2
Added Pin To Net: NetName=POLE_Motor_Connections3 Pin=CN3_Motor_Connections3-4
Added Pin To Net: NetName=POLE_Motor_Connections3 Pin=R17_Motor_Connections3-2
Added Net: Name=POLE_Motor_Connections3
Added Pin To Net: NetName=POLE_Motor_Connections4 Pin=CN3_Motor_Connections4-4
Added Pin To Net: NetName=POLE_Motor_Connections4 Pin=R17_Motor_Connections4-2
Added Net: Name=POLE_Motor_Connections4
Added Pin To Net: NetName=POLE_Motor_Connections5 Pin=CN3_Motor_Connections5-4
Added Pin To Net: NetName=POLE_Motor_Connections5 Pin=R17_Motor_Connections5-2
Added Net: Name=POLE_Motor_Connections5
Added Pin To Net: NetName=POLE_Motor_Connections6 Pin=CN3_Motor_Connections6-4
Added Pin To Net: NetName=POLE_Motor_Connections6 Pin=R17_Motor_Connections6-2
Added Net: Name=POLE_Motor_Connections6
Added Pin To Net: NetName=POLE_Motor_Connections7 Pin=CN3_Motor_Connections7-4
Added Pin To Net: NetName=POLE_Motor_Connections7 Pin=R17_Motor_Connections7-2
Added Net: Name=POLE_Motor_Connections7
Added Pin To Net: NetName=POLE_Motor_Connections8 Pin=CN3_Motor_Connections8-4
Added Pin To Net: NetName=POLE_Motor_Connections8 Pin=R17_Motor_Connections8-2
Added Net: Name=POLE_Motor_Connections8
Added Pin To Net: NetName=RPM1 Pin=Q1_Motor_Connections1-3
Added Pin To Net: NetName=RPM1 Pin=R16_Motor_Connections1-1
Added Pin To Net: NetName=RPM1 Pin=Y1-23
Added Net: Name=RPM1
Added Pin To Net: NetName=RPM2 Pin=Q1_Motor_Connections2-3
Added Pin To Net: NetName=RPM2 Pin=R16_Motor_Connections2-1
Added Pin To Net: NetName=RPM2 Pin=Y1-25
Added Net: Name=RPM2
Added Pin To Net: NetName=RPM3 Pin=Q1_Motor_Connections3-3
Added Pin To Net: NetName=RPM3 Pin=R16_Motor_Connections3-1
Added Pin To Net: NetName=RPM3 Pin=Y1-60
Added Net: Name=RPM3
Added Pin To Net: NetName=RPM4 Pin=Q1_Motor_Connections4-3
Added Pin To Net: NetName=RPM4 Pin=R16_Motor_Connections4-1
Added Pin To Net: NetName=RPM4 Pin=Y1-62
Added Net: Name=RPM4
Added Pin To Net: NetName=RPM5 Pin=Q1_Motor_Connections5-3
Added Pin To Net: NetName=RPM5 Pin=R16_Motor_Connections5-1
Added Pin To Net: NetName=RPM5 Pin=Y1-68
Added Net: Name=RPM5
Added Pin To Net: NetName=RPM6 Pin=Q1_Motor_Connections6-3
Added Pin To Net: NetName=RPM6 Pin=R16_Motor_Connections6-1
Added Pin To Net: NetName=RPM6 Pin=Y1-70
Added Net: Name=RPM6
Added Pin To Net: NetName=RPM7 Pin=Q1_Motor_Connections7-3
Added Pin To Net: NetName=RPM7 Pin=R16_Motor_Connections7-1
Added Pin To Net: NetName=RPM7 Pin=Y1-32
Added Net: Name=RPM7
Added Pin To Net: NetName=RPM8 Pin=Q1_Motor_Connections8-3
Added Pin To Net: NetName=RPM8 Pin=R16_Motor_Connections8-1
Added Pin To Net: NetName=RPM8 Pin=Y1-36
Added Net: Name=RPM8
Added Pin To Net: NetName=RX-RS485 Pin=SW2-3
Added Pin To Net: NetName=RX-RS485 Pin=U8-2
Added Net: Name=RX-RS485
Added Pin To Net: NetName=RX-USB Pin=SW2-1
Added Pin To Net: NetName=RX-USB Pin=U9-4
Added Net: Name=RX-USB
Added Pin To Net: NetName=RX Pin=JP3-1
Added Pin To Net: NetName=RX Pin=SW2-2
Added Pin To Net: NetName=RX Pin=Y1-92
Added Net: Name=RX
Added Pin To Net: NetName=SCL Pin=R9-2
Added Pin To Net: NetName=SCL Pin=U3-8
Added Pin To Net: NetName=SCL Pin=U5-6
Added Pin To Net: NetName=SCL Pin=U6-5
Added Pin To Net: NetName=SCL Pin=Y1-95
Added Net: Name=SCL
Added Pin To Net: NetName=SDA Pin=R8-2
Added Pin To Net: NetName=SDA Pin=U3-7
Added Pin To Net: NetName=SDA Pin=U5-1
Added Pin To Net: NetName=SDA Pin=U6-4
Added Pin To Net: NetName=SDA Pin=Y1-96
Added Net: Name=SDA
Added Pin To Net: NetName=SIGNAL_IN_Motor_Connections1 Pin=D3_Motor_Connections1-A
Added Pin To Net: NetName=SIGNAL_IN_Motor_Connections1 Pin=R17_Motor_Connections1-1
Added Pin To Net: NetName=SIGNAL_IN_Motor_Connections1 Pin=R21_Motor_Connections1-2
Added Pin To Net: NetName=SIGNAL_IN_Motor_Connections1 Pin=U7_Motor_Connections1-3
Added Net: Name=SIGNAL_IN_Motor_Connections1
Added Pin To Net: NetName=SIGNAL_IN_Motor_Connections2 Pin=D3_Motor_Connections2-A
Added Pin To Net: NetName=SIGNAL_IN_Motor_Connections2 Pin=R17_Motor_Connections2-1
Added Pin To Net: NetName=SIGNAL_IN_Motor_Connections2 Pin=R21_Motor_Connections2-2
Added Pin To Net: NetName=SIGNAL_IN_Motor_Connections2 Pin=U7_Motor_Connections2-3
Added Net: Name=SIGNAL_IN_Motor_Connections2
Added Pin To Net: NetName=SIGNAL_IN_Motor_Connections3 Pin=D3_Motor_Connections3-A
Added Pin To Net: NetName=SIGNAL_IN_Motor_Connections3 Pin=R17_Motor_Connections3-1
Added Pin To Net: NetName=SIGNAL_IN_Motor_Connections3 Pin=R21_Motor_Connections3-2
Added Pin To Net: NetName=SIGNAL_IN_Motor_Connections3 Pin=U7_Motor_Connections3-3
Added Net: Name=SIGNAL_IN_Motor_Connections3
Added Pin To Net: NetName=SIGNAL_IN_Motor_Connections4 Pin=D3_Motor_Connections4-A
Added Pin To Net: NetName=SIGNAL_IN_Motor_Connections4 Pin=R17_Motor_Connections4-1
Added Pin To Net: NetName=SIGNAL_IN_Motor_Connections4 Pin=R21_Motor_Connections4-2
Added Pin To Net: NetName=SIGNAL_IN_Motor_Connections4 Pin=U7_Motor_Connections4-3
Added Net: Name=SIGNAL_IN_Motor_Connections4
Added Pin To Net: NetName=SIGNAL_IN_Motor_Connections5 Pin=D3_Motor_Connections5-A
Added Pin To Net: NetName=SIGNAL_IN_Motor_Connections5 Pin=R17_Motor_Connections5-1
Added Pin To Net: NetName=SIGNAL_IN_Motor_Connections5 Pin=R21_Motor_Connections5-2
Added Pin To Net: NetName=SIGNAL_IN_Motor_Connections5 Pin=U7_Motor_Connections5-3
Added Net: Name=SIGNAL_IN_Motor_Connections5
Added Pin To Net: NetName=SIGNAL_IN_Motor_Connections6 Pin=D3_Motor_Connections6-A
Added Pin To Net: NetName=SIGNAL_IN_Motor_Connections6 Pin=R17_Motor_Connections6-1
Added Pin To Net: NetName=SIGNAL_IN_Motor_Connections6 Pin=R21_Motor_Connections6-2
Added Pin To Net: NetName=SIGNAL_IN_Motor_Connections6 Pin=U7_Motor_Connections6-3
Added Net: Name=SIGNAL_IN_Motor_Connections6
Added Pin To Net: NetName=SIGNAL_IN_Motor_Connections7 Pin=D3_Motor_Connections7-A
Added Pin To Net: NetName=SIGNAL_IN_Motor_Connections7 Pin=R17_Motor_Connections7-1
Added Pin To Net: NetName=SIGNAL_IN_Motor_Connections7 Pin=R21_Motor_Connections7-2
Added Pin To Net: NetName=SIGNAL_IN_Motor_Connections7 Pin=U7_Motor_Connections7-3
Added Net: Name=SIGNAL_IN_Motor_Connections7
Added Pin To Net: NetName=SIGNAL_IN_Motor_Connections8 Pin=D3_Motor_Connections8-A
Added Pin To Net: NetName=SIGNAL_IN_Motor_Connections8 Pin=R17_Motor_Connections8-1
Added Pin To Net: NetName=SIGNAL_IN_Motor_Connections8 Pin=R21_Motor_Connections8-2
Added Pin To Net: NetName=SIGNAL_IN_Motor_Connections8 Pin=U7_Motor_Connections8-3
Added Net: Name=SIGNAL_IN_Motor_Connections8
Added Pin To Net: NetName=SIGNAL_OUT_Motor_Connections1 Pin=R18_Motor_Connections1-1
Added Pin To Net: NetName=SIGNAL_OUT_Motor_Connections1 Pin=U7_Motor_Connections1-14
Added Net: Name=SIGNAL_OUT_Motor_Connections1
Added Pin To Net: NetName=SIGNAL_OUT_Motor_Connections2 Pin=R18_Motor_Connections2-1
Added Pin To Net: NetName=SIGNAL_OUT_Motor_Connections2 Pin=U7_Motor_Connections2-14
Added Net: Name=SIGNAL_OUT_Motor_Connections2
Added Pin To Net: NetName=SIGNAL_OUT_Motor_Connections3 Pin=R18_Motor_Connections3-1
Added Pin To Net: NetName=SIGNAL_OUT_Motor_Connections3 Pin=U7_Motor_Connections3-14
Added Net: Name=SIGNAL_OUT_Motor_Connections3
Added Pin To Net: NetName=SIGNAL_OUT_Motor_Connections4 Pin=R18_Motor_Connections4-1
Added Pin To Net: NetName=SIGNAL_OUT_Motor_Connections4 Pin=U7_Motor_Connections4-14
Added Net: Name=SIGNAL_OUT_Motor_Connections4
Added Pin To Net: NetName=SIGNAL_OUT_Motor_Connections5 Pin=R18_Motor_Connections5-1
Added Pin To Net: NetName=SIGNAL_OUT_Motor_Connections5 Pin=U7_Motor_Connections5-14
Added Net: Name=SIGNAL_OUT_Motor_Connections5
Added Pin To Net: NetName=SIGNAL_OUT_Motor_Connections6 Pin=R18_Motor_Connections6-1
Added Pin To Net: NetName=SIGNAL_OUT_Motor_Connections6 Pin=U7_Motor_Connections6-14
Added Net: Name=SIGNAL_OUT_Motor_Connections6
Added Pin To Net: NetName=SIGNAL_OUT_Motor_Connections7 Pin=R18_Motor_Connections7-1
Added Pin To Net: NetName=SIGNAL_OUT_Motor_Connections7 Pin=U7_Motor_Connections7-14
Added Net: Name=SIGNAL_OUT_Motor_Connections7
Added Pin To Net: NetName=SIGNAL_OUT_Motor_Connections8 Pin=R18_Motor_Connections8-1
Added Pin To Net: NetName=SIGNAL_OUT_Motor_Connections8 Pin=U7_Motor_Connections8-14
Added Net: Name=SIGNAL_OUT_Motor_Connections8
Added Pin To Net: NetName=SWCLK Pin=CN1-2
Added Pin To Net: NetName=SWCLK Pin=R19-2
Added Net: Name=SWCLK
Added Pin To Net: NetName=SWDIO Pin=CN1-4
Added Pin To Net: NetName=SWDIO Pin=R20-1
Added Net: Name=SWDIO
Added Pin To Net: NetName=SWO Pin=CN1-6
Added Pin To Net: NetName=SWO Pin=R22-1
Added Net: Name=SWO
Added Pin To Net: NetName=TEMP_MULTPEXER_CTRL1 Pin=Y1-83
Added Net: Name=TEMP_MULTPEXER_CTRL1
Added Pin To Net: NetName=TEMP_MULTPEXER_CTRL2 Pin=Y1-82
Added Net: Name=TEMP_MULTPEXER_CTRL2
Added Pin To Net: NetName=TEMP_MULTPEXER_CTRL3 Pin=Y1-81
Added Net: Name=TEMP_MULTPEXER_CTRL3
Added Pin To Net: NetName=THERM_ADC1 Pin=R11_Motor_Connections1-1
Added Pin To Net: NetName=THERM_ADC1 Pin=R30_Motor_Connections1-1
Added Net: Name=THERM_ADC1
Added Pin To Net: NetName=THERM_ADC2 Pin=R11_Motor_Connections2-1
Added Pin To Net: NetName=THERM_ADC2 Pin=R30_Motor_Connections2-1
Added Net: Name=THERM_ADC2
Added Pin To Net: NetName=THERM_ADC3 Pin=R11_Motor_Connections3-1
Added Pin To Net: NetName=THERM_ADC3 Pin=R30_Motor_Connections3-1
Added Net: Name=THERM_ADC3
Added Pin To Net: NetName=THERM_ADC4 Pin=R11_Motor_Connections4-1
Added Pin To Net: NetName=THERM_ADC4 Pin=R30_Motor_Connections4-1
Added Net: Name=THERM_ADC4
Added Pin To Net: NetName=THERM_ADC5 Pin=R11_Motor_Connections5-1
Added Pin To Net: NetName=THERM_ADC5 Pin=R30_Motor_Connections5-1
Added Net: Name=THERM_ADC5
Added Pin To Net: NetName=THERM_ADC6 Pin=R11_Motor_Connections6-1
Added Pin To Net: NetName=THERM_ADC6 Pin=R30_Motor_Connections6-1
Added Net: Name=THERM_ADC6
Added Pin To Net: NetName=THERM_ADC7 Pin=R11_Motor_Connections7-1
Added Pin To Net: NetName=THERM_ADC7 Pin=R30_Motor_Connections7-1
Added Net: Name=THERM_ADC7
Added Pin To Net: NetName=THERM_ADC8 Pin=R11_Motor_Connections8-1
Added Pin To Net: NetName=THERM_ADC8 Pin=R30_Motor_Connections8-1
Added Net: Name=THERM_ADC8
Added Pin To Net: NetName=TX-RS485 Pin=SW2-6
Added Pin To Net: NetName=TX-RS485 Pin=U8-3
Added Net: Name=TX-RS485
Added Pin To Net: NetName=TX-USB Pin=SW2-4
Added Pin To Net: NetName=TX-USB Pin=U9-1
Added Net: Name=TX-USB
Added Pin To Net: NetName=TX Pin=JP3-2
Added Pin To Net: NetName=TX Pin=SW2-5
Added Pin To Net: NetName=TX Pin=Y1-93
Added Net: Name=TX
Added Pin To Net: NetName=USB_DATA_N Pin=R28-2
Added Pin To Net: NetName=USB_DATA_N Pin=U9-9
Added Net: Name=USB_DATA_N
Added Pin To Net: NetName=USB_DATA_P Pin=R29-2
Added Pin To Net: NetName=USB_DATA_P Pin=U9-8
Added Net: Name=USB_DATA_P
Added Pin To Net: NetName=VCAP_1 Pin=C1-2
Added Pin To Net: NetName=VCAP_1 Pin=Y1-48
Added Net: Name=VCAP_1
Added Pin To Net: NetName=VCAP_2 Pin=C2-2
Added Pin To Net: NetName=VCAP_2 Pin=Y1-73
Added Net: Name=VCAP_2
Added Pin To Net: NetName=VIN Pin=C9-2
Added Pin To Net: NetName=VIN Pin=C10-2
Added Pin To Net: NetName=VIN Pin=C11-2
Added Pin To Net: NetName=VIN Pin=C32-2
Added Pin To Net: NetName=VIN Pin=D11-K
Added Pin To Net: NetName=VIN Pin=D12-K
Added Pin To Net: NetName=VIN Pin=U4-3
Added Net: Name=VIN
Added Class: Name=ADC_Sensors
Added Class: Name=I2C_Sensors
Added Class: Name=Interface
Added Class: Name=Micro
Added Class: Name=Motor_Connections1
Added Class: Name=Motor_Connections2
Added Class: Name=Motor_Connections3
Added Class: Name=Motor_Connections4
Added Class: Name=Motor_Connections5
Added Class: Name=Motor_Connections6
Added Class: Name=Motor_Connections7
Added Class: Name=Motor_Connections8
Added Class: Name=Power
Added Class: Name=MOTOR[1..8]
Added Class: Name=MOTOR_CURR_ADC[1..8]
Added Class: Name=MOTOR_CURR_MULTPEXER_CTRL[1..3]
Added Class: Name=RPM[1..8]
Added Class: Name=TEMP_MULTPEXER_CTRL[1..3]
Added Class: Name=THERM_ADC[1..8]
Added Differential Pair: Name=CON_USB_DATA
Added Differential Pair: Name=USB_DATA
Added Class: Name=motor-connections-power
Added Room: Name=ADC_Sensors
Added Room: Name=I2C_Sensors
Added Room: Name=Interface
Added Room: Name=Micro
Added Room: Name=Motor_Connections1
Added Room: Name=Motor_Connections2
Added Room: Name=Motor_Connections3
Added Room: Name=Motor_Connections4
Added Room: Name=Motor_Connections5
Added Room: Name=Motor_Connections6
Added Room: Name=Motor_Connections7
Added Room: Name=Motor_Connections8
Added Room: Name=Power
