Added Component: Designator=C1(CAPC1608N(0603"))
Added Component: Designator=C2(CAPC1608N(0603"))
Added Component: Designator=C3(CAPC1608N(0603"))
Added Component: Designator=C4(CAPC1608N(0603"))
Added Component: Designator=C5(CAPC1608N(0603"))
Added Component: Designator=C6(CAPC1608N(0603"))
Added Component: Designator=C7(CAPC1608N(0603"))
Added Component: Designator=C8(CAPC2012N(0805"))
Added Component: Designator=C9(CAPC2012N(0805"))
Added Component: Designator=C10(CAPC1608N(0603"))
Added Component: Designator=C11(CAPC1608N(0603"))
Added Component: Designator=C12(CAPC1608N(0603"))
Added Component: Designator=C13(CAPC1608N(0603"))
Added Component: Designator=C14(CAPC2012N(0805"))
Added Component: Designator=C15(CAPC2012N(0805"))
Added Component: Designator=C16(CAPC1608N(0603"))
Added Component: Designator=C17(CAPC1608N(0603"))
Added Component: Designator=C18(CAPC1608N(0603"))
Added Component: Designator=C19(CAPC1608N(0603"))
Added Component: Designator=C20(CAPC1608N(0603"))
Added Component: Designator=C21(CAPC1608N(0603"))
Added Component: Designator=C22(CAPC2012N(0805"))
Added Component: Designator=C23(CAPC1608N(0603"))
Added Component: Designator=C24(CAPC1608N(0603"))
Added Component: Designator=C25(CAPC1608N(0603"))
Added Component: Designator=C26(CAPC1608N(0603"))
Added Component: Designator=C27(CAPC1608N(0603"))
Added Component: Designator=C28(CAPC1608N(0603"))
Added Component: Designator=C29(CAPC1608N(0603"))
Added Component: Designator=C30(CAPC2012N(0805"))
Added Component: Designator=C31(CAPC1608N(0603"))
Added Component: Designator=C32(CAPC2012N(0805"))
Added Component: Designator=C33(CAPC1608N(0603"))
Added Component: Designator=C34(CAPC1608N(0603"))
Added Component: Designator=C35(CAPC1608N(0603"))
Added Component: Designator=C36_M1(CAPC1608N(0603"))
Added Component: Designator=C36_M2(CAPC1608N(0603"))
Added Component: Designator=C36_M3(CAPC1608N(0603"))
Added Component: Designator=C36_M4(CAPC1608N(0603"))
Added Component: Designator=C36_M5(CAPC1608N(0603"))
Added Component: Designator=C36_M6(CAPC1608N(0603"))
Added Component: Designator=C36_M7(CAPC1608N(0603"))
Added Component: Designator=C36_M8(CAPC1608N(0603"))
Added Component: Designator=C37_M1(CAPC1608N(0603"))
Added Component: Designator=C37_M2(CAPC1608N(0603"))
Added Component: Designator=C37_M3(CAPC1608N(0603"))
Added Component: Designator=C37_M4(CAPC1608N(0603"))
Added Component: Designator=C37_M5(CAPC1608N(0603"))
Added Component: Designator=C37_M6(CAPC1608N(0603"))
Added Component: Designator=C37_M7(CAPC1608N(0603"))
Added Component: Designator=C37_M8(CAPC1608N(0603"))
Added Component: Designator=C38_M1(CAPC1608N(0603"))
Added Component: Designator=C38_M2(CAPC1608N(0603"))
Added Component: Designator=C38_M3(CAPC1608N(0603"))
Added Component: Designator=C38_M4(CAPC1608N(0603"))
Added Component: Designator=C38_M5(CAPC1608N(0603"))
Added Component: Designator=C38_M6(CAPC1608N(0603"))
Added Component: Designator=C38_M7(CAPC1608N(0603"))
Added Component: Designator=C38_M8(CAPC1608N(0603"))
Added Component: Designator=C39(CAPC1608N(0603"))
Added Component: Designator=C40(CAPC1608N(0603"))
Added Component: Designator=C41(CAPC1608N(0603"))
Added Component: Designator=C42(CAPC1608N(0603"))
Added Component: Designator=C43(CAPC1608N(0603"))
Added Component: Designator=C44(CAPC1608N(0603"))
Added Component: Designator=C45(CAPC1608N(0603"))
Added Component: Designator=CN1(Header, Male, 1X6)
Added Component: Designator=CN2(Header, Male, 2x3, Pitch: 0.1" (2.54mm),THT)
Added Component: Designator=CN3_M1(Header, Male, 1X6)
Added Component: Designator=CN3_M2(Header, Male, 1X6)
Added Component: Designator=CN3_M3(Header, Male, 1X6)
Added Component: Designator=CN3_M4(Header, Male, 1X6)
Added Component: Designator=CN3_M5(Header, Male, 1X6)
Added Component: Designator=CN3_M6(Header, Male, 1X6)
Added Component: Designator=CN3_M7(Header, Male, 1X6)
Added Component: Designator=CN3_M8(Header, Male, 1X6)
Added Component: Designator=D1(SC-76)
Added Component: Designator=D2(SC-76)
Added Component: Designator=D3_M1(SC-76)
Added Component: Designator=D3_M2(SC-76)
Added Component: Designator=D3_M3(SC-76)
Added Component: Designator=D3_M4(SC-76)
Added Component: Designator=D3_M5(SC-76)
Added Component: Designator=D3_M6(SC-76)
Added Component: Designator=D3_M7(SC-76)
Added Component: Designator=D3_M8(SC-76)
Added Component: Designator=D4(LED0805)
Added Component: Designator=D5(LED0805)
Added Component: Designator=D7(LED0805)
Added Component: Designator=D11(SC-76)
Added Component: Designator=D12(SC-76)
Added Component: Designator=J1(2x1 Terminal Blocks EM2929)
Added Component: Designator=J2_M1(2X1 Terminal Blocks Phoenix Contact 5mm)
Added Component: Designator=J2_M2(2X1 Terminal Blocks Phoenix Contact 5mm)
Added Component: Designator=J2_M3(2X1 Terminal Blocks Phoenix Contact 5mm)
Added Component: Designator=J2_M4(2X1 Terminal Blocks Phoenix Contact 5mm)
Added Component: Designator=J2_M5(2X1 Terminal Blocks Phoenix Contact 5mm)
Added Component: Designator=J2_M6(2X1 Terminal Blocks Phoenix Contact 5mm)
Added Component: Designator=J2_M7(2X1 Terminal Blocks Phoenix Contact 5mm)
Added Component: Designator=J2_M8(2X1 Terminal Blocks Phoenix Contact 5mm)
Added Component: Designator=J3(4X1 Terminal Block)
Added Component: Designator=J12(4X1 Terminal Block)
Added Component: Designator=JP1(2X1 Males Header)
Added Component: Designator=JP2(2X1 Males Header)
Added Component: Designator=JP3(2X1 Males Header)
Added Component: Designator=L1(CB - 1007 (2518))
Added Component: Designator=P1(Mini B USB Footprint)
Added Component: Designator=Q1_M1(SOT-23)
Added Component: Designator=Q1_M2(SOT-23)
Added Component: Designator=Q1_M3(SOT-23)
Added Component: Designator=Q1_M4(SOT-23)
Added Component: Designator=Q1_M5(SOT-23)
Added Component: Designator=Q1_M6(SOT-23)
Added Component: Designator=Q1_M7(SOT-23)
Added Component: Designator=Q1_M8(SOT-23)
Added Component: Designator=R1(RESC1608N(0603"))
Added Component: Designator=R2(RESC1608N(0603"))
Added Component: Designator=R3(RESC1608N(0603"))
Added Component: Designator=R4(RESC6332N(2512"))
Added Component: Designator=R5_M1(RESC1608N(0603"))
Added Component: Designator=R5_M2(RESC1608N(0603"))
Added Component: Designator=R5_M3(RESC1608N(0603"))
Added Component: Designator=R5_M4(RESC1608N(0603"))
Added Component: Designator=R5_M5(RESC1608N(0603"))
Added Component: Designator=R5_M6(RESC1608N(0603"))
Added Component: Designator=R5_M7(RESC1608N(0603"))
Added Component: Designator=R5_M8(RESC1608N(0603"))
Added Component: Designator=R7(RESC1608N(0603"))
Added Component: Designator=R8(RESC1608N(0603"))
Added Component: Designator=R9(RESC1608N(0603"))
Added Component: Designator=R10_M1(RESC6332N(2512"))
Added Component: Designator=R10_M2(RESC6332N(2512"))
Added Component: Designator=R10_M3(RESC6332N(2512"))
Added Component: Designator=R10_M4(RESC6332N(2512"))
Added Component: Designator=R10_M5(RESC6332N(2512"))
Added Component: Designator=R10_M6(RESC6332N(2512"))
Added Component: Designator=R10_M7(RESC6332N(2512"))
Added Component: Designator=R10_M8(RESC6332N(2512"))
Added Component: Designator=R11_M1(RESC1608N(0603"))
Added Component: Designator=R11_M2(RESC1608N(0603"))
Added Component: Designator=R11_M3(RESC1608N(0603"))
Added Component: Designator=R11_M4(RESC1608N(0603"))
Added Component: Designator=R11_M5(RESC1608N(0603"))
Added Component: Designator=R11_M6(RESC1608N(0603"))
Added Component: Designator=R11_M7(RESC1608N(0603"))
Added Component: Designator=R11_M8(RESC1608N(0603"))
Added Component: Designator=R12(RESC1608N(0603"))
Added Component: Designator=R13_M1(RESC1608N(0603"))
Added Component: Designator=R13_M2(RESC1608N(0603"))
Added Component: Designator=R13_M3(RESC1608N(0603"))
Added Component: Designator=R13_M4(RESC1608N(0603"))
Added Component: Designator=R13_M5(RESC1608N(0603"))
Added Component: Designator=R13_M6(RESC1608N(0603"))
Added Component: Designator=R13_M7(RESC1608N(0603"))
Added Component: Designator=R13_M8(RESC1608N(0603"))
Added Component: Designator=R14_M1(RESC1608N(0603"))
Added Component: Designator=R14_M2(RESC1608N(0603"))
Added Component: Designator=R14_M3(RESC1608N(0603"))
Added Component: Designator=R14_M4(RESC1608N(0603"))
Added Component: Designator=R14_M5(RESC1608N(0603"))
Added Component: Designator=R14_M6(RESC1608N(0603"))
Added Component: Designator=R14_M7(RESC1608N(0603"))
Added Component: Designator=R14_M8(RESC1608N(0603"))
Added Component: Designator=R15_M1(RESC1608N(0603"))
Added Component: Designator=R15_M2(RESC1608N(0603"))
Added Component: Designator=R15_M3(RESC1608N(0603"))
Added Component: Designator=R15_M4(RESC1608N(0603"))
Added Component: Designator=R15_M5(RESC1608N(0603"))
Added Component: Designator=R15_M6(RESC1608N(0603"))
Added Component: Designator=R15_M7(RESC1608N(0603"))
Added Component: Designator=R15_M8(RESC1608N(0603"))
Added Component: Designator=R16_M1(RESC1608N(0603"))
Added Component: Designator=R16_M2(RESC1608N(0603"))
Added Component: Designator=R16_M3(RESC1608N(0603"))
Added Component: Designator=R16_M4(RESC1608N(0603"))
Added Component: Designator=R16_M5(RESC1608N(0603"))
Added Component: Designator=R16_M6(RESC1608N(0603"))
Added Component: Designator=R16_M7(RESC1608N(0603"))
Added Component: Designator=R16_M8(RESC1608N(0603"))
Added Component: Designator=R17_M1(RESC1608N(0603"))
Added Component: Designator=R17_M2(RESC1608N(0603"))
Added Component: Designator=R17_M3(RESC1608N(0603"))
Added Component: Designator=R17_M4(RESC1608N(0603"))
Added Component: Designator=R17_M5(RESC1608N(0603"))
Added Component: Designator=R17_M6(RESC1608N(0603"))
Added Component: Designator=R17_M7(RESC1608N(0603"))
Added Component: Designator=R17_M8(RESC1608N(0603"))
Added Component: Designator=R18_M1(RESC1608N(0603"))
Added Component: Designator=R18_M2(RESC1608N(0603"))
Added Component: Designator=R18_M3(RESC1608N(0603"))
Added Component: Designator=R18_M4(RESC1608N(0603"))
Added Component: Designator=R18_M5(RESC1608N(0603"))
Added Component: Designator=R18_M6(RESC1608N(0603"))
Added Component: Designator=R18_M7(RESC1608N(0603"))
Added Component: Designator=R18_M8(RESC1608N(0603"))
Added Component: Designator=R19(RESC1608N(0603"))
Added Component: Designator=R20(RESC1608N(0603"))
Added Component: Designator=R21_M1(RESC1608N(0603"))
Added Component: Designator=R21_M2(RESC1608N(0603"))
Added Component: Designator=R21_M3(RESC1608N(0603"))
Added Component: Designator=R21_M4(RESC1608N(0603"))
Added Component: Designator=R21_M5(RESC1608N(0603"))
Added Component: Designator=R21_M6(RESC1608N(0603"))
Added Component: Designator=R21_M7(RESC1608N(0603"))
Added Component: Designator=R21_M8(RESC1608N(0603"))
Added Component: Designator=R22(RESC1608N(0603"))
Added Component: Designator=R23(RESC1608N(0603"))
Added Component: Designator=R24(RESC1608N(0603"))
Added Component: Designator=R25(RESC1608N(0603"))
Added Component: Designator=R26(RESC1608N(0603"))
Added Component: Designator=R27(RESC1608N(0603"))
Added Component: Designator=R28(RESC1608N(0603"))
Added Component: Designator=R29(RESC1608N(0603"))
Added Component: Designator=R30_M1(RESC1608N(0603"))
Added Component: Designator=R30_M2(RESC1608N(0603"))
Added Component: Designator=R30_M3(RESC1608N(0603"))
Added Component: Designator=R30_M4(RESC1608N(0603"))
Added Component: Designator=R30_M5(RESC1608N(0603"))
Added Component: Designator=R30_M6(RESC1608N(0603"))
Added Component: Designator=R30_M7(RESC1608N(0603"))
Added Component: Designator=R30_M8(RESC1608N(0603"))
Added Component: Designator=R31(RESC1608N(0603"))
Added Component: Designator=R32(RESC1608N(0603"))
Added Component: Designator=R?(RESC1608N(0603"))
Added Component: Designator=SW1(4-SPST-NO)
Added Component: Designator=SW2(CL-2B-22A)
Added Component: Designator=SW3(CL-2B-22A)
Added Component: Designator=U1(8-SOIC)
Added Component: Designator=U2(TSOT-23-8)
Added Component: Designator=U3(TE Pressure Sensor (MS560702BA03-50))
Added Component: Designator=U4(SOT-223-4pin)
Added Component: Designator=U5(QFN-6)
Added Component: Designator=U6(MSOP-10)
Added Component: Designator=U7_M1(SOP-14)
Added Component: Designator=U7_M2(SOP-14)
Added Component: Designator=U7_M3(SOP-14)
Added Component: Designator=U7_M4(SOP-14)
Added Component: Designator=U7_M5(SOP-14)
Added Component: Designator=U7_M6(SOP-14)
Added Component: Designator=U7_M7(SOP-14)
Added Component: Designator=U7_M8(SOP-14)
Added Component: Designator=U8(SOIC-SN8_M)
Added Component: Designator=U9(SSOP16)
Added Component: Designator=U10_M1(SOT23-5)
Added Component: Designator=U10_M2(SOT23-5)
Added Component: Designator=U10_M3(SOT23-5)
Added Component: Designator=U10_M4(SOT23-5)
Added Component: Designator=U10_M5(SOT23-5)
Added Component: Designator=U10_M6(SOT23-5)
Added Component: Designator=U10_M7(SOT23-5)
Added Component: Designator=U10_M8(SOT23-5)
Added Component: Designator=U11(SOIC-16)
Added Component: Designator=U12(SOIC-16)
Added Component: Designator=X1(HC49/US)
Added Component: Designator=Y1(STM-LQFP100_M)
Added Pin To Net: NetName=-3V3 Pin=C15-2
Added Pin To Net: NetName=-3V3 Pin=U1-5
Added Pin To Net: NetName=-3V3 Pin=U7_M1-11
Added Pin To Net: NetName=-3V3 Pin=U7_M2-11
Added Pin To Net: NetName=-3V3 Pin=U7_M3-11
Added Pin To Net: NetName=-3V3 Pin=U7_M4-11
Added Pin To Net: NetName=-3V3 Pin=U7_M5-11
Added Pin To Net: NetName=-3V3 Pin=U7_M6-11
Added Pin To Net: NetName=-3V3 Pin=U7_M7-11
Added Pin To Net: NetName=-3V3 Pin=U7_M8-11
Added Net: Name=-3V3
Added Pin To Net: NetName=3V3-USB Pin=C43-2
Added Pin To Net: NetName=3V3-USB Pin=U9-3
Added Pin To Net: NetName=3V3-USB Pin=U9-10
Added Net: Name=3V3-USB
Added Pin To Net: NetName=3V3 Pin=C3-2
Added Pin To Net: NetName=3V3 Pin=C4-2
Added Pin To Net: NetName=3V3 Pin=C5-2
Added Pin To Net: NetName=3V3 Pin=C6-2
Added Pin To Net: NetName=3V3 Pin=C7-2
Added Pin To Net: NetName=3V3 Pin=C8-2
Added Pin To Net: NetName=3V3 Pin=C12-1
Added Pin To Net: NetName=3V3 Pin=C13-1
Added Pin To Net: NetName=3V3 Pin=C18-2
Added Pin To Net: NetName=3V3 Pin=C19-2
Added Pin To Net: NetName=3V3 Pin=C20-2
Added Pin To Net: NetName=3V3 Pin=C21-2
Added Pin To Net: NetName=3V3 Pin=C23-2
Added Pin To Net: NetName=3V3 Pin=C33-2
Added Pin To Net: NetName=3V3 Pin=C34-1
Added Pin To Net: NetName=3V3 Pin=C35-1
Added Pin To Net: NetName=3V3 Pin=C44-2
Added Pin To Net: NetName=3V3 Pin=C45-2
Added Pin To Net: NetName=3V3 Pin=CN1-1
Added Pin To Net: NetName=3V3 Pin=CN2-4
Added Pin To Net: NetName=3V3 Pin=CN2-5
Added Pin To Net: NetName=3V3 Pin=CN2-6
Added Pin To Net: NetName=3V3 Pin=D1-K
Added Pin To Net: NetName=3V3 Pin=D3_M1-K
Added Pin To Net: NetName=3V3 Pin=D3_M2-K
Added Pin To Net: NetName=3V3 Pin=D3_M3-K
Added Pin To Net: NetName=3V3 Pin=D3_M4-K
Added Pin To Net: NetName=3V3 Pin=D3_M5-K
Added Pin To Net: NetName=3V3 Pin=D3_M6-K
Added Pin To Net: NetName=3V3 Pin=D3_M7-K
Added Pin To Net: NetName=3V3 Pin=D3_M8-K
Added Pin To Net: NetName=3V3 Pin=JP1-2
Added Pin To Net: NetName=3V3 Pin=R8-1
Added Pin To Net: NetName=3V3 Pin=R9-1
Added Pin To Net: NetName=3V3 Pin=R11_M1-2
Added Pin To Net: NetName=3V3 Pin=R11_M2-2
Added Pin To Net: NetName=3V3 Pin=R11_M3-2
Added Pin To Net: NetName=3V3 Pin=R11_M4-2
Added Pin To Net: NetName=3V3 Pin=R11_M5-2
Added Pin To Net: NetName=3V3 Pin=R11_M6-2
Added Pin To Net: NetName=3V3 Pin=R11_M7-2
Added Pin To Net: NetName=3V3 Pin=R11_M8-2
Added Pin To Net: NetName=3V3 Pin=R12-2
Added Pin To Net: NetName=3V3 Pin=R16_M1-2
Added Pin To Net: NetName=3V3 Pin=R16_M2-2
Added Pin To Net: NetName=3V3 Pin=R16_M3-2
Added Pin To Net: NetName=3V3 Pin=R16_M4-2
Added Pin To Net: NetName=3V3 Pin=R16_M5-2
Added Pin To Net: NetName=3V3 Pin=R16_M6-2
Added Pin To Net: NetName=3V3 Pin=R16_M7-2
Added Pin To Net: NetName=3V3 Pin=R16_M8-2
Added Pin To Net: NetName=3V3 Pin=R20-2
Added Pin To Net: NetName=3V3 Pin=R22-2
Added Pin To Net: NetName=3V3 Pin=R25-2
Added Pin To Net: NetName=3V3 Pin=R31-1
Added Pin To Net: NetName=3V3 Pin=U1-8
Added Pin To Net: NetName=3V3 Pin=U3-1
Added Pin To Net: NetName=3V3 Pin=U3-2
Added Pin To Net: NetName=3V3 Pin=U4-2
Added Pin To Net: NetName=3V3 Pin=U4-4
Added Pin To Net: NetName=3V3 Pin=U5-5
Added Pin To Net: NetName=3V3 Pin=U6-1
Added Pin To Net: NetName=3V3 Pin=U6-2
Added Pin To Net: NetName=3V3 Pin=U6-6
Added Pin To Net: NetName=3V3 Pin=U7_M1-4
Added Pin To Net: NetName=3V3 Pin=U7_M2-4
Added Pin To Net: NetName=3V3 Pin=U7_M3-4
Added Pin To Net: NetName=3V3 Pin=U7_M4-4
Added Pin To Net: NetName=3V3 Pin=U7_M5-4
Added Pin To Net: NetName=3V3 Pin=U7_M6-4
Added Pin To Net: NetName=3V3 Pin=U7_M7-4
Added Pin To Net: NetName=3V3 Pin=U7_M8-4
Added Pin To Net: NetName=3V3 Pin=U8-1
Added Pin To Net: NetName=3V3 Pin=U9-11
Added Pin To Net: NetName=3V3 Pin=U10_M1-5
Added Pin To Net: NetName=3V3 Pin=U10_M2-5
Added Pin To Net: NetName=3V3 Pin=U10_M3-5
Added Pin To Net: NetName=3V3 Pin=U10_M4-5
Added Pin To Net: NetName=3V3 Pin=U10_M5-5
Added Pin To Net: NetName=3V3 Pin=U10_M6-5
Added Pin To Net: NetName=3V3 Pin=U10_M7-5
Added Pin To Net: NetName=3V3 Pin=U10_M8-5
Added Pin To Net: NetName=3V3 Pin=U11-16
Added Pin To Net: NetName=3V3 Pin=U12-16
Added Pin To Net: NetName=3V3 Pin=Y1-6
Added Pin To Net: NetName=3V3 Pin=Y1-11
Added Pin To Net: NetName=3V3 Pin=Y1-19
Added Pin To Net: NetName=3V3 Pin=Y1-21
Added Pin To Net: NetName=3V3 Pin=Y1-28
Added Pin To Net: NetName=3V3 Pin=Y1-50
Added Pin To Net: NetName=3V3 Pin=Y1-75
Added Pin To Net: NetName=3V3 Pin=Y1-100
Added Net: Name=3V3
Added Pin To Net: NetName=5V5 Pin=C17-2
Added Pin To Net: NetName=5V5 Pin=C22-2
Added Pin To Net: NetName=5V5 Pin=C26-2
Added Pin To Net: NetName=5V5 Pin=C27-1
Added Pin To Net: NetName=5V5 Pin=C28-1
Added Pin To Net: NetName=5V5 Pin=D12-A
Added Pin To Net: NetName=5V5 Pin=L1-2
Added Net: Name=5V5
Added Pin To Net: NetName=5V-USB Pin=C39-2
Added Pin To Net: NetName=5V-USB Pin=C40-2
Added Pin To Net: NetName=5V-USB Pin=C41-2
Added Pin To Net: NetName=5V-USB Pin=C42-2
Added Pin To Net: NetName=5V-USB Pin=P1-1
Added Pin To Net: NetName=5V-USB Pin=R23-2
Added Pin To Net: NetName=5V-USB Pin=R24-2
Added Pin To Net: NetName=5V-USB Pin=SW3-6
Added Pin To Net: NetName=5V-USB Pin=U9-12
Added Net: Name=5V-USB
Added Pin To Net: NetName=BATTERY-SHUNTED Pin=C29-2
Added Pin To Net: NetName=BATTERY-SHUNTED Pin=C30-2
Added Pin To Net: NetName=BATTERY-SHUNTED Pin=R4-2
Added Pin To Net: NetName=BATTERY-SHUNTED Pin=R10_M1-1
Added Pin To Net: NetName=BATTERY-SHUNTED Pin=R10_M2-1
Added Pin To Net: NetName=BATTERY-SHUNTED Pin=R10_M3-1
Added Pin To Net: NetName=BATTERY-SHUNTED Pin=R10_M4-1
Added Pin To Net: NetName=BATTERY-SHUNTED Pin=R10_M5-1
Added Pin To Net: NetName=BATTERY-SHUNTED Pin=R10_M6-1
Added Pin To Net: NetName=BATTERY-SHUNTED Pin=R10_M7-1
Added Pin To Net: NetName=BATTERY-SHUNTED Pin=R10_M8-1
Added Pin To Net: NetName=BATTERY-SHUNTED Pin=U2-3
Added Pin To Net: NetName=BATTERY-SHUNTED Pin=U6-9
Added Pin To Net: NetName=BATTERY-SHUNTED Pin=U10_M1-3
Added Pin To Net: NetName=BATTERY-SHUNTED Pin=U10_M2-3
Added Pin To Net: NetName=BATTERY-SHUNTED Pin=U10_M3-3
Added Pin To Net: NetName=BATTERY-SHUNTED Pin=U10_M4-3
Added Pin To Net: NetName=BATTERY-SHUNTED Pin=U10_M5-3
Added Pin To Net: NetName=BATTERY-SHUNTED Pin=U10_M6-3
Added Pin To Net: NetName=BATTERY-SHUNTED Pin=U10_M7-3
Added Pin To Net: NetName=BATTERY-SHUNTED Pin=U10_M8-3
Added Net: Name=BATTERY-SHUNTED
Added Pin To Net: NetName=BATTERY Pin=J1-2
Added Pin To Net: NetName=BATTERY Pin=J1-2
Added Pin To Net: NetName=BATTERY Pin=R4-1
Added Pin To Net: NetName=BATTERY Pin=U6-8
Added Pin To Net: NetName=BATTERY Pin=U6-10
Added Net: Name=BATTERY
Added Pin To Net: NetName=BOOT0 Pin=JP1-1
Added Pin To Net: NetName=BOOT0 Pin=R27-2
Added Pin To Net: NetName=BOOT0 Pin=Y1-94
Added Net: Name=BOOT0
Added Pin To Net: NetName=CON_USB_DATA_N Pin=P1-2
Added Pin To Net: NetName=CON_USB_DATA_N Pin=R28-1
Added Net: Name=CON_USB_DATA_N
Added Pin To Net: NetName=CON_USB_DATA_P Pin=P1-3
Added Pin To Net: NetName=CON_USB_DATA_P Pin=R29-1
Added Net: Name=CON_USB_DATA_P
Added Pin To Net: NetName=CONFIG-1 Pin=CN2-1
Added Pin To Net: NetName=CONFIG-1 Pin=R1-2
Added Pin To Net: NetName=CONFIG-1 Pin=Y1-3
Added Net: Name=CONFIG-1
Added Pin To Net: NetName=CONFIG-2 Pin=CN2-2
Added Pin To Net: NetName=CONFIG-2 Pin=R2-2
Added Pin To Net: NetName=CONFIG-2 Pin=Y1-2
Added Net: Name=CONFIG-2
Added Pin To Net: NetName=CONFIG-3 Pin=CN2-3
Added Pin To Net: NetName=CONFIG-3 Pin=R3-2
Added Pin To Net: NetName=CONFIG-3 Pin=Y1-1
Added Net: Name=CONFIG-3
Added Pin To Net: NetName=GND-USB Pin=C39-1
Added Pin To Net: NetName=GND-USB Pin=C40-1
Added Pin To Net: NetName=GND-USB Pin=C41-1
Added Pin To Net: NetName=GND-USB Pin=C42-1
Added Pin To Net: NetName=GND-USB Pin=C43-1
Added Pin To Net: NetName=GND-USB Pin=P1-4
Added Pin To Net: NetName=GND-USB Pin=P1-5
Added Pin To Net: NetName=GND-USB Pin=SW3-3
Added Pin To Net: NetName=GND-USB Pin=U9-5
Added Pin To Net: NetName=GND-USB Pin=U9-13
Added Net: Name=GND-USB
Added Pin To Net: NetName=GND Pin=C1-1
Added Pin To Net: NetName=GND Pin=C2-1
Added Pin To Net: NetName=GND Pin=C3-1
Added Pin To Net: NetName=GND Pin=C4-1
Added Pin To Net: NetName=GND Pin=C5-1
Added Pin To Net: NetName=GND Pin=C6-1
Added Pin To Net: NetName=GND Pin=C7-1
Added Pin To Net: NetName=GND Pin=C8-1
Added Pin To Net: NetName=GND Pin=C9-1
Added Pin To Net: NetName=GND Pin=C10-1
Added Pin To Net: NetName=GND Pin=C11-1
Added Pin To Net: NetName=GND Pin=C12-2
Added Pin To Net: NetName=GND Pin=C13-2
Added Pin To Net: NetName=GND Pin=C15-1
Added Pin To Net: NetName=GND Pin=C16-1
Added Pin To Net: NetName=GND Pin=C18-1
Added Pin To Net: NetName=GND Pin=C19-1
Added Pin To Net: NetName=GND Pin=C20-1
Added Pin To Net: NetName=GND Pin=C21-1
Added Pin To Net: NetName=GND Pin=C22-1
Added Pin To Net: NetName=GND Pin=C23-1
Added Pin To Net: NetName=GND Pin=C24-1
Added Pin To Net: NetName=GND Pin=C25-1
Added Pin To Net: NetName=GND Pin=C26-1
Added Pin To Net: NetName=GND Pin=C27-2
Added Pin To Net: NetName=GND Pin=C28-2
Added Pin To Net: NetName=GND Pin=C29-1
Added Pin To Net: NetName=GND Pin=C30-1
Added Pin To Net: NetName=GND Pin=C32-1
Added Pin To Net: NetName=GND Pin=C33-1
Added Pin To Net: NetName=GND Pin=C34-2
Added Pin To Net: NetName=GND Pin=C35-2
Added Pin To Net: NetName=GND Pin=C37_M1-1
Added Pin To Net: NetName=GND Pin=C37_M2-1
Added Pin To Net: NetName=GND Pin=C37_M3-1
Added Pin To Net: NetName=GND Pin=C37_M4-1
Added Pin To Net: NetName=GND Pin=C37_M5-1
Added Pin To Net: NetName=GND Pin=C37_M6-1
Added Pin To Net: NetName=GND Pin=C37_M7-1
Added Pin To Net: NetName=GND Pin=C37_M8-1
Added Pin To Net: NetName=GND Pin=C38_M1-1
Added Pin To Net: NetName=GND Pin=C38_M2-1
Added Pin To Net: NetName=GND Pin=C38_M3-1
Added Pin To Net: NetName=GND Pin=C38_M4-1
Added Pin To Net: NetName=GND Pin=C38_M5-1
Added Pin To Net: NetName=GND Pin=C38_M6-1
Added Pin To Net: NetName=GND Pin=C38_M7-1
Added Pin To Net: NetName=GND Pin=C38_M8-1
Added Pin To Net: NetName=GND Pin=C44-1
Added Pin To Net: NetName=GND Pin=C45-1
Added Pin To Net: NetName=GND Pin=CN1-3
Added Pin To Net: NetName=GND Pin=CN3_M1-1
Added Pin To Net: NetName=GND Pin=CN3_M1-6
Added Pin To Net: NetName=GND Pin=CN3_M2-1
Added Pin To Net: NetName=GND Pin=CN3_M2-6
Added Pin To Net: NetName=GND Pin=CN3_M3-1
Added Pin To Net: NetName=GND Pin=CN3_M3-6
Added Pin To Net: NetName=GND Pin=CN3_M4-1
Added Pin To Net: NetName=GND Pin=CN3_M4-6
Added Pin To Net: NetName=GND Pin=CN3_M5-1
Added Pin To Net: NetName=GND Pin=CN3_M5-6
Added Pin To Net: NetName=GND Pin=CN3_M6-1
Added Pin To Net: NetName=GND Pin=CN3_M6-6
Added Pin To Net: NetName=GND Pin=CN3_M7-1
Added Pin To Net: NetName=GND Pin=CN3_M7-6
Added Pin To Net: NetName=GND Pin=CN3_M8-1
Added Pin To Net: NetName=GND Pin=CN3_M8-6
Added Pin To Net: NetName=GND Pin=D2-A
Added Pin To Net: NetName=GND Pin=J1-1
Added Pin To Net: NetName=GND Pin=J1-1
Added Pin To Net: NetName=GND Pin=J2_M1-2
Added Pin To Net: NetName=GND Pin=J2_M2-2
Added Pin To Net: NetName=GND Pin=J2_M3-2
Added Pin To Net: NetName=GND Pin=J2_M4-2
Added Pin To Net: NetName=GND Pin=J2_M5-2
Added Pin To Net: NetName=GND Pin=J2_M6-2
Added Pin To Net: NetName=GND Pin=J2_M7-2
Added Pin To Net: NetName=GND Pin=J2_M8-2
Added Pin To Net: NetName=GND Pin=J3-2
Added Pin To Net: NetName=GND Pin=J3-4
Added Pin To Net: NetName=GND Pin=Q1_M1-2
Added Pin To Net: NetName=GND Pin=Q1_M2-2
Added Pin To Net: NetName=GND Pin=Q1_M3-2
Added Pin To Net: NetName=GND Pin=Q1_M4-2
Added Pin To Net: NetName=GND Pin=Q1_M5-2
Added Pin To Net: NetName=GND Pin=Q1_M6-2
Added Pin To Net: NetName=GND Pin=Q1_M7-2
Added Pin To Net: NetName=GND Pin=Q1_M8-2
Added Pin To Net: NetName=GND Pin=R1-1
Added Pin To Net: NetName=GND Pin=R2-1
Added Pin To Net: NetName=GND Pin=R3-1
Added Pin To Net: NetName=GND Pin=R5_M1-1
Added Pin To Net: NetName=GND Pin=R5_M2-1
Added Pin To Net: NetName=GND Pin=R5_M3-1
Added Pin To Net: NetName=GND Pin=R5_M4-1
Added Pin To Net: NetName=GND Pin=R5_M5-1
Added Pin To Net: NetName=GND Pin=R5_M6-1
Added Pin To Net: NetName=GND Pin=R5_M7-1
Added Pin To Net: NetName=GND Pin=R5_M8-1
Added Pin To Net: NetName=GND Pin=R7-1
Added Pin To Net: NetName=GND Pin=R15_M1-1
Added Pin To Net: NetName=GND Pin=R15_M2-1
Added Pin To Net: NetName=GND Pin=R15_M3-1
Added Pin To Net: NetName=GND Pin=R15_M4-1
Added Pin To Net: NetName=GND Pin=R15_M5-1
Added Pin To Net: NetName=GND Pin=R15_M6-1
Added Pin To Net: NetName=GND Pin=R15_M7-1
Added Pin To Net: NetName=GND Pin=R15_M8-1
Added Pin To Net: NetName=GND Pin=R19-1
Added Pin To Net: NetName=GND Pin=R21_M1-1
Added Pin To Net: NetName=GND Pin=R21_M2-1
Added Pin To Net: NetName=GND Pin=R21_M3-1
Added Pin To Net: NetName=GND Pin=R21_M4-1
Added Pin To Net: NetName=GND Pin=R21_M5-1
Added Pin To Net: NetName=GND Pin=R21_M6-1
Added Pin To Net: NetName=GND Pin=R21_M7-1
Added Pin To Net: NetName=GND Pin=R21_M8-1
Added Pin To Net: NetName=GND Pin=R27-1
Added Pin To Net: NetName=GND Pin=SW1-3
Added Pin To Net: NetName=GND Pin=SW1-4
Added Pin To Net: NetName=GND Pin=SW3-2
Added Pin To Net: NetName=GND Pin=SW3-4
Added Pin To Net: NetName=GND Pin=U1-3
Added Pin To Net: NetName=GND Pin=U1-6
Added Pin To Net: NetName=GND Pin=U2-1
Added Pin To Net: NetName=GND Pin=U2-4
Added Pin To Net: NetName=GND Pin=U3-3
Added Pin To Net: NetName=GND Pin=U3-4
Added Pin To Net: NetName=GND Pin=U4-1
Added Pin To Net: NetName=GND Pin=U5-2
Added Pin To Net: NetName=GND Pin=U6-7
Added Pin To Net: NetName=GND Pin=U7_M1-13
Added Pin To Net: NetName=GND Pin=U7_M2-13
Added Pin To Net: NetName=GND Pin=U7_M3-13
Added Pin To Net: NetName=GND Pin=U7_M4-13
Added Pin To Net: NetName=GND Pin=U7_M5-13
Added Pin To Net: NetName=GND Pin=U7_M6-13
Added Pin To Net: NetName=GND Pin=U7_M7-13
Added Pin To Net: NetName=GND Pin=U7_M8-13
Added Pin To Net: NetName=GND Pin=U8-4
Added Pin To Net: NetName=GND Pin=U10_M1-2
Added Pin To Net: NetName=GND Pin=U10_M2-2
Added Pin To Net: NetName=GND Pin=U10_M3-2
Added Pin To Net: NetName=GND Pin=U10_M4-2
Added Pin To Net: NetName=GND Pin=U10_M5-2
Added Pin To Net: NetName=GND Pin=U10_M6-2
Added Pin To Net: NetName=GND Pin=U10_M7-2
Added Pin To Net: NetName=GND Pin=U10_M8-2
Added Pin To Net: NetName=GND Pin=U11-6
Added Pin To Net: NetName=GND Pin=U11-7
Added Pin To Net: NetName=GND Pin=U11-8
Added Pin To Net: NetName=GND Pin=U12-6
Added Pin To Net: NetName=GND Pin=U12-7
Added Pin To Net: NetName=GND Pin=U12-8
Added Pin To Net: NetName=GND Pin=Y1-10
Added Pin To Net: NetName=GND Pin=Y1-20
Added Pin To Net: NetName=GND Pin=Y1-27
Added Pin To Net: NetName=GND Pin=Y1-49
Added Pin To Net: NetName=GND Pin=Y1-74
Added Pin To Net: NetName=GND Pin=Y1-99
Added Net: Name=GND
Added Pin To Net: NetName=GREEN Pin=R26-2
Added Pin To Net: NetName=GREEN Pin=Y1-58
Added Net: Name=GREEN
Added Pin To Net: NetName=MOTOR1 Pin=CN3_M1-3
Added Pin To Net: NetName=MOTOR1 Pin=Y1-24
Added Net: Name=MOTOR1
Added Pin To Net: NetName=MOTOR2 Pin=CN3_M2-3
Added Pin To Net: NetName=MOTOR2 Pin=Y1-26
Added Net: Name=MOTOR2
Added Pin To Net: NetName=MOTOR3 Pin=CN3_M3-3
Added Pin To Net: NetName=MOTOR3 Pin=Y1-59
Added Net: Name=MOTOR3
Added Pin To Net: NetName=MOTOR4 Pin=CN3_M4-3
Added Pin To Net: NetName=MOTOR4 Pin=Y1-61
Added Net: Name=MOTOR4
Added Pin To Net: NetName=MOTOR5 Pin=CN3_M5-3
Added Pin To Net: NetName=MOTOR5 Pin=Y1-67
Added Net: Name=MOTOR5
Added Pin To Net: NetName=MOTOR6 Pin=CN3_M6-3
Added Pin To Net: NetName=MOTOR6 Pin=Y1-69
Added Net: Name=MOTOR6
Added Pin To Net: NetName=MOTOR7 Pin=CN3_M7-3
Added Pin To Net: NetName=MOTOR7 Pin=Y1-31
Added Net: Name=MOTOR7
Added Pin To Net: NetName=MOTOR8 Pin=CN3_M8-3
Added Pin To Net: NetName=MOTOR8 Pin=Y1-35
Added Net: Name=MOTOR8
Added Pin To Net: NetName=MOTOR_CURR_ADC1 Pin=R5_M1-2
Added Pin To Net: NetName=MOTOR_CURR_ADC1 Pin=U10_M1-1
Added Pin To Net: NetName=MOTOR_CURR_ADC1 Pin=U11-12
Added Net: Name=MOTOR_CURR_ADC1
Added Pin To Net: NetName=MOTOR_CURR_ADC2 Pin=R5_M2-2
Added Pin To Net: NetName=MOTOR_CURR_ADC2 Pin=U10_M2-1
Added Pin To Net: NetName=MOTOR_CURR_ADC2 Pin=U11-13
Added Net: Name=MOTOR_CURR_ADC2
Added Pin To Net: NetName=MOTOR_CURR_ADC3 Pin=R5_M3-2
Added Pin To Net: NetName=MOTOR_CURR_ADC3 Pin=U10_M3-1
Added Pin To Net: NetName=MOTOR_CURR_ADC3 Pin=U11-14
Added Net: Name=MOTOR_CURR_ADC3
Added Pin To Net: NetName=MOTOR_CURR_ADC4 Pin=R5_M4-2
Added Pin To Net: NetName=MOTOR_CURR_ADC4 Pin=U10_M4-1
Added Pin To Net: NetName=MOTOR_CURR_ADC4 Pin=U11-15
Added Net: Name=MOTOR_CURR_ADC4
Added Pin To Net: NetName=MOTOR_CURR_ADC5 Pin=R5_M5-2
Added Pin To Net: NetName=MOTOR_CURR_ADC5 Pin=U10_M5-1
Added Pin To Net: NetName=MOTOR_CURR_ADC5 Pin=U11-1
Added Net: Name=MOTOR_CURR_ADC5
Added Pin To Net: NetName=MOTOR_CURR_ADC6 Pin=R5_M6-2
Added Pin To Net: NetName=MOTOR_CURR_ADC6 Pin=U10_M6-1
Added Pin To Net: NetName=MOTOR_CURR_ADC6 Pin=U11-2
Added Net: Name=MOTOR_CURR_ADC6
Added Pin To Net: NetName=MOTOR_CURR_ADC7 Pin=R5_M7-2
Added Pin To Net: NetName=MOTOR_CURR_ADC7 Pin=U10_M7-1
Added Pin To Net: NetName=MOTOR_CURR_ADC7 Pin=U11-4
Added Net: Name=MOTOR_CURR_ADC7
Added Pin To Net: NetName=MOTOR_CURR_ADC8 Pin=R5_M8-2
Added Pin To Net: NetName=MOTOR_CURR_ADC8 Pin=U10_M8-1
Added Pin To Net: NetName=MOTOR_CURR_ADC8 Pin=U11-5
Added Net: Name=MOTOR_CURR_ADC8
Added Pin To Net: NetName=MOTOR_CURR_MULTPEXER_CTRL1 Pin=U12-9
Added Pin To Net: NetName=MOTOR_CURR_MULTPEXER_CTRL1 Pin=Y1-80
Added Net: Name=MOTOR_CURR_MULTPEXER_CTRL1
Added Pin To Net: NetName=MOTOR_CURR_MULTPEXER_CTRL2 Pin=U12-10
Added Pin To Net: NetName=MOTOR_CURR_MULTPEXER_CTRL2 Pin=Y1-79
Added Net: Name=MOTOR_CURR_MULTPEXER_CTRL2
Added Pin To Net: NetName=MOTOR_CURR_MULTPEXER_CTRL3 Pin=U12-11
Added Pin To Net: NetName=MOTOR_CURR_MULTPEXER_CTRL3 Pin=Y1-78
Added Net: Name=MOTOR_CURR_MULTPEXER_CTRL3
Added Pin To Net: NetName=NetC14_1 Pin=C14-1
Added Pin To Net: NetName=NetC14_1 Pin=U1-4
Added Net: Name=NetC14_1
Added Pin To Net: NetName=NetC14_2 Pin=C14-2
Added Pin To Net: NetName=NetC14_2 Pin=U1-2
Added Net: Name=NetC14_2
Added Pin To Net: NetName=NetC16_2 Pin=C16-2
Added Pin To Net: NetName=NetC16_2 Pin=JP2-1
Added Pin To Net: NetName=NetC16_2 Pin=SW1-1
Added Pin To Net: NetName=NetC16_2 Pin=SW1-2
Added Net: Name=NetC16_2
Added Pin To Net: NetName=NetC17_1 Pin=C17-1
Added Pin To Net: NetName=NetC17_1 Pin=U2-6
Added Net: Name=NetC17_1
Added Pin To Net: NetName=NetC31_1 Pin=C31-1
Added Pin To Net: NetName=NetC31_1 Pin=R?-2
Added Pin To Net: NetName=NetC31_1 Pin=U2-7
Added Net: Name=NetC31_1
Added Pin To Net: NetName=NetC31_2 Pin=C31-2
Added Pin To Net: NetName=NetC31_2 Pin=R7-2
Added Pin To Net: NetName=NetC31_2 Pin=R?-1
Added Pin To Net: NetName=NetC31_2 Pin=U2-8
Added Net: Name=NetC31_2
Added Pin To Net: NetName=NetC36_M1_1 Pin=C36_M1-1
Added Pin To Net: NetName=NetC36_M1_1 Pin=U7_M1-6
Added Pin To Net: NetName=NetC36_M1_1 Pin=U7_M1-7
Added Net: Name=NetC36_M1_1
Added Pin To Net: NetName=NetC36_M1_2 Pin=C36_M1-2
Added Pin To Net: NetName=NetC36_M1_2 Pin=R15_M1-2
Added Pin To Net: NetName=NetC36_M1_2 Pin=U7_M1-10
Added Net: Name=NetC36_M1_2
Added Pin To Net: NetName=NetC36_M2_1 Pin=C36_M2-1
Added Pin To Net: NetName=NetC36_M2_1 Pin=U7_M2-6
Added Pin To Net: NetName=NetC36_M2_1 Pin=U7_M2-7
Added Net: Name=NetC36_M2_1
Added Pin To Net: NetName=NetC36_M2_2 Pin=C36_M2-2
Added Pin To Net: NetName=NetC36_M2_2 Pin=R15_M2-2
Added Pin To Net: NetName=NetC36_M2_2 Pin=U7_M2-10
Added Net: Name=NetC36_M2_2
Added Pin To Net: NetName=NetC36_M3_1 Pin=C36_M3-1
Added Pin To Net: NetName=NetC36_M3_1 Pin=U7_M3-6
Added Pin To Net: NetName=NetC36_M3_1 Pin=U7_M3-7
Added Net: Name=NetC36_M3_1
Added Pin To Net: NetName=NetC36_M3_2 Pin=C36_M3-2
Added Pin To Net: NetName=NetC36_M3_2 Pin=R15_M3-2
Added Pin To Net: NetName=NetC36_M3_2 Pin=U7_M3-10
Added Net: Name=NetC36_M3_2
Added Pin To Net: NetName=NetC36_M4_1 Pin=C36_M4-1
Added Pin To Net: NetName=NetC36_M4_1 Pin=U7_M4-6
Added Pin To Net: NetName=NetC36_M4_1 Pin=U7_M4-7
Added Net: Name=NetC36_M4_1
Added Pin To Net: NetName=NetC36_M4_2 Pin=C36_M4-2
Added Pin To Net: NetName=NetC36_M4_2 Pin=R15_M4-2
Added Pin To Net: NetName=NetC36_M4_2 Pin=U7_M4-10
Added Net: Name=NetC36_M4_2
Added Pin To Net: NetName=NetC36_M5_1 Pin=C36_M5-1
Added Pin To Net: NetName=NetC36_M5_1 Pin=U7_M5-6
Added Pin To Net: NetName=NetC36_M5_1 Pin=U7_M5-7
Added Net: Name=NetC36_M5_1
Added Pin To Net: NetName=NetC36_M5_2 Pin=C36_M5-2
Added Pin To Net: NetName=NetC36_M5_2 Pin=R15_M5-2
Added Pin To Net: NetName=NetC36_M5_2 Pin=U7_M5-10
Added Net: Name=NetC36_M5_2
Added Pin To Net: NetName=NetC36_M6_1 Pin=C36_M6-1
Added Pin To Net: NetName=NetC36_M6_1 Pin=U7_M6-6
Added Pin To Net: NetName=NetC36_M6_1 Pin=U7_M6-7
Added Net: Name=NetC36_M6_1
Added Pin To Net: NetName=NetC36_M6_2 Pin=C36_M6-2
Added Pin To Net: NetName=NetC36_M6_2 Pin=R15_M6-2
Added Pin To Net: NetName=NetC36_M6_2 Pin=U7_M6-10
Added Net: Name=NetC36_M6_2
Added Pin To Net: NetName=NetC36_M7_1 Pin=C36_M7-1
Added Pin To Net: NetName=NetC36_M7_1 Pin=U7_M7-6
Added Pin To Net: NetName=NetC36_M7_1 Pin=U7_M7-7
Added Net: Name=NetC36_M7_1
Added Pin To Net: NetName=NetC36_M7_2 Pin=C36_M7-2
Added Pin To Net: NetName=NetC36_M7_2 Pin=R15_M7-2
Added Pin To Net: NetName=NetC36_M7_2 Pin=U7_M7-10
Added Net: Name=NetC36_M7_2
Added Pin To Net: NetName=NetC36_M8_1 Pin=C36_M8-1
Added Pin To Net: NetName=NetC36_M8_1 Pin=U7_M8-6
Added Pin To Net: NetName=NetC36_M8_1 Pin=U7_M8-7
Added Net: Name=NetC36_M8_1
Added Pin To Net: NetName=NetC36_M8_2 Pin=C36_M8-2
Added Pin To Net: NetName=NetC36_M8_2 Pin=R15_M8-2
Added Pin To Net: NetName=NetC36_M8_2 Pin=U7_M8-10
Added Net: Name=NetC36_M8_2
Added Pin To Net: NetName=NetC37_M1_2 Pin=C37_M1-2
Added Pin To Net: NetName=NetC37_M1_2 Pin=R13_M1-2
Added Pin To Net: NetName=NetC37_M1_2 Pin=U7_M1-5
Added Net: Name=NetC37_M1_2
Added Pin To Net: NetName=NetC37_M2_2 Pin=C37_M2-2
Added Pin To Net: NetName=NetC37_M2_2 Pin=R13_M2-2
Added Pin To Net: NetName=NetC37_M2_2 Pin=U7_M2-5
Added Net: Name=NetC37_M2_2
Added Pin To Net: NetName=NetC37_M3_2 Pin=C37_M3-2
Added Pin To Net: NetName=NetC37_M3_2 Pin=R13_M3-2
Added Pin To Net: NetName=NetC37_M3_2 Pin=U7_M3-5
Added Net: Name=NetC37_M3_2
Added Pin To Net: NetName=NetC37_M4_2 Pin=C37_M4-2
Added Pin To Net: NetName=NetC37_M4_2 Pin=R13_M4-2
Added Pin To Net: NetName=NetC37_M4_2 Pin=U7_M4-5
Added Net: Name=NetC37_M4_2
Added Pin To Net: NetName=NetC37_M5_2 Pin=C37_M5-2
Added Pin To Net: NetName=NetC37_M5_2 Pin=R13_M5-2
Added Pin To Net: NetName=NetC37_M5_2 Pin=U7_M5-5
Added Net: Name=NetC37_M5_2
Added Pin To Net: NetName=NetC37_M6_2 Pin=C37_M6-2
Added Pin To Net: NetName=NetC37_M6_2 Pin=R13_M6-2
Added Pin To Net: NetName=NetC37_M6_2 Pin=U7_M6-5
Added Net: Name=NetC37_M6_2
Added Pin To Net: NetName=NetC37_M7_2 Pin=C37_M7-2
Added Pin To Net: NetName=NetC37_M7_2 Pin=R13_M7-2
Added Pin To Net: NetName=NetC37_M7_2 Pin=U7_M7-5
Added Net: Name=NetC37_M7_2
Added Pin To Net: NetName=NetC37_M8_2 Pin=C37_M8-2
Added Pin To Net: NetName=NetC37_M8_2 Pin=R13_M8-2
Added Pin To Net: NetName=NetC37_M8_2 Pin=U7_M8-5
Added Net: Name=NetC37_M8_2
Added Pin To Net: NetName=NetC38_M1_2 Pin=C38_M1-2
Added Pin To Net: NetName=NetC38_M1_2 Pin=R14_M1-1
Added Pin To Net: NetName=NetC38_M1_2 Pin=U7_M1-12
Added Net: Name=NetC38_M1_2
Added Pin To Net: NetName=NetC38_M2_2 Pin=C38_M2-2
Added Pin To Net: NetName=NetC38_M2_2 Pin=R14_M2-1
Added Pin To Net: NetName=NetC38_M2_2 Pin=U7_M2-12
Added Net: Name=NetC38_M2_2
Added Pin To Net: NetName=NetC38_M3_2 Pin=C38_M3-2
Added Pin To Net: NetName=NetC38_M3_2 Pin=R14_M3-1
Added Pin To Net: NetName=NetC38_M3_2 Pin=U7_M3-12
Added Net: Name=NetC38_M3_2
Added Pin To Net: NetName=NetC38_M4_2 Pin=C38_M4-2
Added Pin To Net: NetName=NetC38_M4_2 Pin=R14_M4-1
Added Pin To Net: NetName=NetC38_M4_2 Pin=U7_M4-12
Added Net: Name=NetC38_M4_2
Added Pin To Net: NetName=NetC38_M5_2 Pin=C38_M5-2
Added Pin To Net: NetName=NetC38_M5_2 Pin=R14_M5-1
Added Pin To Net: NetName=NetC38_M5_2 Pin=U7_M5-12
Added Net: Name=NetC38_M5_2
Added Pin To Net: NetName=NetC38_M6_2 Pin=C38_M6-2
Added Pin To Net: NetName=NetC38_M6_2 Pin=R14_M6-1
Added Pin To Net: NetName=NetC38_M6_2 Pin=U7_M6-12
Added Net: Name=NetC38_M6_2
Added Pin To Net: NetName=NetC38_M7_2 Pin=C38_M7-2
Added Pin To Net: NetName=NetC38_M7_2 Pin=R14_M7-1
Added Pin To Net: NetName=NetC38_M7_2 Pin=U7_M7-12
Added Net: Name=NetC38_M7_2
Added Pin To Net: NetName=NetC38_M8_2 Pin=C38_M8-2
Added Pin To Net: NetName=NetC38_M8_2 Pin=R14_M8-1
Added Pin To Net: NetName=NetC38_M8_2 Pin=U7_M8-12
Added Net: Name=NetC38_M8_2
Added Pin To Net: NetName=NetCN3_M1_5 Pin=CN3_M1-5
Added Pin To Net: NetName=NetCN3_M1_5 Pin=R30_M1-2
Added Net: Name=NetCN3_M1_5
Added Pin To Net: NetName=NetCN3_M2_5 Pin=CN3_M2-5
Added Pin To Net: NetName=NetCN3_M2_5 Pin=R30_M2-2
Added Net: Name=NetCN3_M2_5
Added Pin To Net: NetName=NetCN3_M3_5 Pin=CN3_M3-5
Added Pin To Net: NetName=NetCN3_M3_5 Pin=R30_M3-2
Added Net: Name=NetCN3_M3_5
Added Pin To Net: NetName=NetCN3_M4_5 Pin=CN3_M4-5
Added Pin To Net: NetName=NetCN3_M4_5 Pin=R30_M4-2
Added Net: Name=NetCN3_M4_5
Added Pin To Net: NetName=NetCN3_M5_5 Pin=CN3_M5-5
Added Pin To Net: NetName=NetCN3_M5_5 Pin=R30_M5-2
Added Net: Name=NetCN3_M5_5
Added Pin To Net: NetName=NetCN3_M6_5 Pin=CN3_M6-5
Added Pin To Net: NetName=NetCN3_M6_5 Pin=R30_M6-2
Added Net: Name=NetCN3_M6_5
Added Pin To Net: NetName=NetCN3_M7_5 Pin=CN3_M7-5
Added Pin To Net: NetName=NetCN3_M7_5 Pin=R30_M7-2
Added Net: Name=NetCN3_M7_5
Added Pin To Net: NetName=NetCN3_M8_5 Pin=CN3_M8-5
Added Pin To Net: NetName=NetCN3_M8_5 Pin=R30_M8-2
Added Net: Name=NetCN3_M8_5
Added Pin To Net: NetName=NetD1_A Pin=D1-A
Added Pin To Net: NetName=NetD1_A Pin=D2-K
Added Pin To Net: NetName=NetD1_A Pin=R31-2
Added Pin To Net: NetName=NetD1_A Pin=R32-1
Added Pin To Net: NetName=NetD1_A Pin=Y1-16
Added Net: Name=NetD1_A
Added Pin To Net: NetName=NetD4_1 Pin=D4-1
Added Pin To Net: NetName=NetD4_1 Pin=U9-14
Added Net: Name=NetD4_1
Added Pin To Net: NetName=NetD4_2 Pin=D4-2
Added Pin To Net: NetName=NetD4_2 Pin=R23-1
Added Net: Name=NetD4_2
Added Pin To Net: NetName=NetD5_1 Pin=D5-1
Added Pin To Net: NetName=NetD5_1 Pin=U9-7
Added Net: Name=NetD5_1
Added Pin To Net: NetName=NetD5_2 Pin=D5-2
Added Pin To Net: NetName=NetD5_2 Pin=R24-1
Added Net: Name=NetD5_2
Added Pin To Net: NetName=NetD7_A Pin=R26-1
Added Net: Name=NetD7_A
Added Pin To Net: NetName=NetD11_A Pin=D11-A
Added Pin To Net: NetName=NetD11_A Pin=SW3-5
Added Net: Name=NetD11_A
Added Pin To Net: NetName=NetJ2_M1_1 Pin=J2_M1-1
Added Pin To Net: NetName=NetJ2_M1_1 Pin=R10_M1-2
Added Pin To Net: NetName=NetJ2_M1_1 Pin=U10_M1-4
Added Net: Name=NetJ2_M1_1
Added Pin To Net: NetName=NetJ2_M2_1 Pin=J2_M2-1
Added Pin To Net: NetName=NetJ2_M2_1 Pin=R10_M2-2
Added Pin To Net: NetName=NetJ2_M2_1 Pin=U10_M2-4
Added Net: Name=NetJ2_M2_1
Added Pin To Net: NetName=NetJ2_M3_1 Pin=J2_M3-1
Added Pin To Net: NetName=NetJ2_M3_1 Pin=R10_M3-2
Added Pin To Net: NetName=NetJ2_M3_1 Pin=U10_M3-4
Added Net: Name=NetJ2_M3_1
Added Pin To Net: NetName=NetJ2_M4_1 Pin=J2_M4-1
Added Pin To Net: NetName=NetJ2_M4_1 Pin=R10_M4-2
Added Pin To Net: NetName=NetJ2_M4_1 Pin=U10_M4-4
Added Net: Name=NetJ2_M4_1
Added Pin To Net: NetName=NetJ2_M5_1 Pin=J2_M5-1
Added Pin To Net: NetName=NetJ2_M5_1 Pin=R10_M5-2
Added Pin To Net: NetName=NetJ2_M5_1 Pin=U10_M5-4
Added Net: Name=NetJ2_M5_1
Added Pin To Net: NetName=NetJ2_M6_1 Pin=J2_M6-1
Added Pin To Net: NetName=NetJ2_M6_1 Pin=R10_M6-2
Added Pin To Net: NetName=NetJ2_M6_1 Pin=U10_M6-4
Added Net: Name=NetJ2_M6_1
Added Pin To Net: NetName=NetJ2_M7_1 Pin=J2_M7-1
Added Pin To Net: NetName=NetJ2_M7_1 Pin=R10_M7-2
Added Pin To Net: NetName=NetJ2_M7_1 Pin=U10_M7-4
Added Net: Name=NetJ2_M7_1
Added Pin To Net: NetName=NetJ2_M8_1 Pin=J2_M8-1
Added Pin To Net: NetName=NetJ2_M8_1 Pin=R10_M8-2
Added Pin To Net: NetName=NetJ2_M8_1 Pin=U10_M8-4
Added Net: Name=NetJ2_M8_1
Added Pin To Net: NetName=NetJ3_1 Pin=J3-1
Added Pin To Net: NetName=NetJ3_1 Pin=J3-3
Added Pin To Net: NetName=NetJ3_1 Pin=R32-2
Added Net: Name=NetJ3_1
Added Pin To Net: NetName=NetJ12_1 Pin=J12-1
Added Pin To Net: NetName=NetJ12_1 Pin=U8-8
Added Net: Name=NetJ12_1
Added Pin To Net: NetName=NetJ12_2 Pin=J12-2
Added Pin To Net: NetName=NetJ12_2 Pin=U8-7
Added Net: Name=NetJ12_2
Added Pin To Net: NetName=NetJ12_3 Pin=J12-3
Added Pin To Net: NetName=NetJ12_3 Pin=U8-6
Added Net: Name=NetJ12_3
Added Pin To Net: NetName=NetJ12_4 Pin=J12-4
Added Pin To Net: NetName=NetJ12_4 Pin=U8-5
Added Net: Name=NetJ12_4
Added Pin To Net: NetName=NetL1_1 Pin=L1-1
Added Pin To Net: NetName=NetL1_1 Pin=U2-5
Added Net: Name=NetL1_1
Added Pin To Net: NetName=NetQ1_M1_1 Pin=Q1_M1-1
Added Pin To Net: NetName=NetQ1_M1_1 Pin=R18_M1-2
Added Net: Name=NetQ1_M1_1
Added Pin To Net: NetName=NetQ1_M2_1 Pin=Q1_M2-1
Added Pin To Net: NetName=NetQ1_M2_1 Pin=R18_M2-2
Added Net: Name=NetQ1_M2_1
Added Pin To Net: NetName=NetQ1_M3_1 Pin=Q1_M3-1
Added Pin To Net: NetName=NetQ1_M3_1 Pin=R18_M3-2
Added Net: Name=NetQ1_M3_1
Added Pin To Net: NetName=NetQ1_M4_1 Pin=Q1_M4-1
Added Pin To Net: NetName=NetQ1_M4_1 Pin=R18_M4-2
Added Net: Name=NetQ1_M4_1
Added Pin To Net: NetName=NetQ1_M5_1 Pin=Q1_M5-1
Added Pin To Net: NetName=NetQ1_M5_1 Pin=R18_M5-2
Added Net: Name=NetQ1_M5_1
Added Pin To Net: NetName=NetQ1_M6_1 Pin=Q1_M6-1
Added Pin To Net: NetName=NetQ1_M6_1 Pin=R18_M6-2
Added Net: Name=NetQ1_M6_1
Added Pin To Net: NetName=NetQ1_M7_1 Pin=Q1_M7-1
Added Pin To Net: NetName=NetQ1_M7_1 Pin=R18_M7-2
Added Net: Name=NetQ1_M7_1
Added Pin To Net: NetName=NetQ1_M8_1 Pin=Q1_M8-1
Added Pin To Net: NetName=NetQ1_M8_1 Pin=R18_M8-2
Added Net: Name=NetQ1_M8_1
Added Pin To Net: NetName=NetR12_1 Pin=R12-1
Added Pin To Net: NetName=NetR12_1 Pin=U6-3
Added Pin To Net: NetName=NetR12_1 Pin=Y1-89
Added Net: Name=NetR12_1
Added Pin To Net: NetName=NetR13_M1_1 Pin=R13_M1-1
Added Pin To Net: NetName=NetR13_M1_1 Pin=U7_M1-1
Added Pin To Net: NetName=NetR13_M1_1 Pin=U7_M1-2
Added Net: Name=NetR13_M1_1
Added Pin To Net: NetName=NetR13_M2_1 Pin=R13_M2-1
Added Pin To Net: NetName=NetR13_M2_1 Pin=U7_M2-1
Added Pin To Net: NetName=NetR13_M2_1 Pin=U7_M2-2
Added Net: Name=NetR13_M2_1
Added Pin To Net: NetName=NetR13_M3_1 Pin=R13_M3-1
Added Pin To Net: NetName=NetR13_M3_1 Pin=U7_M3-1
Added Pin To Net: NetName=NetR13_M3_1 Pin=U7_M3-2
Added Net: Name=NetR13_M3_1
Added Pin To Net: NetName=NetR13_M4_1 Pin=R13_M4-1
Added Pin To Net: NetName=NetR13_M4_1 Pin=U7_M4-1
Added Pin To Net: NetName=NetR13_M4_1 Pin=U7_M4-2
Added Net: Name=NetR13_M4_1
Added Pin To Net: NetName=NetR13_M5_1 Pin=R13_M5-1
Added Pin To Net: NetName=NetR13_M5_1 Pin=U7_M5-1
Added Pin To Net: NetName=NetR13_M5_1 Pin=U7_M5-2
Added Net: Name=NetR13_M5_1
Added Pin To Net: NetName=NetR13_M6_1 Pin=R13_M6-1
Added Pin To Net: NetName=NetR13_M6_1 Pin=U7_M6-1
Added Pin To Net: NetName=NetR13_M6_1 Pin=U7_M6-2
Added Net: Name=NetR13_M6_1
Added Pin To Net: NetName=NetR13_M7_1 Pin=R13_M7-1
Added Pin To Net: NetName=NetR13_M7_1 Pin=U7_M7-1
Added Pin To Net: NetName=NetR13_M7_1 Pin=U7_M7-2
Added Net: Name=NetR13_M7_1
Added Pin To Net: NetName=NetR13_M8_1 Pin=R13_M8-1
Added Pin To Net: NetName=NetR13_M8_1 Pin=U7_M8-1
Added Pin To Net: NetName=NetR13_M8_1 Pin=U7_M8-2
Added Net: Name=NetR13_M8_1
Added Pin To Net: NetName=NetR14_M1_2 Pin=R14_M1-2
Added Pin To Net: NetName=NetR14_M1_2 Pin=U7_M1-8
Added Pin To Net: NetName=NetR14_M1_2 Pin=U7_M1-9
Added Net: Name=NetR14_M1_2
Added Pin To Net: NetName=NetR14_M2_2 Pin=R14_M2-2
Added Pin To Net: NetName=NetR14_M2_2 Pin=U7_M2-8
Added Pin To Net: NetName=NetR14_M2_2 Pin=U7_M2-9
Added Net: Name=NetR14_M2_2
Added Pin To Net: NetName=NetR14_M3_2 Pin=R14_M3-2
Added Pin To Net: NetName=NetR14_M3_2 Pin=U7_M3-8
Added Pin To Net: NetName=NetR14_M3_2 Pin=U7_M3-9
Added Net: Name=NetR14_M3_2
Added Pin To Net: NetName=NetR14_M4_2 Pin=R14_M4-2
Added Pin To Net: NetName=NetR14_M4_2 Pin=U7_M4-8
Added Pin To Net: NetName=NetR14_M4_2 Pin=U7_M4-9
Added Net: Name=NetR14_M4_2
Added Pin To Net: NetName=NetR14_M5_2 Pin=R14_M5-2
Added Pin To Net: NetName=NetR14_M5_2 Pin=U7_M5-8
Added Pin To Net: NetName=NetR14_M5_2 Pin=U7_M5-9
Added Net: Name=NetR14_M5_2
Added Pin To Net: NetName=NetR14_M6_2 Pin=R14_M6-2
Added Pin To Net: NetName=NetR14_M6_2 Pin=U7_M6-8
Added Pin To Net: NetName=NetR14_M6_2 Pin=U7_M6-9
Added Net: Name=NetR14_M6_2
Added Pin To Net: NetName=NetR14_M7_2 Pin=R14_M7-2
Added Pin To Net: NetName=NetR14_M7_2 Pin=U7_M7-8
Added Pin To Net: NetName=NetR14_M7_2 Pin=U7_M7-9
Added Net: Name=NetR14_M7_2
Added Pin To Net: NetName=NetR14_M8_2 Pin=R14_M8-2
Added Pin To Net: NetName=NetR14_M8_2 Pin=U7_M8-8
Added Pin To Net: NetName=NetR14_M8_2 Pin=U7_M8-9
Added Net: Name=NetR14_M8_2
Added Pin To Net: NetName=NetU11_3 Pin=U11-3
Added Pin To Net: NetName=NetU11_3 Pin=Y1-17
Added Net: Name=NetU11_3
Added Pin To Net: NetName=NetU12_3 Pin=U12-3
Added Pin To Net: NetName=NetU12_3 Pin=Y1-18
Added Net: Name=NetU12_3
Added Pin To Net: NetName=NRST Pin=CN1-5
Added Pin To Net: NetName=NRST Pin=JP2-2
Added Pin To Net: NetName=NRST Pin=R25-1
Added Pin To Net: NetName=NRST Pin=Y1-14
Added Net: Name=NRST
Added Pin To Net: NetName=OSC_IN Pin=C25-2
Added Pin To Net: NetName=OSC_IN Pin=X1-2
Added Pin To Net: NetName=OSC_IN Pin=Y1-12
Added Net: Name=OSC_IN
Added Pin To Net: NetName=OSC_OUT Pin=C24-2
Added Pin To Net: NetName=OSC_OUT Pin=X1-1
Added Pin To Net: NetName=OSC_OUT Pin=Y1-13
Added Net: Name=OSC_OUT
Added Pin To Net: NetName=POLE_M1 Pin=CN3_M1-4
Added Pin To Net: NetName=POLE_M1 Pin=R17_M1-2
Added Net: Name=POLE_M1
Added Pin To Net: NetName=POLE_M2 Pin=CN3_M2-4
Added Pin To Net: NetName=POLE_M2 Pin=R17_M2-2
Added Net: Name=POLE_M2
Added Pin To Net: NetName=POLE_M3 Pin=CN3_M3-4
Added Pin To Net: NetName=POLE_M3 Pin=R17_M3-2
Added Net: Name=POLE_M3
Added Pin To Net: NetName=POLE_M4 Pin=CN3_M4-4
Added Pin To Net: NetName=POLE_M4 Pin=R17_M4-2
Added Net: Name=POLE_M4
Added Pin To Net: NetName=POLE_M5 Pin=CN3_M5-4
Added Pin To Net: NetName=POLE_M5 Pin=R17_M5-2
Added Net: Name=POLE_M5
Added Pin To Net: NetName=POLE_M6 Pin=CN3_M6-4
Added Pin To Net: NetName=POLE_M6 Pin=R17_M6-2
Added Net: Name=POLE_M6
Added Pin To Net: NetName=POLE_M7 Pin=CN3_M7-4
Added Pin To Net: NetName=POLE_M7 Pin=R17_M7-2
Added Net: Name=POLE_M7
Added Pin To Net: NetName=POLE_M8 Pin=CN3_M8-4
Added Pin To Net: NetName=POLE_M8 Pin=R17_M8-2
Added Net: Name=POLE_M8
Added Pin To Net: NetName=RPM1 Pin=Q1_M1-3
Added Pin To Net: NetName=RPM1 Pin=R16_M1-1
Added Pin To Net: NetName=RPM1 Pin=Y1-23
Added Net: Name=RPM1
Added Pin To Net: NetName=RPM2 Pin=Q1_M2-3
Added Pin To Net: NetName=RPM2 Pin=R16_M2-1
Added Pin To Net: NetName=RPM2 Pin=Y1-25
Added Net: Name=RPM2
Added Pin To Net: NetName=RPM3 Pin=Q1_M3-3
Added Pin To Net: NetName=RPM3 Pin=R16_M3-1
Added Pin To Net: NetName=RPM3 Pin=Y1-60
Added Net: Name=RPM3
Added Pin To Net: NetName=RPM4 Pin=Q1_M4-3
Added Pin To Net: NetName=RPM4 Pin=R16_M4-1
Added Pin To Net: NetName=RPM4 Pin=Y1-62
Added Net: Name=RPM4
Added Pin To Net: NetName=RPM5 Pin=Q1_M5-3
Added Pin To Net: NetName=RPM5 Pin=R16_M5-1
Added Pin To Net: NetName=RPM5 Pin=Y1-68
Added Net: Name=RPM5
Added Pin To Net: NetName=RPM6 Pin=Q1_M6-3
Added Pin To Net: NetName=RPM6 Pin=R16_M6-1
Added Pin To Net: NetName=RPM6 Pin=Y1-70
Added Net: Name=RPM6
Added Pin To Net: NetName=RPM7 Pin=Q1_M7-3
Added Pin To Net: NetName=RPM7 Pin=R16_M7-1
Added Pin To Net: NetName=RPM7 Pin=Y1-32
Added Net: Name=RPM7
Added Pin To Net: NetName=RPM8 Pin=Q1_M8-3
Added Pin To Net: NetName=RPM8 Pin=R16_M8-1
Added Pin To Net: NetName=RPM8 Pin=Y1-36
Added Net: Name=RPM8
Added Pin To Net: NetName=RX-RS485 Pin=SW2-3
Added Pin To Net: NetName=RX-RS485 Pin=U8-2
Added Net: Name=RX-RS485
Added Pin To Net: NetName=RX-USB Pin=SW2-1
Added Pin To Net: NetName=RX-USB Pin=U9-4
Added Net: Name=RX-USB
Added Pin To Net: NetName=RX Pin=JP3-1
Added Pin To Net: NetName=RX Pin=SW2-2
Added Pin To Net: NetName=RX Pin=Y1-92
Added Net: Name=RX
Added Pin To Net: NetName=SCL Pin=R9-2
Added Pin To Net: NetName=SCL Pin=U3-8
Added Pin To Net: NetName=SCL Pin=U5-6
Added Pin To Net: NetName=SCL Pin=U6-5
Added Pin To Net: NetName=SCL Pin=Y1-95
Added Net: Name=SCL
Added Pin To Net: NetName=SDA Pin=R8-2
Added Pin To Net: NetName=SDA Pin=U3-7
Added Pin To Net: NetName=SDA Pin=U5-1
Added Pin To Net: NetName=SDA Pin=U6-4
Added Pin To Net: NetName=SDA Pin=Y1-96
Added Net: Name=SDA
Added Pin To Net: NetName=SIGNAL_IN_M1 Pin=D3_M1-A
Added Pin To Net: NetName=SIGNAL_IN_M1 Pin=R17_M1-1
Added Pin To Net: NetName=SIGNAL_IN_M1 Pin=R21_M1-2
Added Pin To Net: NetName=SIGNAL_IN_M1 Pin=U7_M1-3
Added Net: Name=SIGNAL_IN_M1
Added Pin To Net: NetName=SIGNAL_IN_M2 Pin=D3_M2-A
Added Pin To Net: NetName=SIGNAL_IN_M2 Pin=R17_M2-1
Added Pin To Net: NetName=SIGNAL_IN_M2 Pin=R21_M2-2
Added Pin To Net: NetName=SIGNAL_IN_M2 Pin=U7_M2-3
Added Net: Name=SIGNAL_IN_M2
Added Pin To Net: NetName=SIGNAL_IN_M3 Pin=D3_M3-A
Added Pin To Net: NetName=SIGNAL_IN_M3 Pin=R17_M3-1
Added Pin To Net: NetName=SIGNAL_IN_M3 Pin=R21_M3-2
Added Pin To Net: NetName=SIGNAL_IN_M3 Pin=U7_M3-3
Added Net: Name=SIGNAL_IN_M3
Added Pin To Net: NetName=SIGNAL_IN_M4 Pin=D3_M4-A
Added Pin To Net: NetName=SIGNAL_IN_M4 Pin=R17_M4-1
Added Pin To Net: NetName=SIGNAL_IN_M4 Pin=R21_M4-2
Added Pin To Net: NetName=SIGNAL_IN_M4 Pin=U7_M4-3
Added Net: Name=SIGNAL_IN_M4
Added Pin To Net: NetName=SIGNAL_IN_M5 Pin=D3_M5-A
Added Pin To Net: NetName=SIGNAL_IN_M5 Pin=R17_M5-1
Added Pin To Net: NetName=SIGNAL_IN_M5 Pin=R21_M5-2
Added Pin To Net: NetName=SIGNAL_IN_M5 Pin=U7_M5-3
Added Net: Name=SIGNAL_IN_M5
Added Pin To Net: NetName=SIGNAL_IN_M6 Pin=D3_M6-A
Added Pin To Net: NetName=SIGNAL_IN_M6 Pin=R17_M6-1
Added Pin To Net: NetName=SIGNAL_IN_M6 Pin=R21_M6-2
Added Pin To Net: NetName=SIGNAL_IN_M6 Pin=U7_M6-3
Added Net: Name=SIGNAL_IN_M6
Added Pin To Net: NetName=SIGNAL_IN_M7 Pin=D3_M7-A
Added Pin To Net: NetName=SIGNAL_IN_M7 Pin=R17_M7-1
Added Pin To Net: NetName=SIGNAL_IN_M7 Pin=R21_M7-2
Added Pin To Net: NetName=SIGNAL_IN_M7 Pin=U7_M7-3
Added Net: Name=SIGNAL_IN_M7
Added Pin To Net: NetName=SIGNAL_IN_M8 Pin=D3_M8-A
Added Pin To Net: NetName=SIGNAL_IN_M8 Pin=R17_M8-1
Added Pin To Net: NetName=SIGNAL_IN_M8 Pin=R21_M8-2
Added Pin To Net: NetName=SIGNAL_IN_M8 Pin=U7_M8-3
Added Net: Name=SIGNAL_IN_M8
Added Pin To Net: NetName=SIGNAL_OUT_M1 Pin=R18_M1-1
Added Pin To Net: NetName=SIGNAL_OUT_M1 Pin=U7_M1-14
Added Net: Name=SIGNAL_OUT_M1
Added Pin To Net: NetName=SIGNAL_OUT_M2 Pin=R18_M2-1
Added Pin To Net: NetName=SIGNAL_OUT_M2 Pin=U7_M2-14
Added Net: Name=SIGNAL_OUT_M2
Added Pin To Net: NetName=SIGNAL_OUT_M3 Pin=R18_M3-1
Added Pin To Net: NetName=SIGNAL_OUT_M3 Pin=U7_M3-14
Added Net: Name=SIGNAL_OUT_M3
Added Pin To Net: NetName=SIGNAL_OUT_M4 Pin=R18_M4-1
Added Pin To Net: NetName=SIGNAL_OUT_M4 Pin=U7_M4-14
Added Net: Name=SIGNAL_OUT_M4
Added Pin To Net: NetName=SIGNAL_OUT_M5 Pin=R18_M5-1
Added Pin To Net: NetName=SIGNAL_OUT_M5 Pin=U7_M5-14
Added Net: Name=SIGNAL_OUT_M5
Added Pin To Net: NetName=SIGNAL_OUT_M6 Pin=R18_M6-1
Added Pin To Net: NetName=SIGNAL_OUT_M6 Pin=U7_M6-14
Added Net: Name=SIGNAL_OUT_M6
Added Pin To Net: NetName=SIGNAL_OUT_M7 Pin=R18_M7-1
Added Pin To Net: NetName=SIGNAL_OUT_M7 Pin=U7_M7-14
Added Net: Name=SIGNAL_OUT_M7
Added Pin To Net: NetName=SIGNAL_OUT_M8 Pin=R18_M8-1
Added Pin To Net: NetName=SIGNAL_OUT_M8 Pin=U7_M8-14
Added Net: Name=SIGNAL_OUT_M8
Added Pin To Net: NetName=SWCLK Pin=CN1-2
Added Pin To Net: NetName=SWCLK Pin=R19-2
Added Net: Name=SWCLK
Added Pin To Net: NetName=SWDIO Pin=CN1-4
Added Pin To Net: NetName=SWDIO Pin=R20-1
Added Net: Name=SWDIO
Added Pin To Net: NetName=SWO Pin=CN1-6
Added Pin To Net: NetName=SWO Pin=R22-1
Added Net: Name=SWO
Added Pin To Net: NetName=TEMP_MULTPEXER_CTRL1 Pin=U11-9
Added Pin To Net: NetName=TEMP_MULTPEXER_CTRL1 Pin=Y1-83
Added Net: Name=TEMP_MULTPEXER_CTRL1
Added Pin To Net: NetName=TEMP_MULTPEXER_CTRL2 Pin=U11-10
Added Pin To Net: NetName=TEMP_MULTPEXER_CTRL2 Pin=Y1-82
Added Net: Name=TEMP_MULTPEXER_CTRL2
Added Pin To Net: NetName=TEMP_MULTPEXER_CTRL3 Pin=U11-11
Added Pin To Net: NetName=TEMP_MULTPEXER_CTRL3 Pin=Y1-81
Added Net: Name=TEMP_MULTPEXER_CTRL3
Added Pin To Net: NetName=THERM_ADC1 Pin=R11_M1-1
Added Pin To Net: NetName=THERM_ADC1 Pin=R30_M1-1
Added Pin To Net: NetName=THERM_ADC1 Pin=U12-12
Added Net: Name=THERM_ADC1
Added Pin To Net: NetName=THERM_ADC2 Pin=R11_M2-1
Added Pin To Net: NetName=THERM_ADC2 Pin=R30_M2-1
Added Pin To Net: NetName=THERM_ADC2 Pin=U12-13
Added Net: Name=THERM_ADC2
Added Pin To Net: NetName=THERM_ADC3 Pin=R11_M3-1
Added Pin To Net: NetName=THERM_ADC3 Pin=R30_M3-1
Added Pin To Net: NetName=THERM_ADC3 Pin=U12-14
Added Net: Name=THERM_ADC3
Added Pin To Net: NetName=THERM_ADC4 Pin=R11_M4-1
Added Pin To Net: NetName=THERM_ADC4 Pin=R30_M4-1
Added Pin To Net: NetName=THERM_ADC4 Pin=U12-15
Added Net: Name=THERM_ADC4
Added Pin To Net: NetName=THERM_ADC5 Pin=R11_M5-1
Added Pin To Net: NetName=THERM_ADC5 Pin=R30_M5-1
Added Pin To Net: NetName=THERM_ADC5 Pin=U12-1
Added Net: Name=THERM_ADC5
Added Pin To Net: NetName=THERM_ADC6 Pin=R11_M6-1
Added Pin To Net: NetName=THERM_ADC6 Pin=R30_M6-1
Added Pin To Net: NetName=THERM_ADC6 Pin=U12-2
Added Net: Name=THERM_ADC6
Added Pin To Net: NetName=THERM_ADC7 Pin=R11_M7-1
Added Pin To Net: NetName=THERM_ADC7 Pin=R30_M7-1
Added Pin To Net: NetName=THERM_ADC7 Pin=U12-4
Added Net: Name=THERM_ADC7
Added Pin To Net: NetName=THERM_ADC8 Pin=R11_M8-1
Added Pin To Net: NetName=THERM_ADC8 Pin=R30_M8-1
Added Pin To Net: NetName=THERM_ADC8 Pin=U12-5
Added Net: Name=THERM_ADC8
Added Pin To Net: NetName=TX-RS485 Pin=SW2-6
Added Pin To Net: NetName=TX-RS485 Pin=U8-3
Added Net: Name=TX-RS485
Added Pin To Net: NetName=TX-USB Pin=SW2-4
Added Pin To Net: NetName=TX-USB Pin=U9-1
Added Net: Name=TX-USB
Added Pin To Net: NetName=TX Pin=JP3-2
Added Pin To Net: NetName=TX Pin=SW2-5
Added Pin To Net: NetName=TX Pin=Y1-93
Added Net: Name=TX
Added Pin To Net: NetName=USB_DATA_N Pin=R28-2
Added Pin To Net: NetName=USB_DATA_N Pin=U9-9
Added Net: Name=USB_DATA_N
Added Pin To Net: NetName=USB_DATA_P Pin=R29-2
Added Pin To Net: NetName=USB_DATA_P Pin=U9-8
Added Net: Name=USB_DATA_P
Added Pin To Net: NetName=VCAP_1 Pin=C1-2
Added Pin To Net: NetName=VCAP_1 Pin=Y1-48
Added Net: Name=VCAP_1
Added Pin To Net: NetName=VCAP_2 Pin=C2-2
Added Pin To Net: NetName=VCAP_2 Pin=Y1-73
Added Net: Name=VCAP_2
Added Pin To Net: NetName=VIN Pin=C9-2
Added Pin To Net: NetName=VIN Pin=C10-2
Added Pin To Net: NetName=VIN Pin=C11-2
Added Pin To Net: NetName=VIN Pin=C32-2
Added Pin To Net: NetName=VIN Pin=D11-K
Added Pin To Net: NetName=VIN Pin=D12-K
Added Pin To Net: NetName=VIN Pin=U4-3
Added Net: Name=VIN
Added Class: Name=ADC_Sensors
Added Class: Name=I2C_Sensors
Added Class: Name=Interface
Added Class: Name=M1
Added Class: Name=M2
Added Class: Name=M3
Added Class: Name=M4
Added Class: Name=M5
Added Class: Name=M6
Added Class: Name=M7
Added Class: Name=M8
Added Class: Name=Micro
Added Class: Name=Power
Added Class: Name=MOTOR[1..8]
Added Class: Name=MOTOR_CURR_ADC[1..8]
Added Class: Name=MOTOR_CURR_MULTPEXER_CTRL[1..3]
Added Class: Name=RPM[1..8]
Added Class: Name=TEMP_MULTPEXER_CTRL[1..3]
Added Class: Name=THERM_ADC[1..8]
Added Differential Pair: Name=CON_USB_DATA
Added Differential Pair: Name=USB_DATA
Added Class: Name=motor-connections-power
Added Room: Name=ADC_Sensors
Added Room: Name=I2C_Sensors
Added Room: Name=Interface
Added Room: Name=M1
Added Room: Name=M2
Added Room: Name=M3
Added Room: Name=M4
Added Room: Name=M5
Added Room: Name=M6
Added Room: Name=M7
Added Room: Name=M8
Added Room: Name=Micro
Added Room: Name=Power
