Removed Pin From Net: NetName=Con_USB_Data_N Pin=R28-1
Removed Pin From Net: NetName=USB_Data_N Pin=R28-2
Removed Pin From Net: NetName=Con_USB_Data_P Pin=R29-1
Removed Pin From Net: NetName=USB_Data_P Pin=R29-2
Removed Member From Class: ClassName=Interface Member=R28
Removed Member From Class: ClassName=Interface Member=R29
Added Component: Designator=R34(RESC1005N(0402"))
Add component. Clean all parameters for all variants
Add component (AddParameter): Name = "Created By"; Value = "Andy Bates"; VariantName = "[No Variations]"
Add component (AddParameter): Name = "Date Created"; Value = "2018-1-06"; VariantName = "[No Variations]"
Add component (AddParameter): Name = "Publisher"; Value = "AUVic"; VariantName = "[No Variations]"
Add component (AddParameter): Name = "Supplier 1"; Value = "Digi-Key"; VariantName = "[No Variations]"
Add component (AddParameter): Name = "Supplier Part Number 1"; Value = "YAG3086CT-ND"; VariantName = "[No Variations]"
Add component (AddParameter): Name = "Value"; Value = "27"; VariantName = "[No Variations]"
Added Component: Designator=R35(RESC1005N(0402"))
Add component. Clean all parameters for all variants
Add component (AddParameter): Name = "Created By"; Value = "Andy Bates"; VariantName = "[No Variations]"
Add component (AddParameter): Name = "Date Created"; Value = "2018-1-06"; VariantName = "[No Variations]"
Add component (AddParameter): Name = "Publisher"; Value = "AUVic"; VariantName = "[No Variations]"
Add component (AddParameter): Name = "Supplier 1"; Value = "Digi-Key"; VariantName = "[No Variations]"
Add component (AddParameter): Name = "Supplier Part Number 1"; Value = "YAG3086CT-ND"; VariantName = "[No Variations]"
Add component (AddParameter): Name = "Value"; Value = "27"; VariantName = "[No Variations]"
Added Pin To Net: NetName=USB_Data_N Pin=R34-1
Added Pin To Net: NetName=Con_USB_Data_N Pin=R34-2
Added Pin To Net: NetName=USB_Data_P Pin=R35-1
Added Pin To Net: NetName=Con_USB_Data_P Pin=R35-2
Change Net Name : Old Net Name=NetJ12_1 New Net Name=RS485_IN_P
Change Net Name : Old Net Name=NetJ12_2 New Net Name=RS485_IN_N
Change Net Name : Old Net Name=NetJ12_3 New Net Name=RS485_OUT_N
Change Net Name : Old Net Name=NetJ12_4 New Net Name=RS485_OUT_P
Added Differential Pair: Name=RS485_IN
Added Differential Pair: Name=RS485_OUT
Added Member To Class: ClassName=Interface Member=Component R34 27
Added Member To Class: ClassName=Interface Member=Component R35 27
