Change Component Designator: OldDesignator=C27 NewDesignator=C4
Change Component Designator: OldDesignator=C4 NewDesignator=C3
Change Component Designator: OldDesignator=C3 NewDesignator=C7
Change Component Designator: OldDesignator=C7 NewDesignator=C9
Change Component Designator: OldDesignator=C9 NewDesignator=C13
Change Component Designator: OldDesignator=C13 NewDesignator=C19
Change Component Designator: OldDesignator=C19 NewDesignator=C24
Change Component Designator: OldDesignator=C24 NewDesignator=C27
Change Component Designator: OldDesignator=C28 NewDesignator=C2
Change Component Designator: OldDesignator=C2 NewDesignator=C1
Change Component Designator: OldDesignator=C1 NewDesignator=C8
Change Component Designator: OldDesignator=C8 NewDesignator=C11
Change Component Designator: OldDesignator=C11 NewDesignator=C18
Change Component Designator: OldDesignator=C18 NewDesignator=C21
Change Component Designator: OldDesignator=C21 NewDesignator=C26
Change Component Designator: OldDesignator=C26 NewDesignator=C28
Change Component Designator: OldDesignator=C44 NewDesignator=C50
Change Component Designator: OldDesignator=C50 NewDesignator=C51
Change Component Designator: OldDesignator=C51 NewDesignator=C49
Change Component Designator: OldDesignator=C49 NewDesignator=C48
Change Component Designator: OldDesignator=C48 NewDesignator=C47
Change Component Designator: OldDesignator=C47 NewDesignator=C46
Change Component Designator: OldDesignator=C46 NewDesignator=C45
Change Component Designator: OldDesignator=C45 NewDesignator=C44
Change Component Designator: OldDesignator=CN10 NewDesignator=CN1
Change Component Designator: OldDesignator=CN1 NewDesignator=CN2
Change Component Designator: OldDesignator=CN2 NewDesignator=CN5
Change Component Designator: OldDesignator=CN5 NewDesignator=CN6
Change Component Designator: OldDesignator=CN6 NewDesignator=CN7
Change Component Designator: OldDesignator=CN7 NewDesignator=CN8
Change Component Designator: OldDesignator=CN8 NewDesignator=CN9
Change Component Designator: OldDesignator=CN9 NewDesignator=CN10
Change Component Designator: OldDesignator=D4 NewDesignator=D18
Change Component Designator: OldDesignator=D18 NewDesignator=D16
Change Component Designator: OldDesignator=D16 NewDesignator=D14
Change Component Designator: OldDesignator=D14 NewDesignator=D12
Change Component Designator: OldDesignator=D12 NewDesignator=D10
Change Component Designator: OldDesignator=D10 NewDesignator=D8
Change Component Designator: OldDesignator=D8 NewDesignator=D6
Change Component Designator: OldDesignator=D6 NewDesignator=D4
Change Component Designator: OldDesignator=D5 NewDesignator=D17
Change Component Designator: OldDesignator=D17 NewDesignator=D19
Change Component Designator: OldDesignator=D19 NewDesignator=D15
Change Component Designator: OldDesignator=D15 NewDesignator=D13
Change Component Designator: OldDesignator=D13 NewDesignator=D11
Change Component Designator: OldDesignator=D11 NewDesignator=D9
Change Component Designator: OldDesignator=D9 NewDesignator=D7
Change Component Designator: OldDesignator=D7 NewDesignator=D5
Change Component Designator: OldDesignator=J8 NewDesignator=J1
Change Component Designator: OldDesignator=J1 NewDesignator=J2
Change Component Designator: OldDesignator=J2 NewDesignator=J3
Change Component Designator: OldDesignator=J3 NewDesignator=J4
Change Component Designator: OldDesignator=J4 NewDesignator=J5
Change Component Designator: OldDesignator=J5 NewDesignator=J6
Change Component Designator: OldDesignator=J6 NewDesignator=J7
Change Component Designator: OldDesignator=J7 NewDesignator=J8
Change Component Designator: OldDesignator=Q1 NewDesignator=Q7
Change Component Designator: OldDesignator=Q7 NewDesignator=Q8
Change Component Designator: OldDesignator=Q8 NewDesignator=Q6
Change Component Designator: OldDesignator=Q6 NewDesignator=Q5
Change Component Designator: OldDesignator=Q5 NewDesignator=Q4
Change Component Designator: OldDesignator=Q4 NewDesignator=Q3
Change Component Designator: OldDesignator=Q3 NewDesignator=Q2
Change Component Designator: OldDesignator=Q2 NewDesignator=Q1
Change Component Designator: OldDesignator=R44 NewDesignator=R4
Change Component Designator: OldDesignator=R4 NewDesignator=R3
Change Component Designator: OldDesignator=R3 NewDesignator=R10
Change Component Designator: OldDesignator=R10 NewDesignator=R16
Change Component Designator: OldDesignator=R16 NewDesignator=R25
Change Component Designator: OldDesignator=R25 NewDesignator=R32
Change Component Designator: OldDesignator=R32 NewDesignator=R38
Change Component Designator: OldDesignator=R38 NewDesignator=R44
Change Component Designator: OldDesignator=R47 NewDesignator=R6
Change Component Designator: OldDesignator=R6 NewDesignator=R5
Change Component Designator: OldDesignator=R5 NewDesignator=R13
Change Component Designator: OldDesignator=R13 NewDesignator=R19
Change Component Designator: OldDesignator=R19 NewDesignator=R27
Change Component Designator: OldDesignator=R27 NewDesignator=R35
Change Component Designator: OldDesignator=R35 NewDesignator=R41
Change Component Designator: OldDesignator=R41 NewDesignator=R47
Change Component Designator: OldDesignator=R48 NewDesignator=R2
Change Component Designator: OldDesignator=R2 NewDesignator=R1
Change Component Designator: OldDesignator=R1 NewDesignator=R14
Change Component Designator: OldDesignator=R14 NewDesignator=R20
Change Component Designator: OldDesignator=R20 NewDesignator=R28
Change Component Designator: OldDesignator=R28 NewDesignator=R36
Change Component Designator: OldDesignator=R36 NewDesignator=R42
Change Component Designator: OldDesignator=R42 NewDesignator=R48
Change Component Designator: OldDesignator=R49 NewDesignator=R8
Change Component Designator: OldDesignator=R8 NewDesignator=R7
Change Component Designator: OldDesignator=R7 NewDesignator=R15
Change Component Designator: OldDesignator=R15 NewDesignator=R22
Change Component Designator: OldDesignator=R22 NewDesignator=R30
Change Component Designator: OldDesignator=R30 NewDesignator=R37
Change Component Designator: OldDesignator=R37 NewDesignator=R43
Change Component Designator: OldDesignator=R43 NewDesignator=R49
Change Component Designator: OldDesignator=R51 NewDesignator=R12
Change Component Designator: OldDesignator=R12 NewDesignator=R18
Change Component Designator: OldDesignator=R18 NewDesignator=R26
Change Component Designator: OldDesignator=R26 NewDesignator=R31
Change Component Designator: OldDesignator=R31 NewDesignator=R34
Change Component Designator: OldDesignator=R34 NewDesignator=R40
Change Component Designator: OldDesignator=R40 NewDesignator=R46
Change Component Designator: OldDesignator=R46 NewDesignator=R51
Change Component Designator: OldDesignator=R54 NewDesignator=R17
Change Component Designator: OldDesignator=R17 NewDesignator=R24
Change Component Designator: OldDesignator=R24 NewDesignator=R29
Change Component Designator: OldDesignator=R29 NewDesignator=R33
Change Component Designator: OldDesignator=R33 NewDesignator=R39
Change Component Designator: OldDesignator=R39 NewDesignator=R45
Change Component Designator: OldDesignator=R45 NewDesignator=R50
Change Component Designator: OldDesignator=R50 NewDesignator=R54
Change Component Designator: OldDesignator=R69 NewDesignator=R111
Change Component Designator: OldDesignator=R111 NewDesignator=R116
Change Component Designator: OldDesignator=R116 NewDesignator=R100
Change Component Designator: OldDesignator=R100 NewDesignator=R93
Change Component Designator: OldDesignator=R93 NewDesignator=R87
Change Component Designator: OldDesignator=R87 NewDesignator=R81
Change Component Designator: OldDesignator=R81 NewDesignator=R75
Change Component Designator: OldDesignator=R75 NewDesignator=R69
Change Component Designator: OldDesignator=R70 NewDesignator=R105
Change Component Designator: OldDesignator=R105 NewDesignator=R106
Change Component Designator: OldDesignator=R106 NewDesignator=R101
Change Component Designator: OldDesignator=R101 NewDesignator=R94
Change Component Designator: OldDesignator=R94 NewDesignator=R88
Change Component Designator: OldDesignator=R88 NewDesignator=R82
Change Component Designator: OldDesignator=R82 NewDesignator=R76
Change Component Designator: OldDesignator=R76 NewDesignator=R70
Change Component Designator: OldDesignator=R71 NewDesignator=R113
Change Component Designator: OldDesignator=R113 NewDesignator=R115
Change Component Designator: OldDesignator=R115 NewDesignator=R99
Change Component Designator: OldDesignator=R99 NewDesignator=R95
Change Component Designator: OldDesignator=R95 NewDesignator=R89
Change Component Designator: OldDesignator=R89 NewDesignator=R83
Change Component Designator: OldDesignator=R83 NewDesignator=R77
Change Component Designator: OldDesignator=R77 NewDesignator=R71
Change Component Designator: OldDesignator=R72 NewDesignator=R112
Change Component Designator: OldDesignator=R112 NewDesignator=R114
Change Component Designator: OldDesignator=R114 NewDesignator=R102
Change Component Designator: OldDesignator=R102 NewDesignator=R96
Change Component Designator: OldDesignator=R96 NewDesignator=R90
Change Component Designator: OldDesignator=R90 NewDesignator=R84
Change Component Designator: OldDesignator=R84 NewDesignator=R78
Change Component Designator: OldDesignator=R78 NewDesignator=R72
Change Component Designator: OldDesignator=R73 NewDesignator=R107
Change Component Designator: OldDesignator=R107 NewDesignator=R108
Change Component Designator: OldDesignator=R108 NewDesignator=R103
Change Component Designator: OldDesignator=R103 NewDesignator=R97
Change Component Designator: OldDesignator=R97 NewDesignator=R91
Change Component Designator: OldDesignator=R91 NewDesignator=R85
Change Component Designator: OldDesignator=R85 NewDesignator=R79
Change Component Designator: OldDesignator=R79 NewDesignator=R73
Change Component Designator: OldDesignator=R74 NewDesignator=R109
Change Component Designator: OldDesignator=R109 NewDesignator=R110
Change Component Designator: OldDesignator=R110 NewDesignator=R104
Change Component Designator: OldDesignator=R104 NewDesignator=R98
Change Component Designator: OldDesignator=R98 NewDesignator=R92
Change Component Designator: OldDesignator=R92 NewDesignator=R86
Change Component Designator: OldDesignator=R86 NewDesignator=R80
Change Component Designator: OldDesignator=R80 NewDesignator=R74
Change Component Designator: OldDesignator=U21 NewDesignator=U2
Change Component Designator: OldDesignator=U21 NewDesignator=U2
Change Component Designator: OldDesignator=U21 NewDesignator=U2
Change Component Designator: OldDesignator=U21 NewDesignator=U2
Change Component Designator: OldDesignator=U2 NewDesignator=U1
Change Component Designator: OldDesignator=U2 NewDesignator=U1
Change Component Designator: OldDesignator=U2 NewDesignator=U1
Change Component Designator: OldDesignator=U2 NewDesignator=U1
Change Component Designator: OldDesignator=U1 NewDesignator=U5
Change Component Designator: OldDesignator=U1 NewDesignator=U5
Change Component Designator: OldDesignator=U1 NewDesignator=U5
Change Component Designator: OldDesignator=U1 NewDesignator=U5
Change Component Designator: OldDesignator=U5 NewDesignator=U8
Change Component Designator: OldDesignator=U5 NewDesignator=U8
Change Component Designator: OldDesignator=U5 NewDesignator=U8
Change Component Designator: OldDesignator=U5 NewDesignator=U8
Change Component Designator: OldDesignator=U8 NewDesignator=U11
Change Component Designator: OldDesignator=U8 NewDesignator=U11
Change Component Designator: OldDesignator=U8 NewDesignator=U11
Change Component Designator: OldDesignator=U8 NewDesignator=U11
Change Component Designator: OldDesignator=U11 NewDesignator=U14
Change Component Designator: OldDesignator=U11 NewDesignator=U14
Change Component Designator: OldDesignator=U11 NewDesignator=U14
Change Component Designator: OldDesignator=U11 NewDesignator=U14
Change Component Designator: OldDesignator=U14 NewDesignator=U17
Change Component Designator: OldDesignator=U14 NewDesignator=U17
Change Component Designator: OldDesignator=U14 NewDesignator=U17
Change Component Designator: OldDesignator=U14 NewDesignator=U17
Change Component Designator: OldDesignator=U17 NewDesignator=U21
Change Component Designator: OldDesignator=U17 NewDesignator=U21
Change Component Designator: OldDesignator=U17 NewDesignator=U21
Change Component Designator: OldDesignator=U17 NewDesignator=U21
Change Component Designator: OldDesignator=U23 NewDesignator=U7
Change Component Designator: OldDesignator=U7 NewDesignator=U9
Change Component Designator: OldDesignator=U9 NewDesignator=U12
Change Component Designator: OldDesignator=U12 NewDesignator=U13
Change Component Designator: OldDesignator=U13 NewDesignator=U16
Change Component Designator: OldDesignator=U16 NewDesignator=U19
Change Component Designator: OldDesignator=U19 NewDesignator=U22
Change Component Designator: OldDesignator=U22 NewDesignator=U23
