Removed Member From Class: ClassName=M8 Member=C16
Removed Member From Class: ClassName=M8 Member=C17
Removed Member From Class: ClassName=I2C_Sensors Member=C29
Removed Member From Class: ClassName=M1 Member=C30
Removed Member From Class: ClassName=ADC_Sensors Member=C31
Removed Member From Class: ClassName=M2 Member=C34
Removed Member From Class: ClassName=M5 Member=C36
Removed Member From Class: ClassName=M2 Member=C37
Removed Member From Class: ClassName=Power Member=C42
Removed Member From Class: ClassName=M3 Member=CN3
Removed Member From Class: ClassName=M2 Member=CN11
Removed Member From Class: ClassName=Interface Member=JP2
Removed Member From Class: ClassName=M1 Member=R11
Removed Member From Class: ClassName=M2 Member=R21
Removed Member From Class: ClassName=M2 Member=R53
Removed Member From Class: ClassName=M4 Member=R55
Removed Member From Class: ClassName=M1 Member=R56
Removed Member From Class: ClassName=M1 Member=R57
Removed Member From Class: ClassName=Power Member=R57
Removed Member From Class: ClassName=M4 Member=R58
Removed Member From Class: ClassName=M2 Member=R59
Removed Member From Class: ClassName=Power Member=R63
Removed Member From Class: ClassName=M2 Member=R64
Removed Member From Class: ClassName=M5 Member=R66
Removed Member From Class: ClassName=M1 Member=U10
Removed Member From Class: ClassName=M5 Member=U18
Removed Member From Class: ClassName=ADC_Sensors Member=U25
Removed Member From Class: ClassName=M3 Member=U25
Change Component Designator: OldDesignator=C1 NewDesignator=C28_M2
Change Component Designator: OldDesignator=C2 NewDesignator=C28_M1
Change Component Designator: OldDesignator=C3 NewDesignator=C27_M2
Change Component Designator: OldDesignator=C4 NewDesignator=C27_M1
Change Component Designator: OldDesignator=C7 NewDesignator=C27_M3
Change Component Designator: OldDesignator=C8 NewDesignator=C28_M3
Change Component Designator: OldDesignator=C9 NewDesignator=C27_M4
Change Component Designator: OldDesignator=C11 NewDesignator=C28_M4
Change Component Designator: OldDesignator=C13 NewDesignator=C27_M5
Change Component Designator: OldDesignator=C18 NewDesignator=C28_M5
Change Component Designator: OldDesignator=C19 NewDesignator=C27_M6
Change Component Designator: OldDesignator=C21 NewDesignator=C28_M6
Change Component Designator: OldDesignator=C24 NewDesignator=C27_M7
Change Component Designator: OldDesignator=C26 NewDesignator=C28_M7
Change Component Designator: OldDesignator=C27 NewDesignator=C27_M8
Change Component Designator: OldDesignator=C28 NewDesignator=C28_M8
Change Component Designator: OldDesignator=C44 NewDesignator=C44_M8
Change Component Designator: OldDesignator=C45 NewDesignator=C44_M7
Change Component Designator: OldDesignator=C46 NewDesignator=C44_M6
Change Component Designator: OldDesignator=C47 NewDesignator=C44_M5
Change Component Designator: OldDesignator=C48 NewDesignator=C44_M4
Change Component Designator: OldDesignator=C49 NewDesignator=C44_M3
Change Component Designator: OldDesignator=C50 NewDesignator=C44_M1
Change Component Designator: OldDesignator=C51 NewDesignator=C44_M2
Change Component Designator: OldDesignator=CN1 NewDesignator=CN10_M1
Change Component Designator: OldDesignator=CN2 NewDesignator=CN10_M2
Change Component Designator: OldDesignator=CN5 NewDesignator=CN10_M3
Change Component Designator: OldDesignator=CN6 NewDesignator=CN10_M4
Change Component Designator: OldDesignator=CN7 NewDesignator=CN10_M5
Change Component Designator: OldDesignator=CN8 NewDesignator=CN10_M6
Change Component Designator: OldDesignator=CN9 NewDesignator=CN10_M7
Change Component Designator: OldDesignator=CN10 NewDesignator=CN10_M8
Change Component Designator: OldDesignator=D4 NewDesignator=D4_M8
Change Component Designator: OldDesignator=D5 NewDesignator=D5_M8
Change Component Designator: OldDesignator=D6 NewDesignator=D4_M7
Change Component Designator: OldDesignator=D7 NewDesignator=D5_M7
Change Component Designator: OldDesignator=D8 NewDesignator=D4_M6
Change Component Designator: OldDesignator=D9 NewDesignator=D5_M6
Change Component Designator: OldDesignator=D10 NewDesignator=D4_M5
Change Component Designator: OldDesignator=D11 NewDesignator=D5_M5
Change Component Designator: OldDesignator=D12 NewDesignator=D4_M4
Change Component Designator: OldDesignator=D13 NewDesignator=D5_M4
Change Component Designator: OldDesignator=D14 NewDesignator=D4_M3
Change Component Designator: OldDesignator=D15 NewDesignator=D5_M3
Change Component Designator: OldDesignator=D16 NewDesignator=D4_M2
Change Component Designator: OldDesignator=D17 NewDesignator=D5_M1
Change Component Designator: OldDesignator=D18 NewDesignator=D4_M1
Change Component Designator: OldDesignator=D19 NewDesignator=D5_M2
Change Component Designator: OldDesignator=J1 NewDesignator=J8_M1
Change Component Designator: OldDesignator=J2 NewDesignator=J8_M2
Change Component Designator: OldDesignator=J3 NewDesignator=J8_M3
Change Component Designator: OldDesignator=J4 NewDesignator=J8_M4
Change Component Designator: OldDesignator=J5 NewDesignator=J8_M5
Change Component Designator: OldDesignator=J6 NewDesignator=J8_M6
Change Component Designator: OldDesignator=J7 NewDesignator=J8_M7
Change Component Designator: OldDesignator=J8 NewDesignator=J8_M8
Change Component Designator: OldDesignator=Q1 NewDesignator=Q1_M8
Change Component Designator: OldDesignator=Q2 NewDesignator=Q1_M7
Change Component Designator: OldDesignator=Q3 NewDesignator=Q1_M6
Change Component Designator: OldDesignator=Q4 NewDesignator=Q1_M5
Change Component Designator: OldDesignator=Q5 NewDesignator=Q1_M4
Change Component Designator: OldDesignator=Q6 NewDesignator=Q1_M3
Change Component Designator: OldDesignator=Q7 NewDesignator=Q1_M1
Change Component Designator: OldDesignator=Q8 NewDesignator=Q1_M2
Change Component Designator: OldDesignator=R1 NewDesignator=R48_M2
Change Component Designator: OldDesignator=R2 NewDesignator=R48_M1
Change Component Designator: OldDesignator=R3 NewDesignator=R44_M2
Change Component Designator: OldDesignator=R4 NewDesignator=R44_M1
Change Component Designator: OldDesignator=R5 NewDesignator=R47_M2
Change Component Designator: OldDesignator=R6 NewDesignator=R47_M1
Change Component Designator: OldDesignator=R7 NewDesignator=R49_M2
Change Component Designator: OldDesignator=R8 NewDesignator=R49_M1
Change Component Designator: OldDesignator=R10 NewDesignator=R44_M3
Change Component Designator: OldDesignator=R12 NewDesignator=R51_M1
Change Component Designator: OldDesignator=R13 NewDesignator=R47_M3
Change Component Designator: OldDesignator=R14 NewDesignator=R48_M3
Change Component Designator: OldDesignator=R15 NewDesignator=R49_M3
Change Component Designator: OldDesignator=R16 NewDesignator=R44_M4
Change Component Designator: OldDesignator=R17 NewDesignator=R54_M1
Change Component Designator: OldDesignator=R18 NewDesignator=R51_M2
Change Component Designator: OldDesignator=R19 NewDesignator=R47_M4
Change Component Designator: OldDesignator=R20 NewDesignator=R48_M4
Change Component Designator: OldDesignator=R22 NewDesignator=R49_M4
Change Component Designator: OldDesignator=R24 NewDesignator=R54_M2
Change Component Designator: OldDesignator=R25 NewDesignator=R44_M5
Change Component Designator: OldDesignator=R26 NewDesignator=R51_M3
Change Component Designator: OldDesignator=R27 NewDesignator=R47_M5
Change Component Designator: OldDesignator=R28 NewDesignator=R48_M5
Change Component Designator: OldDesignator=R29 NewDesignator=R54_M3
Change Component Designator: OldDesignator=R30 NewDesignator=R49_M5
Change Component Designator: OldDesignator=R31 NewDesignator=R51_M4
Change Component Designator: OldDesignator=R32 NewDesignator=R44_M6
Change Component Designator: OldDesignator=R33 NewDesignator=R54_M4
Change Component Designator: OldDesignator=R34 NewDesignator=R51_M5
Change Component Designator: OldDesignator=R35 NewDesignator=R47_M6
Change Component Designator: OldDesignator=R36 NewDesignator=R48_M6
Change Component Designator: OldDesignator=R37 NewDesignator=R49_M6
Change Component Designator: OldDesignator=R38 NewDesignator=R44_M7
Change Component Designator: OldDesignator=R39 NewDesignator=R54_M5
Change Component Designator: OldDesignator=R40 NewDesignator=R51_M6
Change Component Designator: OldDesignator=R41 NewDesignator=R47_M7
Change Component Designator: OldDesignator=R42 NewDesignator=R48_M7
Change Component Designator: OldDesignator=R43 NewDesignator=R49_M7
Change Component Designator: OldDesignator=R44 NewDesignator=R44_M8
Change Component Designator: OldDesignator=R45 NewDesignator=R54_M6
Change Component Designator: OldDesignator=R46 NewDesignator=R51_M7
Change Component Designator: OldDesignator=R47 NewDesignator=R47_M8
Change Component Designator: OldDesignator=R48 NewDesignator=R48_M8
Change Component Designator: OldDesignator=R49 NewDesignator=R49_M8
Change Component Designator: OldDesignator=R50 NewDesignator=R54_M7
Change Component Designator: OldDesignator=R51 NewDesignator=R51_M8
Change Component Designator: OldDesignator=R54 NewDesignator=R54_M8
Change Component Designator: OldDesignator=R69 NewDesignator=R69_M8
Change Component Designator: OldDesignator=R70 NewDesignator=R70_M8
Change Component Designator: OldDesignator=R71 NewDesignator=R71_M8
Change Component Designator: OldDesignator=R72 NewDesignator=R72_M8
Change Component Designator: OldDesignator=R73 NewDesignator=R73_M8
Change Component Designator: OldDesignator=R74 NewDesignator=R74_M8
Change Component Designator: OldDesignator=R75 NewDesignator=R69_M7
Change Component Designator: OldDesignator=R76 NewDesignator=R70_M7
Change Component Designator: OldDesignator=R77 NewDesignator=R71_M7
Change Component Designator: OldDesignator=R78 NewDesignator=R72_M7
Change Component Designator: OldDesignator=R79 NewDesignator=R73_M7
Change Component Designator: OldDesignator=R80 NewDesignator=R74_M7
Change Component Designator: OldDesignator=R81 NewDesignator=R69_M6
Change Component Designator: OldDesignator=R82 NewDesignator=R70_M6
Change Component Designator: OldDesignator=R83 NewDesignator=R71_M6
Change Component Designator: OldDesignator=R84 NewDesignator=R72_M6
Change Component Designator: OldDesignator=R85 NewDesignator=R73_M6
Change Component Designator: OldDesignator=R86 NewDesignator=R74_M6
Change Component Designator: OldDesignator=R87 NewDesignator=R69_M5
Change Component Designator: OldDesignator=R88 NewDesignator=R70_M5
Change Component Designator: OldDesignator=R89 NewDesignator=R71_M5
Change Component Designator: OldDesignator=R90 NewDesignator=R72_M5
Change Component Designator: OldDesignator=R91 NewDesignator=R73_M5
Change Component Designator: OldDesignator=R92 NewDesignator=R74_M5
Change Component Designator: OldDesignator=R93 NewDesignator=R69_M4
Change Component Designator: OldDesignator=R94 NewDesignator=R70_M4
Change Component Designator: OldDesignator=R95 NewDesignator=R71_M4
Change Component Designator: OldDesignator=R96 NewDesignator=R72_M4
Change Component Designator: OldDesignator=R97 NewDesignator=R73_M4
Change Component Designator: OldDesignator=R98 NewDesignator=R74_M4
Change Component Designator: OldDesignator=R99 NewDesignator=R71_M3
Change Component Designator: OldDesignator=R100 NewDesignator=R69_M3
Change Component Designator: OldDesignator=R101 NewDesignator=R70_M3
Change Component Designator: OldDesignator=R102 NewDesignator=R72_M3
Change Component Designator: OldDesignator=R103 NewDesignator=R73_M3
Change Component Designator: OldDesignator=R104 NewDesignator=R74_M3
Change Component Designator: OldDesignator=R105 NewDesignator=R70_M1
Change Component Designator: OldDesignator=R106 NewDesignator=R70_M2
Change Component Designator: OldDesignator=R107 NewDesignator=R73_M1
Change Component Designator: OldDesignator=R108 NewDesignator=R73_M2
Change Component Designator: OldDesignator=R109 NewDesignator=R74_M1
Change Component Designator: OldDesignator=R110 NewDesignator=R74_M2
Change Component Designator: OldDesignator=R111 NewDesignator=R69_M1
Change Component Designator: OldDesignator=R112 NewDesignator=R72_M1
Change Component Designator: OldDesignator=R113 NewDesignator=R71_M1
Change Component Designator: OldDesignator=R114 NewDesignator=R72_M2
Change Component Designator: OldDesignator=R115 NewDesignator=R71_M2
Change Component Designator: OldDesignator=R116 NewDesignator=R69_M2
Change Component Designator: OldDesignator=U1 NewDesignator=U21_M2
Change Component Designator: OldDesignator=U2 NewDesignator=U21_M1
Change Component Designator: OldDesignator=U5 NewDesignator=U21_M3
Change Component Designator: OldDesignator=U7 NewDesignator=U23_M1
Change Component Designator: OldDesignator=U8 NewDesignator=U21_M4
Change Component Designator: OldDesignator=U9 NewDesignator=U23_M2
Change Component Designator: OldDesignator=U11 NewDesignator=U21_M5
Change Component Designator: OldDesignator=U12 NewDesignator=U23_M3
Change Component Designator: OldDesignator=U13 NewDesignator=U23_M4
Change Component Designator: OldDesignator=U14 NewDesignator=U21_M6
Change Component Designator: OldDesignator=U16 NewDesignator=U23_M5
Change Component Designator: OldDesignator=U17 NewDesignator=U21_M7
Change Component Designator: OldDesignator=U19 NewDesignator=U23_M6
Change Component Designator: OldDesignator=U21 NewDesignator=U21_M8
Change Component Designator: OldDesignator=U22 NewDesignator=U23_M7
Change Component Designator: OldDesignator=U23 NewDesignator=U23_M8
Change Component Library : Designator=U23_M1 Old Library=AUVic_Integrated_Library_Sensors.IntLib New Library=AUVic_Schematic_Library_Sensors.SchLib
Change Component Library : Designator=U23_M2 Old Library=AUVic_Integrated_Library_Sensors.IntLib New Library=AUVic_Schematic_Library_Sensors.SchLib
Change Component Library : Designator=U23_M3 Old Library=AUVic_Integrated_Library_Sensors.IntLib New Library=AUVic_Schematic_Library_Sensors.SchLib
Change Component Library : Designator=U23_M4 Old Library=AUVic_Integrated_Library_Sensors.IntLib New Library=AUVic_Schematic_Library_Sensors.SchLib
Change Component Library : Designator=U23_M5 Old Library=AUVic_Integrated_Library_Sensors.IntLib New Library=AUVic_Schematic_Library_Sensors.SchLib
Change Component Library : Designator=U23_M6 Old Library=AUVic_Integrated_Library_Sensors.IntLib New Library=AUVic_Schematic_Library_Sensors.SchLib
Change Component Library : Designator=U23_M7 Old Library=AUVic_Integrated_Library_Sensors.IntLib New Library=AUVic_Schematic_Library_Sensors.SchLib
Change Component Library : Designator=U23_M8 Old Library=AUVic_Integrated_Library_Sensors.IntLib New Library=AUVic_Schematic_Library_Sensors.SchLib
Change component parameters: Designator = "U23_M1"; Footprint = "SOT23-5"; UniqueID = "\1WWVYVWXD\YJKBKTEJ"
Change component parameters. Clean all parameters for all variants
Change component parameters (AddParameter): Name = "Created By"; Value = "Jacob Lower"; VariantName = "[No Variations]"
Change component parameters (AddParameter): Name = "Created On"; Value = "2016-03-16"; VariantName = "[No Variations]"
Change component parameters (AddParameter): Name = "Publisher"; Value = "AUVic"; VariantName = "[No Variations]"
Change component parameters (AddParameter): Name = "Supplier 1"; Value = "Digi-Key"; VariantName = "[No Variations]"
Change component parameters (AddParameter): Name = "Supplier Part Number 1"; Value = "ZXCT1110W5-7DICT-ND"; VariantName = "[No Variations]"
Change component parameters: Designator = "U23_M2"; Footprint = "SOT23-5"; UniqueID = "\2WWVYVWXD\YJKBKTEJ"
Change component parameters. Clean all parameters for all variants
Change component parameters (AddParameter): Name = "Created By"; Value = "Jacob Lower"; VariantName = "[No Variations]"
Change component parameters (AddParameter): Name = "Created On"; Value = "2016-03-16"; VariantName = "[No Variations]"
Change component parameters (AddParameter): Name = "Publisher"; Value = "AUVic"; VariantName = "[No Variations]"
Change component parameters (AddParameter): Name = "Supplier 1"; Value = "Digi-Key"; VariantName = "[No Variations]"
Change component parameters (AddParameter): Name = "Supplier Part Number 1"; Value = "ZXCT1110W5-7DICT-ND"; VariantName = "[No Variations]"
Change component parameters: Designator = "U23_M3"; Footprint = "SOT23-5"; UniqueID = "\3WWVYVWXD\YJKBKTEJ"
Change component parameters. Clean all parameters for all variants
Change component parameters (AddParameter): Name = "Created By"; Value = "Jacob Lower"; VariantName = "[No Variations]"
Change component parameters (AddParameter): Name = "Created On"; Value = "2016-03-16"; VariantName = "[No Variations]"
Change component parameters (AddParameter): Name = "Publisher"; Value = "AUVic"; VariantName = "[No Variations]"
Change component parameters (AddParameter): Name = "Supplier 1"; Value = "Digi-Key"; VariantName = "[No Variations]"
Change component parameters (AddParameter): Name = "Supplier Part Number 1"; Value = "ZXCT1110W5-7DICT-ND"; VariantName = "[No Variations]"
Change component parameters: Designator = "U23_M4"; Footprint = "SOT23-5"; UniqueID = "\4WWVYVWXD\YJKBKTEJ"
Change component parameters. Clean all parameters for all variants
Change component parameters (AddParameter): Name = "Created By"; Value = "Jacob Lower"; VariantName = "[No Variations]"
Change component parameters (AddParameter): Name = "Created On"; Value = "2016-03-16"; VariantName = "[No Variations]"
Change component parameters (AddParameter): Name = "Publisher"; Value = "AUVic"; VariantName = "[No Variations]"
Change component parameters (AddParameter): Name = "Supplier 1"; Value = "Digi-Key"; VariantName = "[No Variations]"
Change component parameters (AddParameter): Name = "Supplier Part Number 1"; Value = "ZXCT1110W5-7DICT-ND"; VariantName = "[No Variations]"
Change component parameters: Designator = "U23_M5"; Footprint = "SOT23-5"; UniqueID = "\5WWVYVWXD\YJKBKTEJ"
Change component parameters. Clean all parameters for all variants
Change component parameters (AddParameter): Name = "Created By"; Value = "Jacob Lower"; VariantName = "[No Variations]"
Change component parameters (AddParameter): Name = "Created On"; Value = "2016-03-16"; VariantName = "[No Variations]"
Change component parameters (AddParameter): Name = "Publisher"; Value = "AUVic"; VariantName = "[No Variations]"
Change component parameters (AddParameter): Name = "Supplier 1"; Value = "Digi-Key"; VariantName = "[No Variations]"
Change component parameters (AddParameter): Name = "Supplier Part Number 1"; Value = "ZXCT1110W5-7DICT-ND"; VariantName = "[No Variations]"
Change component parameters: Designator = "U23_M6"; Footprint = "SOT23-5"; UniqueID = "\6WWVYVWXD\YJKBKTEJ"
Change component parameters. Clean all parameters for all variants
Change component parameters (AddParameter): Name = "Created By"; Value = "Jacob Lower"; VariantName = "[No Variations]"
Change component parameters (AddParameter): Name = "Created On"; Value = "2016-03-16"; VariantName = "[No Variations]"
Change component parameters (AddParameter): Name = "Publisher"; Value = "AUVic"; VariantName = "[No Variations]"
Change component parameters (AddParameter): Name = "Supplier 1"; Value = "Digi-Key"; VariantName = "[No Variations]"
Change component parameters (AddParameter): Name = "Supplier Part Number 1"; Value = "ZXCT1110W5-7DICT-ND"; VariantName = "[No Variations]"
Change component parameters: Designator = "U23_M7"; Footprint = "SOT23-5"; UniqueID = "\7WWVYVWXD\YJKBKTEJ"
Change component parameters. Clean all parameters for all variants
Change component parameters (AddParameter): Name = "Created By"; Value = "Jacob Lower"; VariantName = "[No Variations]"
Change component parameters (AddParameter): Name = "Created On"; Value = "2016-03-16"; VariantName = "[No Variations]"
Change component parameters (AddParameter): Name = "Publisher"; Value = "AUVic"; VariantName = "[No Variations]"
Change component parameters (AddParameter): Name = "Supplier 1"; Value = "Digi-Key"; VariantName = "[No Variations]"
Change component parameters (AddParameter): Name = "Supplier Part Number 1"; Value = "ZXCT1110W5-7DICT-ND"; VariantName = "[No Variations]"
Change component parameters: Designator = "U23_M8"; Footprint = "SOT23-5"; UniqueID = "\8WWVYVWXD\YJKBKTEJ"
Change component parameters. Clean all parameters for all variants
Change component parameters (AddParameter): Name = "Created By"; Value = "Jacob Lower"; VariantName = "[No Variations]"
Change component parameters (AddParameter): Name = "Created On"; Value = "2016-03-16"; VariantName = "[No Variations]"
Change component parameters (AddParameter): Name = "Publisher"; Value = "AUVic"; VariantName = "[No Variations]"
Change component parameters (AddParameter): Name = "Supplier 1"; Value = "Digi-Key"; VariantName = "[No Variations]"
Change component parameters (AddParameter): Name = "Supplier Part Number 1"; Value = "ZXCT1110W5-7DICT-ND"; VariantName = "[No Variations]"
Change component parameters: Designator = "C5"; Footprint = "CAPC1608N(0603")"; UniqueID = "\IQGJFHUF\PTEGQTPJ"
Change component parameters. Clean all parameters for all variants
Change component parameters (AddParameter): Name = "Created By"; Value = "Ashwin Sira"; VariantName = "[No Variations]"
Change component parameters (AddParameter): Name = "LatestRevisionDate"; Value = ""; VariantName = "[No Variations]"
Change component parameters (AddParameter): Name = "LatestRevisionNote"; Value = ""; VariantName = "[No Variations]"
Change component parameters (AddParameter): Name = "MFG"; Value = "TDK"; VariantName = "[No Variations]"
Change component parameters (AddParameter): Name = "MFG#"; Value = "CGA3E3X7S2A104K080AB"; VariantName = "[No Variations]"
Change component parameters (AddParameter): Name = "PackageDescription"; Value = "Chip Capacitor"; VariantName = "[No Variations]"
Change component parameters (AddParameter): Name = "Published"; Value = "16-04-26"; VariantName = "[No Variations]"
Change component parameters (AddParameter): Name = "Publisher"; Value = "AUVic"; VariantName = "[No Variations]"
Change component parameters (AddParameter): Name = "Supplier 1"; Value = "Digi-Key"; VariantName = "[No Variations]"
Change component parameters (AddParameter): Name = "Supplier Part Number 1"; Value = "445-6938-1-ND"; VariantName = "[No Variations]"
Change component parameters (AddParameter): Name = "Value"; Value = "0.1µF"; VariantName = "[No Variations]"
Change component parameters: Designator = "C6"; Footprint = "CAPC1608N(0603")"; UniqueID = "\OTPHMOGI\AWNXBVGK"
Change component parameters. Clean all parameters for all variants
Change component parameters (AddParameter): Name = "Created By"; Value = "Ashwin Sira"; VariantName = "[No Variations]"
Change component parameters (AddParameter): Name = "LatestRevisionDate"; Value = ""; VariantName = "[No Variations]"
Change component parameters (AddParameter): Name = "LatestRevisionNote"; Value = ""; VariantName = "[No Variations]"
Change component parameters (AddParameter): Name = "MFG"; Value = "TDK"; VariantName = "[No Variations]"
Change component parameters (AddParameter): Name = "MFG#"; Value = "CGA3E3X7S2A104K080AB"; VariantName = "[No Variations]"
Change component parameters (AddParameter): Name = "PackageDescription"; Value = "Chip Capacitor"; VariantName = "[No Variations]"
Change component parameters (AddParameter): Name = "Published"; Value = "16-04-26"; VariantName = "[No Variations]"
Change component parameters (AddParameter): Name = "Publisher"; Value = "AUVic"; VariantName = "[No Variations]"
Change component parameters (AddParameter): Name = "Supplier 1"; Value = "Digi-Key"; VariantName = "[No Variations]"
Change component parameters (AddParameter): Name = "Supplier Part Number 1"; Value = "445-6938-1-ND"; VariantName = "[No Variations]"
Change component parameters (AddParameter): Name = "Value"; Value = "0.1µF"; VariantName = "[No Variations]"
Change component parameters: Designator = "C10"; Footprint = "CAPC1608N(0603")"; UniqueID = "\BKHIJRWV\VLBGYUMC"
Change component parameters. Clean all parameters for all variants
Change component parameters (AddParameter): Name = "Created By"; Value = "Andy Bates"; VariantName = "[No Variations]"
Change component parameters (AddParameter): Name = "LatestRevisionDate"; Value = ""; VariantName = "[No Variations]"
Change component parameters (AddParameter): Name = "LatestRevisionNote"; Value = ""; VariantName = "[No Variations]"
Change component parameters (AddParameter): Name = "MFG"; Value = "Murata-Electronics-North-America"; VariantName = "[No Variations]"
Change component parameters (AddParameter): Name = "MFG#"; Value = "GRM188R61E105KA12D"; VariantName = "[No Variations]"
Change component parameters (AddParameter): Name = "PackageDescription"; Value = "Chip Capacitor"; VariantName = "[No Variations]"
Change component parameters (AddParameter): Name = "Published"; Value = "16-06-27"; VariantName = "[No Variations]"
Change component parameters (AddParameter): Name = "Publisher"; Value = "AUVic"; VariantName = "[No Variations]"
Change component parameters (AddParameter): Name = "Supplier 1"; Value = "Digi-Key"; VariantName = "[No Variations]"
Change component parameters (AddParameter): Name = "Supplier Part Number 1"; Value = "490-3897-1-ND"; VariantName = "[No Variations]"
Change component parameters (AddParameter): Name = "Value"; Value = "1µF"; VariantName = "[No Variations]"
Change component parameters: Designator = "C16"; Footprint = "CAPC1608N(0603")"; UniqueID = "\BKHIJRWV\SXAPBRWY"
Change component parameters. Clean all parameters for all variants
Change component parameters (AddParameter): Name = "Created By"; Value = "Ashwin Sira"; VariantName = "[No Variations]"
Change component parameters (AddParameter): Name = "LatestRevisionDate"; Value = ""; VariantName = "[No Variations]"
Change component parameters (AddParameter): Name = "LatestRevisionNote"; Value = ""; VariantName = "[No Variations]"
Change component parameters (AddParameter): Name = "MFG"; Value = "TDK"; VariantName = "[No Variations]"
Change component parameters (AddParameter): Name = "MFG#"; Value = "CGA3E3X7S2A104K080AB"; VariantName = "[No Variations]"
Change component parameters (AddParameter): Name = "PackageDescription"; Value = "Chip Capacitor"; VariantName = "[No Variations]"
Change component parameters (AddParameter): Name = "Published"; Value = "16-04-26"; VariantName = "[No Variations]"
Change component parameters (AddParameter): Name = "Publisher"; Value = "AUVic"; VariantName = "[No Variations]"
Change component parameters (AddParameter): Name = "Supplier 1"; Value = "Digi-Key"; VariantName = "[No Variations]"
Change component parameters (AddParameter): Name = "Supplier Part Number 1"; Value = "445-6938-1-ND"; VariantName = "[No Variations]"
Change component parameters (AddParameter): Name = "Value"; Value = "0.1µF"; VariantName = "[No Variations]"
Change component parameters: Designator = "C17"; Footprint = "CAPC1608N(0603")"; UniqueID = "\BKHIJRWV\IQVOUUEK"
Change component parameters. Clean all parameters for all variants
Change component parameters (AddParameter): Name = "Created By"; Value = "Ashwin Sira"; VariantName = "[No Variations]"
Change component parameters (AddParameter): Name = "LatestRevisionDate"; Value = ""; VariantName = "[No Variations]"
Change component parameters (AddParameter): Name = "LatestRevisionNote"; Value = ""; VariantName = "[No Variations]"
Change component parameters (AddParameter): Name = "MFG"; Value = "TDK"; VariantName = "[No Variations]"
Change component parameters (AddParameter): Name = "MFG#"; Value = "CGA3E3X7S2A104K080AB"; VariantName = "[No Variations]"
Change component parameters (AddParameter): Name = "PackageDescription"; Value = "Chip Capacitor"; VariantName = "[No Variations]"
Change component parameters (AddParameter): Name = "Published"; Value = "16-04-26"; VariantName = "[No Variations]"
Change component parameters (AddParameter): Name = "Publisher"; Value = "AUVic"; VariantName = "[No Variations]"
Change component parameters (AddParameter): Name = "Supplier 1"; Value = "Digi-Key"; VariantName = "[No Variations]"
Change component parameters (AddParameter): Name = "Supplier Part Number 1"; Value = "445-6938-1-ND"; VariantName = "[No Variations]"
Change component parameters (AddParameter): Name = "Value"; Value = "0.1µF"; VariantName = "[No Variations]"
Change component parameters: Designator = "C22"; Footprint = "CAPC1608N(0603")"; UniqueID = "\BKHIJRWV\AGUQKEUX"
Change component parameters. Clean all parameters for all variants
Change component parameters (AddParameter): Name = "Created By"; Value = "Andy Bates"; VariantName = "[No Variations]"
Change component parameters (AddParameter): Name = "LatestRevisionDate"; Value = ""; VariantName = "[No Variations]"
Change component parameters (AddParameter): Name = "LatestRevisionNote"; Value = ""; VariantName = "[No Variations]"
Change component parameters (AddParameter): Name = "MFG"; Value = "Murata-Electronics-North-America"; VariantName = "[No Variations]"
Change component parameters (AddParameter): Name = "MFG#"; Value = "GRM188R61E105KA12D"; VariantName = "[No Variations]"
Change component parameters (AddParameter): Name = "PackageDescription"; Value = "Chip Capacitor"; VariantName = "[No Variations]"
Change component parameters (AddParameter): Name = "Published"; Value = "16-06-27"; VariantName = "[No Variations]"
Change component parameters (AddParameter): Name = "Publisher"; Value = "AUVic"; VariantName = "[No Variations]"
Change component parameters (AddParameter): Name = "Supplier 1"; Value = "Digi-Key"; VariantName = "[No Variations]"
Change component parameters (AddParameter): Name = "Supplier Part Number 1"; Value = "490-3897-1-ND"; VariantName = "[No Variations]"
Change component parameters (AddParameter): Name = "Value"; Value = "1µF"; VariantName = "[No Variations]"
Change component parameters: Designator = "C25"; Footprint = "CAPC1608N(0603")"; UniqueID = "\IQGJFHUF\HTWIWPYP"
Change component parameters. Clean all parameters for all variants
Change component parameters (AddParameter): Name = "Created By"; Value = "Ashwin Sira"; VariantName = "[No Variations]"
Change component parameters (AddParameter): Name = "LatestRevisionDate"; Value = ""; VariantName = "[No Variations]"
Change component parameters (AddParameter): Name = "LatestRevisionNote"; Value = ""; VariantName = "[No Variations]"
Change component parameters (AddParameter): Name = "MFG"; Value = "TDK"; VariantName = "[No Variations]"
Change component parameters (AddParameter): Name = "MFG#"; Value = "CGA3E3X7S2A104K080AB"; VariantName = "[No Variations]"
Change component parameters (AddParameter): Name = "PackageDescription"; Value = "Chip Capacitor"; VariantName = "[No Variations]"
Change component parameters (AddParameter): Name = "Published"; Value = "16-04-26"; VariantName = "[No Variations]"
Change component parameters (AddParameter): Name = "Publisher"; Value = "AUVic"; VariantName = "[No Variations]"
Change component parameters (AddParameter): Name = "Supplier 1"; Value = "Digi-Key"; VariantName = "[No Variations]"
Change component parameters (AddParameter): Name = "Supplier Part Number 1"; Value = "445-6938-1-ND"; VariantName = "[No Variations]"
Change component parameters (AddParameter): Name = "Value"; Value = "0.1µF"; VariantName = "[No Variations]"
Change component parameters: Designator = "C29"; Footprint = "CAPC1608N(0603")"; UniqueID = "\IMNXVNBN\FONRYRBR"
Change component parameters. Clean all parameters for all variants
Change component parameters (AddParameter): Name = "Created By"; Value = "Ashwin Sira"; VariantName = "[No Variations]"
Change component parameters (AddParameter): Name = "LatestRevisionDate"; Value = ""; VariantName = "[No Variations]"
Change component parameters (AddParameter): Name = "LatestRevisionNote"; Value = ""; VariantName = "[No Variations]"
Change component parameters (AddParameter): Name = "MFG"; Value = "TDK"; VariantName = "[No Variations]"
Change component parameters (AddParameter): Name = "MFG#"; Value = "CGA3E3X7S2A104K080AB"; VariantName = "[No Variations]"
Change component parameters (AddParameter): Name = "PackageDescription"; Value = "Chip Capacitor"; VariantName = "[No Variations]"
Change component parameters (AddParameter): Name = "Published"; Value = "16-04-26"; VariantName = "[No Variations]"
Change component parameters (AddParameter): Name = "Publisher"; Value = "AUVic"; VariantName = "[No Variations]"
Change component parameters (AddParameter): Name = "Supplier 1"; Value = "Digi-Key"; VariantName = "[No Variations]"
Change component parameters (AddParameter): Name = "Supplier Part Number 1"; Value = "445-6938-1-ND"; VariantName = "[No Variations]"
Change component parameters (AddParameter): Name = "Value"; Value = "0.1µF"; VariantName = "[No Variations]"
Change component parameters: Designator = "C31"; Footprint = "CAPC1608N(0603")"; UniqueID = "\IMNXVNBN\CNHMEYDM"
Change component parameters. Clean all parameters for all variants
Change component parameters (AddParameter): Name = "Created By"; Value = "Ashwin Sira"; VariantName = "[No Variations]"
Change component parameters (AddParameter): Name = "LatestRevisionDate"; Value = ""; VariantName = "[No Variations]"
Change component parameters (AddParameter): Name = "LatestRevisionNote"; Value = ""; VariantName = "[No Variations]"
Change component parameters (AddParameter): Name = "MFG"; Value = "TDK"; VariantName = "[No Variations]"
Change component parameters (AddParameter): Name = "MFG#"; Value = "CGA3E3X7S2A104K080AB"; VariantName = "[No Variations]"
Change component parameters (AddParameter): Name = "PackageDescription"; Value = "Chip Capacitor"; VariantName = "[No Variations]"
Change component parameters (AddParameter): Name = "Published"; Value = "16-04-26"; VariantName = "[No Variations]"
Change component parameters (AddParameter): Name = "Publisher"; Value = "AUVic"; VariantName = "[No Variations]"
Change component parameters (AddParameter): Name = "Supplier 1"; Value = "Digi-Key"; VariantName = "[No Variations]"
Change component parameters (AddParameter): Name = "Supplier Part Number 1"; Value = "445-6938-1-ND"; VariantName = "[No Variations]"
Change component parameters (AddParameter): Name = "Value"; Value = "0.1µF"; VariantName = "[No Variations]"
Change component parameters: Designator = "C32"; Footprint = "CAPC1608N(0603")"; UniqueID = "\IMNXVNBN\VHMDIXOF"
Change component parameters. Clean all parameters for all variants
Change component parameters (AddParameter): Name = "Created By"; Value = "Andy Bates"; VariantName = "[No Variations]"
Change component parameters (AddParameter): Name = "LatestRevisionDate"; Value = ""; VariantName = "[No Variations]"
Change component parameters (AddParameter): Name = "LatestRevisionNote"; Value = ""; VariantName = "[No Variations]"
Change component parameters (AddParameter): Name = "MFG"; Value = "Murata-Electronics-North-America"; VariantName = "[No Variations]"
Change component parameters (AddParameter): Name = "MFG#"; Value = "GRM188R61E105KA12D"; VariantName = "[No Variations]"
Change component parameters (AddParameter): Name = "PackageDescription"; Value = "Chip Capacitor"; VariantName = "[No Variations]"
Change component parameters (AddParameter): Name = "Published"; Value = "16-06-27"; VariantName = "[No Variations]"
Change component parameters (AddParameter): Name = "Publisher"; Value = "AUVic"; VariantName = "[No Variations]"
Change component parameters (AddParameter): Name = "Supplier 1"; Value = "Digi-Key"; VariantName = "[No Variations]"
Change component parameters (AddParameter): Name = "Supplier Part Number 1"; Value = "490-3897-1-ND"; VariantName = "[No Variations]"
Change component parameters (AddParameter): Name = "Value"; Value = "1µF"; VariantName = "[No Variations]"
Change component parameters: Designator = "C33"; Footprint = "CAPC1608N(0603")"; UniqueID = "\IMNXVNBN\SFFFYLQG"
Change component parameters. Clean all parameters for all variants
Change component parameters (AddParameter): Name = "Created By"; Value = "Andy Bates"; VariantName = "[No Variations]"
Change component parameters (AddParameter): Name = "LatestRevisionDate"; Value = ""; VariantName = "[No Variations]"
Change component parameters (AddParameter): Name = "LatestRevisionNote"; Value = ""; VariantName = "[No Variations]"
Change component parameters (AddParameter): Name = "MFG"; Value = "Murata-Electronics-North-America"; VariantName = "[No Variations]"
Change component parameters (AddParameter): Name = "MFG#"; Value = "GRM188R61E105KA12D"; VariantName = "[No Variations]"
Change component parameters (AddParameter): Name = "PackageDescription"; Value = "Chip Capacitor"; VariantName = "[No Variations]"
Change component parameters (AddParameter): Name = "Published"; Value = "16-06-27"; VariantName = "[No Variations]"
Change component parameters (AddParameter): Name = "Publisher"; Value = "AUVic"; VariantName = "[No Variations]"
Change component parameters (AddParameter): Name = "Supplier 1"; Value = "Digi-Key"; VariantName = "[No Variations]"
Change component parameters (AddParameter): Name = "Supplier Part Number 1"; Value = "490-3897-1-ND"; VariantName = "[No Variations]"
Change component parameters (AddParameter): Name = "Value"; Value = "1µF"; VariantName = "[No Variations]"
Change component parameters: Designator = "C35"; Footprint = "CAPC1608N(0603")"; UniqueID = "\OTPHMOGI\YNPEPOYY"
Change component parameters. Clean all parameters for all variants
Change component parameters (AddParameter): Name = "Created By"; Value = "Ashwin Sira"; VariantName = "[No Variations]"
Change component parameters (AddParameter): Name = "LatestRevisionDate"; Value = ""; VariantName = "[No Variations]"
Change component parameters (AddParameter): Name = "LatestRevisionNote"; Value = ""; VariantName = "[No Variations]"
Change component parameters (AddParameter): Name = "MFG"; Value = "TDK"; VariantName = "[No Variations]"
Change component parameters (AddParameter): Name = "MFG#"; Value = "CGA3E3X7S2A104K080AB"; VariantName = "[No Variations]"
Change component parameters (AddParameter): Name = "PackageDescription"; Value = "Chip Capacitor"; VariantName = "[No Variations]"
Change component parameters (AddParameter): Name = "Published"; Value = "16-04-26"; VariantName = "[No Variations]"
Change component parameters (AddParameter): Name = "Publisher"; Value = "AUVic"; VariantName = "[No Variations]"
Change component parameters (AddParameter): Name = "Supplier 1"; Value = "Digi-Key"; VariantName = "[No Variations]"
Change component parameters (AddParameter): Name = "Supplier Part Number 1"; Value = "445-6938-1-ND"; VariantName = "[No Variations]"
Change component parameters (AddParameter): Name = "Value"; Value = "0.1µF"; VariantName = "[No Variations]"
Change component parameters: Designator = "C36"; Footprint = "CAPC1608N(0603")"; UniqueID = "\IMNXVNBN\FTRFVEOA"
Change component parameters. Clean all parameters for all variants
Change component parameters (AddParameter): Name = "Created By"; Value = "Ashwin Sira"; VariantName = "[No Variations]"
Change component parameters (AddParameter): Name = "LatestRevisionDate"; Value = ""; VariantName = "[No Variations]"
Change component parameters (AddParameter): Name = "LatestRevisionNote"; Value = ""; VariantName = "[No Variations]"
Change component parameters (AddParameter): Name = "MFG"; Value = "TDK"; VariantName = "[No Variations]"
Change component parameters (AddParameter): Name = "MFG#"; Value = "CGA3E3X7S2A104K080AB"; VariantName = "[No Variations]"
Change component parameters (AddParameter): Name = "PackageDescription"; Value = "Chip Capacitor"; VariantName = "[No Variations]"
Change component parameters (AddParameter): Name = "Published"; Value = "16-04-26"; VariantName = "[No Variations]"
Change component parameters (AddParameter): Name = "Publisher"; Value = "AUVic"; VariantName = "[No Variations]"
Change component parameters (AddParameter): Name = "Supplier 1"; Value = "Digi-Key"; VariantName = "[No Variations]"
Change component parameters (AddParameter): Name = "Supplier Part Number 1"; Value = "445-6938-1-ND"; VariantName = "[No Variations]"
Change component parameters (AddParameter): Name = "Value"; Value = "0.1µF"; VariantName = "[No Variations]"
Change component parameters: Designator = "C37"; Footprint = "CAPC1608N(0603")"; UniqueID = "\IMNXVNBN\SHLGVPUA"
Change component parameters. Clean all parameters for all variants
Change component parameters (AddParameter): Name = "Created By"; Value = "Ashwin Sira"; VariantName = "[No Variations]"
Change component parameters (AddParameter): Name = "LatestRevisionDate"; Value = ""; VariantName = "[No Variations]"
Change component parameters (AddParameter): Name = "LatestRevisionNote"; Value = ""; VariantName = "[No Variations]"
Change component parameters (AddParameter): Name = "MFG"; Value = "TDK"; VariantName = "[No Variations]"
Change component parameters (AddParameter): Name = "MFG#"; Value = "CGA3E3X7S2A104K080AB"; VariantName = "[No Variations]"
Change component parameters (AddParameter): Name = "PackageDescription"; Value = "Chip Capacitor"; VariantName = "[No Variations]"
Change component parameters (AddParameter): Name = "Published"; Value = "16-04-26"; VariantName = "[No Variations]"
Change component parameters (AddParameter): Name = "Publisher"; Value = "AUVic"; VariantName = "[No Variations]"
Change component parameters (AddParameter): Name = "Supplier 1"; Value = "Digi-Key"; VariantName = "[No Variations]"
Change component parameters (AddParameter): Name = "Supplier Part Number 1"; Value = "445-6938-1-ND"; VariantName = "[No Variations]"
Change component parameters (AddParameter): Name = "Value"; Value = "0.1µF"; VariantName = "[No Variations]"
Change component parameters: Designator = "C38"; Footprint = "CAPC1608N(0603")"; UniqueID = "\IMNXVNBN\QOPXSMQS"
Change component parameters. Clean all parameters for all variants
Change component parameters (AddParameter): Name = "Created By"; Value = "Ashwin Sira"; VariantName = "[No Variations]"
Change component parameters (AddParameter): Name = "LatestRevisionDate"; Value = ""; VariantName = "[No Variations]"
Change component parameters (AddParameter): Name = "LatestRevisionNote"; Value = ""; VariantName = "[No Variations]"
Change component parameters (AddParameter): Name = "MFG"; Value = "TDK"; VariantName = "[No Variations]"
Change component parameters (AddParameter): Name = "MFG#"; Value = "CGA3E3X7S2A104K080AB"; VariantName = "[No Variations]"
Change component parameters (AddParameter): Name = "PackageDescription"; Value = "Chip Capacitor"; VariantName = "[No Variations]"
Change component parameters (AddParameter): Name = "Published"; Value = "16-04-26"; VariantName = "[No Variations]"
Change component parameters (AddParameter): Name = "Publisher"; Value = "AUVic"; VariantName = "[No Variations]"
Change component parameters (AddParameter): Name = "Supplier 1"; Value = "Digi-Key"; VariantName = "[No Variations]"
Change component parameters (AddParameter): Name = "Supplier Part Number 1"; Value = "445-6938-1-ND"; VariantName = "[No Variations]"
Change component parameters (AddParameter): Name = "Value"; Value = "0.1µF"; VariantName = "[No Variations]"
Change component parameters: Designator = "C39"; Footprint = "CAPC1608N(0603")"; UniqueID = "\IMNXVNBN\XEPQECOD"
Change component parameters. Clean all parameters for all variants
Change component parameters (AddParameter): Name = "Created By"; Value = "Andy Bates"; VariantName = "[No Variations]"
Change component parameters (AddParameter): Name = "LatestRevisionDate"; Value = ""; VariantName = "[No Variations]"
Change component parameters (AddParameter): Name = "LatestRevisionNote"; Value = ""; VariantName = "[No Variations]"
Change component parameters (AddParameter): Name = "MFG"; Value = "Murata-Electronics-North-America"; VariantName = "[No Variations]"
Change component parameters (AddParameter): Name = "MFG#"; Value = "GRM188R61E105KA12D"; VariantName = "[No Variations]"
Change component parameters (AddParameter): Name = "PackageDescription"; Value = "Chip Capacitor"; VariantName = "[No Variations]"
Change component parameters (AddParameter): Name = "Published"; Value = "16-06-27"; VariantName = "[No Variations]"
Change component parameters (AddParameter): Name = "Publisher"; Value = "AUVic"; VariantName = "[No Variations]"
Change component parameters (AddParameter): Name = "Supplier 1"; Value = "Digi-Key"; VariantName = "[No Variations]"
Change component parameters (AddParameter): Name = "Supplier Part Number 1"; Value = "490-3897-1-ND"; VariantName = "[No Variations]"
Change component parameters (AddParameter): Name = "Value"; Value = "1µF"; VariantName = "[No Variations]"
Change component parameters: Designator = "C40"; Footprint = "CAPC1608N(0603")"; UniqueID = "\IMNXVNBN\IDPWQSAI"
Change component parameters. Clean all parameters for all variants
Change component parameters (AddParameter): Name = "Created By"; Value = "Ashwin Sira"; VariantName = "[No Variations]"
Change component parameters (AddParameter): Name = "LatestRevisionDate"; Value = ""; VariantName = "[No Variations]"
Change component parameters (AddParameter): Name = "LatestRevisionNote"; Value = ""; VariantName = "[No Variations]"
Change component parameters (AddParameter): Name = "MFG"; Value = "TDK"; VariantName = "[No Variations]"
Change component parameters (AddParameter): Name = "MFG#"; Value = "CGA3E3X7S2A104K080AB"; VariantName = "[No Variations]"
Change component parameters (AddParameter): Name = "PackageDescription"; Value = "Chip Capacitor"; VariantName = "[No Variations]"
Change component parameters (AddParameter): Name = "Published"; Value = "16-04-26"; VariantName = "[No Variations]"
Change component parameters (AddParameter): Name = "Publisher"; Value = "AUVic"; VariantName = "[No Variations]"
Change component parameters (AddParameter): Name = "Supplier 1"; Value = "Digi-Key"; VariantName = "[No Variations]"
Change component parameters (AddParameter): Name = "Supplier Part Number 1"; Value = "445-6938-1-ND"; VariantName = "[No Variations]"
Change component parameters (AddParameter): Name = "Value"; Value = "0.1µF"; VariantName = "[No Variations]"
Change component parameters: Designator = "C41"; Footprint = "CAPC1608N(0603")"; UniqueID = "\OTPHMOGI\NMUAIHHE"
Change component parameters. Clean all parameters for all variants
Change component parameters (AddParameter): Name = "Created By"; Value = "Ashwin Sira"; VariantName = "[No Variations]"
Change component parameters (AddParameter): Name = "LatestRevisionDate"; Value = ""; VariantName = "[No Variations]"
Change component parameters (AddParameter): Name = "LatestRevisionNote"; Value = ""; VariantName = "[No Variations]"
Change component parameters (AddParameter): Name = "MFG"; Value = "TDK"; VariantName = "[No Variations]"
Change component parameters (AddParameter): Name = "MFG#"; Value = "CGA3E3X7S2A104K080AB"; VariantName = "[No Variations]"
Change component parameters (AddParameter): Name = "PackageDescription"; Value = "Chip Capacitor"; VariantName = "[No Variations]"
Change component parameters (AddParameter): Name = "Published"; Value = "16-04-26"; VariantName = "[No Variations]"
Change component parameters (AddParameter): Name = "Publisher"; Value = "AUVic"; VariantName = "[No Variations]"
Change component parameters (AddParameter): Name = "Supplier 1"; Value = "Digi-Key"; VariantName = "[No Variations]"
Change component parameters (AddParameter): Name = "Supplier Part Number 1"; Value = "445-6938-1-ND"; VariantName = "[No Variations]"
Change component parameters (AddParameter): Name = "Value"; Value = "0.1µF"; VariantName = "[No Variations]"
Change component parameters: Designator = "C42"; Footprint = "CAPC1608N(0603")"; UniqueID = "\IMNXVNBN\VIYGJQMH"
Change component parameters. Clean all parameters for all variants
Change component parameters (AddParameter): Name = "Created By"; Value = "Ashwin Sira"; VariantName = "[No Variations]"
Change component parameters (AddParameter): Name = "LatestRevisionDate"; Value = ""; VariantName = "[No Variations]"
Change component parameters (AddParameter): Name = "LatestRevisionNote"; Value = ""; VariantName = "[No Variations]"
Change component parameters (AddParameter): Name = "MFG"; Value = "TDK"; VariantName = "[No Variations]"
Change component parameters (AddParameter): Name = "MFG#"; Value = "CGA3E3X7S2A104K080AB"; VariantName = "[No Variations]"
Change component parameters (AddParameter): Name = "PackageDescription"; Value = "Chip Capacitor"; VariantName = "[No Variations]"
Change component parameters (AddParameter): Name = "Published"; Value = "16-04-26"; VariantName = "[No Variations]"
Change component parameters (AddParameter): Name = "Publisher"; Value = "AUVic"; VariantName = "[No Variations]"
Change component parameters (AddParameter): Name = "Supplier 1"; Value = "Digi-Key"; VariantName = "[No Variations]"
Change component parameters (AddParameter): Name = "Supplier Part Number 1"; Value = "445-6938-1-ND"; VariantName = "[No Variations]"
Change component parameters (AddParameter): Name = "Value"; Value = "0.1µF"; VariantName = "[No Variations]"
Change component parameters: Designator = "C43"; Footprint = "CAPC1608N(0603")"; UniqueID = "\YXUDAFBA\DQHTAABF"
Change component parameters. Clean all parameters for all variants
Change component parameters (AddParameter): Name = "Created By"; Value = "Ashwin Sira"; VariantName = "[No Variations]"
Change component parameters (AddParameter): Name = "LatestRevisionDate"; Value = ""; VariantName = "[No Variations]"
Change component parameters (AddParameter): Name = "LatestRevisionNote"; Value = ""; VariantName = "[No Variations]"
Change component parameters (AddParameter): Name = "MFG"; Value = "TDK"; VariantName = "[No Variations]"
Change component parameters (AddParameter): Name = "MFG#"; Value = "CGA3E3X7S2A104K080AB"; VariantName = "[No Variations]"
Change component parameters (AddParameter): Name = "PackageDescription"; Value = "Chip Capacitor"; VariantName = "[No Variations]"
Change component parameters (AddParameter): Name = "Published"; Value = "16-04-26"; VariantName = "[No Variations]"
Change component parameters (AddParameter): Name = "Publisher"; Value = "AUVic"; VariantName = "[No Variations]"
Change component parameters (AddParameter): Name = "Supplier 1"; Value = "Digi-Key"; VariantName = "[No Variations]"
Change component parameters (AddParameter): Name = "Supplier Part Number 1"; Value = "445-6938-1-ND"; VariantName = "[No Variations]"
Change component parameters (AddParameter): Name = "Value"; Value = "0.1µF"; VariantName = "[No Variations]"
Change Net Name : Old Net Name=NetC14_1 New Net Name=NetC20_1
Change Net Name : Old Net Name=NetC14_2 New Net Name=NetC20_2
Change Net Name : Old Net Name=NetC17_1 New Net Name=NetC14_1
Change Net Name : Old Net Name=NetC17_2 New Net Name=NetC14_2
Change Net Name : Old Net Name=NetC31_2 New Net Name=NetC12_2
Change Net Name : Old Net Name=NetC36_M1_1 New Net Name=NetC44_M1_1
Change Net Name : Old Net Name=NetC36_M1_2 New Net Name=NetC44_M1_2
Change Net Name : Old Net Name=NetC36_M2_1 New Net Name=NetC44_M2_1
Change Net Name : Old Net Name=NetC36_M2_2 New Net Name=NetC44_M2_2
Change Net Name : Old Net Name=NetC36_M3_1 New Net Name=NetC44_M3_1
Change Net Name : Old Net Name=NetC36_M3_2 New Net Name=NetC44_M3_2
Change Net Name : Old Net Name=NetC36_M4_1 New Net Name=NetC44_M4_1
Change Net Name : Old Net Name=NetC36_M4_2 New Net Name=NetC44_M4_2
Change Net Name : Old Net Name=NetC36_M5_1 New Net Name=NetC44_M5_1
Change Net Name : Old Net Name=NetC36_M5_2 New Net Name=NetC44_M5_2
Change Net Name : Old Net Name=NetC36_M6_1 New Net Name=NetC44_M6_1
Change Net Name : Old Net Name=NetC36_M6_2 New Net Name=NetC44_M6_2
Change Net Name : Old Net Name=NetC36_M7_1 New Net Name=NetC44_M7_1
Change Net Name : Old Net Name=NetC36_M7_2 New Net Name=NetC44_M7_2
Change Net Name : Old Net Name=NetC36_M8_1 New Net Name=NetC44_M8_1
Change Net Name : Old Net Name=NetC36_M8_2 New Net Name=NetC44_M8_2
Change Net Name : Old Net Name=NetC37_M1_2 New Net Name=NetC27_M1_2
Change Net Name : Old Net Name=NetC37_M2_2 New Net Name=NetC27_M2_2
Change Net Name : Old Net Name=NetC37_M3_2 New Net Name=NetC27_M3_2
Change Net Name : Old Net Name=NetC37_M4_2 New Net Name=NetC27_M4_2
Change Net Name : Old Net Name=NetC37_M5_2 New Net Name=NetC27_M5_2
Change Net Name : Old Net Name=NetC37_M6_2 New Net Name=NetC27_M6_2
Change Net Name : Old Net Name=NetC37_M7_2 New Net Name=NetC27_M7_2
Change Net Name : Old Net Name=NetC37_M8_2 New Net Name=NetC27_M8_2
Change Net Name : Old Net Name=NetC38_M1_2 New Net Name=NetC28_M1_2
Change Net Name : Old Net Name=NetC38_M2_2 New Net Name=NetC28_M2_2
Change Net Name : Old Net Name=NetC38_M3_2 New Net Name=NetC28_M3_2
Change Net Name : Old Net Name=NetC38_M4_2 New Net Name=NetC28_M4_2
Change Net Name : Old Net Name=NetC38_M5_2 New Net Name=NetC28_M5_2
Change Net Name : Old Net Name=NetC38_M6_2 New Net Name=NetC28_M6_2
Change Net Name : Old Net Name=NetC38_M7_2 New Net Name=NetC28_M7_2
Change Net Name : Old Net Name=NetC38_M8_2 New Net Name=NetC28_M8_2
Change Net Name : Old Net Name=NetCN1_5 New Net Name=NetCN13_5
Change Net Name : Old Net Name=NetCN6_1 New Net Name=NetCN12_1
Change Net Name : Old Net Name=NetD4_2 New Net Name=NetD3_2
Change Net Name : Old Net Name=NetD5_2 New Net Name=NetD1_2
Change Net Name : Old Net Name=NetJ2_M1_2 New Net Name=NetJ8_M1_2
Change Net Name : Old Net Name=NetJ2_M2_2 New Net Name=NetJ8_M2_2
Change Net Name : Old Net Name=NetJ2_M3_2 New Net Name=NetJ8_M3_2
Change Net Name : Old Net Name=NetJ2_M4_2 New Net Name=NetJ8_M4_2
Change Net Name : Old Net Name=NetJ2_M5_2 New Net Name=NetJ8_M5_2
Change Net Name : Old Net Name=NetJ2_M6_2 New Net Name=NetJ8_M6_2
Change Net Name : Old Net Name=NetJ2_M7_2 New Net Name=NetJ8_M7_2
Change Net Name : Old Net Name=NetJ2_M8_2 New Net Name=NetJ8_M8_2
Change Net Name : Old Net Name=NetJP3_1 New Net Name=NetJP1_1
Change Net Name : Old Net Name=NetJP3_2 New Net Name=NetJP1_2
Change Net Name : Old Net Name=NetR12_1 New Net Name=NetR11_1
Change Net Name : Old Net Name=NetR13_M1_1 New Net Name=NetR44_M1_1
Change Net Name : Old Net Name=NetR13_M2_1 New Net Name=NetR44_M2_1
Change Net Name : Old Net Name=NetR13_M3_1 New Net Name=NetR44_M3_1
Change Net Name : Old Net Name=NetR13_M4_1 New Net Name=NetR44_M4_1
Change Net Name : Old Net Name=NetR13_M5_1 New Net Name=NetR44_M5_1
Change Net Name : Old Net Name=NetR13_M6_1 New Net Name=NetR44_M6_1
Change Net Name : Old Net Name=NetR13_M7_1 New Net Name=NetR44_M7_1
Change Net Name : Old Net Name=NetR13_M8_1 New Net Name=NetR44_M8_1
Change Net Name : Old Net Name=NetR14_M1_2 New Net Name=NetR47_M1_2
Change Net Name : Old Net Name=NetR14_M2_2 New Net Name=NetR47_M2_2
Change Net Name : Old Net Name=NetR14_M3_2 New Net Name=NetR47_M3_2
Change Net Name : Old Net Name=NetR14_M4_2 New Net Name=NetR47_M4_2
Change Net Name : Old Net Name=NetR14_M5_2 New Net Name=NetR47_M5_2
Change Net Name : Old Net Name=NetR14_M6_2 New Net Name=NetR47_M6_2
Change Net Name : Old Net Name=NetR14_M7_2 New Net Name=NetR47_M7_2
Change Net Name : Old Net Name=NetR14_M8_2 New Net Name=NetR47_M8_2
Change Net Name : Old Net Name=NetR25_2 New Net Name=NetR66_2
Change Net Name : Old Net Name=NetU11_3 New Net Name=NetU18_3
Change Net Name : Old Net Name=NetU12_3 New Net Name=NetU3_3
Change Net Name : Old Net Name=NetU13_1 New Net Name=NetU20_1
Change Net Name : Old Net Name=NetU14_1 New Net Name=NetU6_1
Added Member To Class: ClassName=ADC_Sensors Member=Component C5 0.1µF
Added Member To Class: ClassName=I2C_Sensors Member=Component C6 0.1µF
Added Member To Class: ClassName=Power Member=Component C20 10µF
Added Member To Class: ClassName=M2 Member=Component C27_M2 (C27) 0.1uF, 50V, 10%, X7R, 1608
Added Member To Class: ClassName=M8 Member=Component C27_M8 (C27) 0.1uF, 50V, 10%, X7R, 1608
Added Member To Class: ClassName=M1 Member=Component C28_M1 (C28) 0.1uF, 50V, 10%, X7R, 1608
Added Member To Class: ClassName=M2 Member=Component C28_M2 (C28) 0.1uF, 50V, 10%, X7R, 1608
Added Member To Class: ClassName=M5 Member=Component C28_M5 (C28) 0.1uF, 50V, 10%, X7R, 1608
Added Member To Class: ClassName=M8 Member=Component C28_M8 (C28) 0.1uF, 50V, 10%, X7R, 1608
Added Member To Class: ClassName=M2 Member=Component CN10_M2 (CN10) 2x3 Shrouded RT Ang
Added Member To Class: ClassName=M3 Member=Component CN10_M3 (CN10) 2x3 Shrouded RT Ang
Added Member To Class: ClassName=Interface Member=Component JP1 1X2 Pin Head
Added Member To Class: ClassName=Power Member=Component R9 0R0005
Added Member To Class: ClassName=Power Member=Component R23 324k
Added Member To Class: ClassName=M1 Member=Component R44_M1 (R44) 11k
Added Member To Class: ClassName=M2 Member=Component R44_M2 (R44) 11k
Added Member To Class: ClassName=M5 Member=Component R44_M5 (R44) 11k
Added Member To Class: ClassName=M4 Member=Component R47_M4 (R47) 16k
Added Member To Class: ClassName=M2 Member=Component R48_M2 (R48) 100k
Added Member To Class: ClassName=M4 Member=Component R48_M4 (R48) 100k
Added Member To Class: ClassName=M1 Member=Component R49_M1 (R49) 16k
Added Member To Class: ClassName=M2 Member=Component R49_M2 (R49) 16k
Added Member To Class: ClassName=M1 Member=Component R51_M1 (R51) 0R005
Added Member To Class: ClassName=M2 Member=Component R54_M2 (R54) 20kR
Added Member To Class: ClassName=ADC_Sensors Member=Component U3 8:1 ADC Multiplexer
Added Member To Class: ClassName=M1 Member=Component U21_M1 (U21A) Quad Op Amp TSV324
Added Member To Class: ClassName=M5 Member=Component U21_M5 (U21A) Quad Op Amp TSV324
Added Member To Class: ClassName=M3 Member=Component U23_M3 (U23) ZXCT1110W5-7, Current Sensor, High-Side, Analog
Added Room: Name=ADC_Sensors
Added Room: Name=I2C_Sensors
Added Room: Name=Interface
Added Room: Name=M1
Added Room: Name=M2
Added Room: Name=M3
Added Room: Name=M4
Added Room: Name=M5
Added Room: Name=M6
Added Room: Name=M7
Added Room: Name=M8
Added Room: Name=Micro
Added Room: Name=Power
