Removed Pin From Net: NetName=green Pin=Y1-58
Added Component: Designator=D2(LED0805)
Add component. Clean all parameters for all variants
Add component (AddParameter): Name = "Colour"; Value = "Red"; VariantName = "[No Variations]"
Add component (AddParameter): Name = "Created By"; Value = "Ashwin Sira"; VariantName = "[No Variations]"
Add component (AddParameter): Name = "Supplier 1"; Value = "Digi-Key"; VariantName = "[No Variations]"
Add component (AddParameter): Name = "Supplier Part Number 1"; Value = "732-4984-1-ND"; VariantName = "[No Variations]"
Added Component: Designator=D4(LED0805)
Add component. Clean all parameters for all variants
Add component (AddParameter): Name = "Colour"; Value = "Red"; VariantName = "[No Variations]"
Add component (AddParameter): Name = "Created By"; Value = "Ashwin Sira"; VariantName = "[No Variations]"
Add component (AddParameter): Name = "Supplier 1"; Value = "Digi-Key"; VariantName = "[No Variations]"
Add component (AddParameter): Name = "Supplier Part Number 1"; Value = "732-4984-1-ND"; VariantName = "[No Variations]"
Added Component: Designator=R23(RESC1608N(0603"))
Add component. Clean all parameters for all variants
Add component (AddParameter): Name = "Created By"; Value = "Ashwin Sira"; VariantName = "[No Variations]"
Add component (AddParameter): Name = "Date Created"; Value = "2016-06-10"; VariantName = "[No Variations]"
Add component (AddParameter): Name = "Publisher"; Value = "AUVic"; VariantName = "[No Variations]"
Add component (AddParameter): Name = "Supplier 1"; Value = "Digi-Key"; VariantName = "[No Variations]"
Add component (AddParameter): Name = "Supplier Part Number 1"; Value = "541-715HCT-ND"; VariantName = "[No Variations]"
Add component (AddParameter): Name = "Value"; Value = "715R"; VariantName = "[No Variations]"
Added Component: Designator=R24(RESC1608N(0603"))
Add component. Clean all parameters for all variants
Add component (AddParameter): Name = "Created By"; Value = "Ashwin Sira"; VariantName = "[No Variations]"
Add component (AddParameter): Name = "Date Created"; Value = "2016-06-10"; VariantName = "[No Variations]"
Add component (AddParameter): Name = "Publisher"; Value = "AUVic"; VariantName = "[No Variations]"
Add component (AddParameter): Name = "Supplier 1"; Value = "Digi-Key"; VariantName = "[No Variations]"
Add component (AddParameter): Name = "Supplier Part Number 1"; Value = "541-715HCT-ND"; VariantName = "[No Variations]"
Add component (AddParameter): Name = "Value"; Value = "715R"; VariantName = "[No Variations]"
Added Pin To Net: NetName=GND Pin=D2-1
Added Pin To Net: NetName=GND Pin=D4-1
Added Pin To Net: NetName=green Pin=Y1-22
Added Pin To Net: NetName=blue Pin=R24-2
Added Pin To Net: NetName=blue Pin=Y1-30
Added Net: Name=blue
Added Pin To Net: NetName=NetD2_2 Pin=D2-2
Added Pin To Net: NetName=NetD2_2 Pin=R23-1
Added Net: Name=NetD2_2
Added Pin To Net: NetName=NetD4_2 Pin=D4-2
Added Pin To Net: NetName=NetD4_2 Pin=R24-1
Added Net: Name=NetD4_2
Added Pin To Net: NetName=red Pin=R23-2
Added Pin To Net: NetName=red Pin=Y1-29
Added Net: Name=red
Added Member To Class: ClassName=Micro Member=Component D2 Red
Added Member To Class: ClassName=Micro Member=Component D4 Red
Added Member To Class: ClassName=Micro Member=Component R23 715R
Added Member To Class: ClassName=Micro Member=Component R24 715R
