Removed Pin From Net: NetName=3V3 Pin=R31-1
Removed Pin From Net: NetName=NetR31_2 Pin=R31-2
Removed Pin From Net: NetName=NetJ3_1 Pin=R32-1
Removed Pin From Net: NetName=NetR31_2 Pin=R32-2
Removed Member From Class: ClassName=ADC_Sensors Member=R31
Removed Member From Class: ClassName=ADC_Sensors Member=R32
Added Component: Designator=R25(RESC1608N(0603"))
Add component. Clean all parameters for all variants
Add component (AddParameter): Name = "Created On"; Value = "14-06-30"; VariantName = "[No Variations]"
Add component (AddParameter): Name = "Last Edited"; Value = "14-06-30"; VariantName = "[No Variations]"
Add component (AddParameter): Name = "Made By"; Value = "Andy Bates"; VariantName = "[No Variations]"
Add component (AddParameter): Name = "Owned By"; Value = "AUVic"; VariantName = "[No Variations]"
Add component (AddParameter): Name = "Supplier 1"; Value = "Digi-Key"; VariantName = "[No Variations]"
Add component (AddParameter): Name = "Supplier Part Number 1"; Value = "311-100KGRCT-ND"; VariantName = "[No Variations]"
Add component (AddParameter): Name = "Value"; Value = "100k"; VariantName = "[No Variations]"
Added Component: Designator=R29(RESC1608N(0603"))
Add component. Clean all parameters for all variants
Add component (AddParameter): Name = "Created On"; Value = "14-05-31"; VariantName = "[No Variations]"
Add component (AddParameter): Name = "Last Edited"; Value = "14-05-31"; VariantName = "[No Variations]"
Add component (AddParameter): Name = "Made By"; Value = "Ashwin Sira"; VariantName = "[No Variations]"
Add component (AddParameter): Name = "Owned By"; Value = "AUVic"; VariantName = "[No Variations]"
Add component (AddParameter): Name = "Supplier 1"; Value = "Digi-Key"; VariantName = "[No Variations]"
Add component (AddParameter): Name = "Supplier Part Number 1"; Value = "311-10.0KHRCT-ND"; VariantName = "[No Variations]"
Add component (AddParameter): Name = "Value"; Value = "10k"; VariantName = "[No Variations]"
Added Pin To Net: NetName=3V3 Pin=R25-1
Added Pin To Net: NetName=NetR31_2 Pin=R25-2
Added Pin To Net: NetName=NetR31_2 Pin=R29-1
Added Pin To Net: NetName=NetJ3_1 Pin=R29-2
Change Net Name : Old Net Name=NetR31_2 New Net Name=NetR25_2
Added Member To Class: ClassName=ADC_Sensors Member=Component R25 100k
Added Member To Class: ClassName=ADC_Sensors Member=Component R29 10k
